2024-09-27 03:37:16.607 [info] [Info  - 3:37:16 AM] (2410) Server root directory: file:///teamspace/studios/this_studio/.vscode-server/extensions/ms-python.vscode-pylance-2024.9.2/dist
2024-09-27 03:37:16.607 [info] [Info  - 3:37:16 AM] (2410) Pylance language server 2024.9.2 (pyright version 1.1.378, commit ce64adc1) starting
2024-09-27 03:37:16.607 [info] [Info  - 3:37:16 AM] (2410) Starting service instance "this_studio"
2024-09-27 03:37:16.640 [info] [Info  - 3:37:16 AM] (2410) Setting environmentName for service "this_studio": "3.10.10 (cloudspace conda)"
2024-09-27 03:37:16.641 [info] [Info  - 3:37:16 AM] (2410) Setting pythonPath for service "this_studio": "/home/zeus/miniconda3/envs/cloudspace/bin/python"
2024-09-27 03:37:16.641 [info] [Info  - 3:37:16 AM] (2410) No include entries specified; assuming /teamspace/studios/this_studio
2024-09-27 03:37:16.641 [info] [Info  - 3:37:16 AM] (2410) Auto-excluding **/node_modules
2024-09-27 03:37:16.642 [info] [Info  - 3:37:16 AM] (2410) Auto-excluding **/__pycache__
2024-09-27 03:37:16.642 [info] [Info  - 3:37:16 AM] (2410) Auto-excluding **/.*
2024-09-27 03:37:16.673 [info] [Info  - 3:37:16 AM] (2410) Assuming Python version 3.10.10.final.0
2024-09-27 03:37:16.901 [info] [Info  - 3:37:16 AM] (2410) Found 5 source files
2024-09-27 03:37:17.320 [info] [Info  - 3:37:17 AM] (2410) Background analysis(1) root directory: file:///teamspace/studios/this_studio/.vscode-server/extensions/ms-python.vscode-pylance-2024.9.2/dist
2024-09-27 03:37:17.321 [info] [Info  - 3:37:17 AM] (2410) Background analysis(1) started
2024-09-27 03:37:17.460 [info] [Info  - 3:37:17 AM] (2410) Indexer background runner(2) root directory: file:///teamspace/studios/this_studio/.vscode-server/extensions/ms-python.vscode-pylance-2024.9.2/dist (index)
2024-09-27 03:37:17.460 [info] [Info  - 3:37:17 AM] (2410) Indexing(2) started
2024-09-27 03:37:19.032 [info] [Info  - 3:37:19 AM] (2410) scanned(2) 377 files over 1 exec env
2024-09-27 03:37:20.186 [info] [Info  - 3:37:20 AM] (2410) indexed(2) 309 files over 1 exec env
2024-09-27 03:37:20.388 [info] [Info  - 3:37:20 AM] (2410) Indexing finished(2).
2024-09-27 03:37:20.851 [info] [Info  - 3:37:20 AM] (2410) [BG(1)] Long operation: SemanticTokens full at file:///teamspace/studios/this_studio/app.py (2026ms)
2024-09-27 03:37:27.072 [info] (Client) The existing extension didn't exit within 10 seconds. New instance will start, but you might encounter issues.
2024-09-27 03:37:27.072 [info] (Client) Pylance async client (2024.9.2) started with python extension (2024.14.1)
