2024-09-26 17:18:45.639 [info] Experiment 'pythonRecommendTensorboardExt' is active
2024-09-26 17:18:45.639 [info] Experiment 'pythonTerminalEnvVarActivation' is active
2024-09-26 17:18:45.639 [info] Experiment 'pythonTestAdapter' is active
2024-09-26 17:18:45.639 [warning] Dir "/teamspace/studios/this_studio/.pixi/envs" is not watchable (directory does not exist)
2024-09-26 17:18:45.639 [info] Default formatter is set to null for workspace /teamspace/studios/this_studio
2024-09-26 17:18:45.639 [info] Python interpreter path: /home/zeus/miniconda3/envs/cloudspace/bin/python
2024-09-26 17:18:46.194 [info] > pyenv which python
2024-09-26 17:18:46.194 [info] cwd: .
2024-09-26 17:18:50.230 [info] Send text to terminal: /home/zeus/miniconda3/envs/cloudspace/bin/python /teamspace/studios/this_studio/app.py
2024-09-26 17:18:50.744 [info] CreateEnv Trigger - Skipping for /teamspace/studios/this_studio/app.py
2024-09-26 17:18:58.950 [info] Starting Pylance language server.
2024-09-26 17:18:58.956 [info] > conda info --json
2024-09-26 17:23:10.387 [info] Discover tests for workspace name: this_studio - uri: /teamspace/studios/this_studio/data_loader.py
2024-09-26 17:23:25.103 [info] Discover tests for workspace name: this_studio - uri: /teamspace/studios/this_studio/data_loader.py
2024-09-26 17:46:57.104 [info] Discover tests for workspace name: this_studio - uri: /teamspace/studios/this_studio/app.py
2024-09-26 17:47:09.582 [info] Discover tests for workspace name: this_studio - uri: /teamspace/studios/this_studio/app.py
2024-09-26 17:52:50.898 [info] Discover tests for workspace name: this_studio - uri: /teamspace/studios/this_studio/app.py
2024-09-26 18:14:05.248 [info] Discover tests for workspace name: this_studio - uri: /teamspace/studios/this_studio/app.py
2024-09-26 18:14:10.601 [info] Discover tests for workspace name: this_studio - uri: /teamspace/studios/this_studio/app.py
2024-09-26 18:18:14.109 [info] Discover tests for workspace name: this_studio - uri: /teamspace/studios/this_studio/data_loader.py
2024-09-26 18:19:57.452 [info] Discover tests for workspace name: this_studio - uri: /teamspace/studios/this_studio/models.py
