2024-09-26 17:18:45.640 [info] Starting Python Locator /teamspace/studios/this_studio/.vscode-server/extensions/ms-python.python-2024.14.1-linux-x64/python-env-tools/bin/pet server
2024-09-26 17:18:45.640 [info] Discovered manager: (Poetry) /commands/poetry
2024-09-26 17:18:45.640 [info] Discovered env: /bin/python3
2024-09-26 17:18:45.640 [info] Discovered manager: (Conda) /home/zeus/miniconda3/bin/conda
2024-09-26 17:18:45.640 [info] Discovered env: /home/zeus/miniconda3/envs/cloudspace/bin/python
2024-09-26 17:18:45.640 [info] Discovered env: /usr/bin/python3
2024-09-26 17:18:45.640 [info] Locator Conda took 99.191215ms
2024-09-26 17:18:45.640 [info] Locator Homebrew took 204.421µs
2024-09-26 17:18:45.640 [info] Locator LinuxGlobal took 94.229192ms
2024-09-26 17:18:45.640 [info] Locator PipEnv took 8.428µs
2024-09-26 17:18:45.640 [info] Locator Poetry took 9.132019ms
2024-09-26 17:18:45.640 [info] Locator PyEnv took 547.361µs
2024-09-26 17:18:45.640 [info] Locator Venv took 8.241µs
2024-09-26 17:18:45.640 [info] Locator VirtualEnv took 10.52µs
2024-09-26 17:18:45.640 [info] Locator VirtualEnvWrapper took 9.084µs
2024-09-26 17:18:45.640 [info] Locator GlobalVirtualEnvs took 19.636579ms
2024-09-26 17:18:45.640 [info] Locator Locators took 99.798622ms
2024-09-26 17:18:45.640 [info] Locator Path took 176.070497ms
2024-09-26 17:18:45.640 [info] Locator Workspaces took 151.681132ms
2024-09-26 17:18:45.640 [info] Refresh completed in 176ms
