2024-09-26 15:44:56.826 [info] Experiment 'pythonRecommendTensorboardExt' is active
2024-09-26 15:44:56.826 [info] Experiment 'pythonTerminalEnvVarActivation' is active
2024-09-26 15:44:56.826 [info] Experiment 'pythonTestAdapter' is active
2024-09-26 15:44:56.826 [warning] Dir "/teamspace/studios/this_studio/.pixi/envs" is not watchable (directory does not exist)
2024-09-26 15:44:56.953 [info] Default formatter is set to null for workspace /teamspace/studios/this_studio
2024-09-26 15:44:57.287 [info] Python interpreter path: /home/zeus/miniconda3/envs/cloudspace/bin/python
2024-09-26 15:44:57.749 [info] > pyenv which python
2024-09-26 15:44:57.749 [info] cwd: .
2024-09-26 15:45:07.034 [info] Send text to terminal: /home/zeus/miniconda3/envs/cloudspace/bin/python /teamspace/studios/this_studio/app.py
2024-09-26 15:45:07.467 [info] CreateEnv Trigger - Skipping for /teamspace/studios/this_studio/app.py
2024-09-26 15:45:09.226 [info] Starting Pylance language server.
2024-09-26 15:45:09.233 [info] > conda info --json
2024-09-26 15:48:12.995 [info] Discover tests for workspace name: this_studio - uri: /teamspace/studios/this_studio/app.py
2024-09-26 15:50:01.587 [info] Discover tests for workspace name: this_studio - uri: /teamspace/studios/this_studio/app.py
2024-09-26 15:51:40.341 [info] Discover tests for workspace name: this_studio - uri: /teamspace/studios/this_studio/app.py
2024-09-26 15:52:34.232 [info] Discover tests for workspace name: this_studio - uri: /teamspace/studios/this_studio/app.py
2024-09-26 15:52:42.251 [info] Discover tests for workspace name: this_studio - uri: /teamspace/studios/this_studio/app.py
2024-09-26 15:54:44.532 [info] Discover tests for workspace name: this_studio - uri: /teamspace/studios/this_studio/app.py
2024-09-26 16:04:04.092 [info] Discover tests for workspace name: this_studio - uri: /teamspace/studios/this_studio/app.py
2024-09-26 16:05:46.858 [info] Discover tests for workspace name: this_studio - uri: /teamspace/studios/this_studio/app.py
2024-09-26 16:09:45.975 [info] Discover tests for workspace name: this_studio - uri: /teamspace/studios/this_studio/app.py
2024-09-26 16:12:10.503 [info] Discover tests for workspace name: undefined - uri: c:/Users/Admin/AppData/Roaming/Code/User/settings.json
2024-09-26 16:12:57.232 [info] Discover tests for workspace name: this_studio - uri: /teamspace/studios/this_studio/app.py
2024-09-26 16:36:39.180 [info] Discover tests for workspace name: this_studio - uri: /teamspace/studios/this_studio/data_loader.py
2024-09-26 16:37:33.033 [info] Discover tests for workspace name: this_studio - uri: /teamspace/studios/this_studio/data_loader.py
2024-09-26 16:39:21.061 [info] Discover tests for workspace name: this_studio - uri: /teamspace/studios/this_studio/data_loader.py
2024-09-26 16:42:17.825 [info] Discover tests for workspace name: this_studio - uri: /teamspace/studios/this_studio/data_loader.py
2024-09-26 16:43:48.643 [info] Discover tests for workspace name: this_studio - uri: /teamspace/studios/this_studio/data_loader.py
2024-09-26 16:48:04.848 [info] Discover tests for workspace name: this_studio - uri: /teamspace/studios/this_studio/data_loader.py
2024-09-26 16:48:11.364 [info] Discover tests for workspace name: this_studio - uri: /teamspace/studios/this_studio/data_loader.py
2024-09-26 16:48:51.412 [info] Discover tests for workspace name: this_studio - uri: /teamspace/studios/this_studio/app.py
2024-09-26 16:49:04.287 [info] Discover tests for workspace name: this_studio - uri: /teamspace/studios/this_studio/data_loader.py
2024-09-26 16:51:10.105 [info] Discover tests for workspace name: this_studio - uri: /teamspace/studios/this_studio/app.py
2024-09-26 16:52:09.939 [info] Discover tests for workspace name: this_studio - uri: /teamspace/studios/this_studio/app.py
2024-09-26 16:52:25.223 [info] Discover tests for workspace name: this_studio - uri: /teamspace/studios/this_studio/data_loader.py
2024-09-26 16:55:55.234 [info] Discover tests for workspace name: this_studio - uri: /teamspace/studios/this_studio/data_loader.py
2024-09-26 16:56:18.479 [info] Discover tests for workspace name: this_studio - uri: /teamspace/studios/this_studio/app.py
2024-09-26 16:57:34.382 [info] Discover tests for workspace name: this_studio - uri: /teamspace/studios/this_studio/data_loader.py
2024-09-26 16:57:38.544 [info] Discover tests for workspace name: this_studio - uri: /teamspace/studios/this_studio/data_loader.py
2024-09-26 16:58:18.039 [info] Discover tests for workspace name: this_studio - uri: /teamspace/studios/this_studio/app.py
2024-09-26 16:58:36.454 [info] Discover tests for workspace name: this_studio - uri: /teamspace/studios/this_studio/app.py
2024-09-26 16:58:39.995 [info] Discover tests for workspace name: this_studio - uri: /teamspace/studios/this_studio/app.py
2024-09-26 16:58:46.498 [info] Discover tests for workspace name: this_studio - uri: /teamspace/studios/this_studio/app.py
2024-09-26 16:59:21.146 [info] Discover tests for workspace name: undefined - uri: c:/Users/Admin/AppData/Roaming/Code/User/settings.json
2024-09-26 16:59:23.834 [info] Discover tests for workspace name: undefined - uri: c:/Users/Admin/AppData/Roaming/Code/User/settings.json
2024-09-26 17:00:08.429 [info] Discover tests for workspace name: this_studio - uri: /teamspace/studios/this_studio/app.py
2024-09-26 17:07:42.271 [info] Discover tests for workspace name: this_studio - uri: /teamspace/studios/this_studio/app.py
2024-09-26 17:07:54.019 [info] Discover tests for workspace name: this_studio - uri: /teamspace/studios/this_studio/data_loader.py
2024-09-26 17:09:17.792 [info] Discover tests for workspace name: this_studio - uri: /teamspace/studios/this_studio/data_loader.py
2024-09-26 17:09:51.951 [info] Discover tests for workspace name: this_studio - uri: /teamspace/studios/this_studio/model.py
2024-09-26 17:10:45.860 [info] Discover tests for workspace name: this_studio - uri: /teamspace/studios/this_studio/model.py
2024-09-26 17:11:58.779 [info] Discover tests for workspace name: this_studio - uri: /teamspace/studios/this_studio/app.py
2024-09-26 17:13:18.745 [info] Discover tests for workspace name: this_studio - uri: /teamspace/studios/this_studio/app.py
2024-09-26 17:13:58.882 [info] Discover tests for workspace name: this_studio - uri: /teamspace/studios/this_studio/app.py
2024-09-26 17:14:05.615 [info] Discover tests for workspace name: this_studio - uri: /teamspace/studios/this_studio/models.py
2024-09-26 17:14:18.429 [info] Discover tests for workspace name: this_studio - uri: /teamspace/studios/this_studio/data_loader.py
