2024-10-02 17:26:12.275 [info] [main] Log level: Info
2024-10-02 17:26:12.275 [info] [main] Validating found git in: "git"
2024-10-02 17:26:12.275 [info] [main] Using git "2.42.0" from "git"
2024-10-02 17:26:12.275 [info] [Model][doInitialScan] Initial repository scan started
2024-10-02 17:26:12.275 [info] > git rev-parse --show-toplevel [5ms]
2024-10-02 17:26:12.275 [info] > git rev-parse --git-dir --git-common-dir [3ms]
2024-10-02 17:26:12.275 [info] [Model][openRepository] Opened repository: /teamspace/studios/this_studio
2024-10-02 17:26:12.275 [info] > git config --get commit.template [5ms]
2024-10-02 17:26:12.275 [info] > git for-each-ref --format=%(refname)%00%(upstream:short)%00%(objectname)%00%(upstream:track)%00%(upstream:remotename)%00%(upstream:remoteref) refs/heads/main refs/remotes/main [13ms]
2024-10-02 17:26:12.275 [info] > git rev-parse --show-toplevel [2ms]
2024-10-02 17:26:12.275 [info] > git rev-parse --show-toplevel [4ms]
2024-10-02 17:26:12.275 [info] > git rev-parse --show-toplevel [2ms]
2024-10-02 17:26:12.275 [info] > git rev-parse --show-toplevel [4ms]
2024-10-02 17:26:12.275 [info] > git rev-parse --show-toplevel [3ms]
2024-10-02 17:26:12.275 [info] > git rev-parse --show-toplevel [3ms]
2024-10-02 17:26:12.275 [info] > git rev-parse --show-toplevel [9ms]
2024-10-02 17:26:12.275 [info] > git rev-parse --show-toplevel [12ms]
2024-10-02 17:26:12.275 [info] > git rev-parse --show-toplevel [23ms]
2024-10-02 17:26:12.275 [info] [Model][doInitialScan] Initial repository scan completed - repositories (1), closed repositories (0), parent repositories (0), unsafe repositories (0)
2024-10-02 17:26:12.921 [info] > git check-ignore -v -z --stdin [7ms]
2024-10-02 17:26:13.991 [info] > git status -z -uall [1842ms]
2024-10-02 17:26:14.008 [info] > git for-each-ref --format=%(refname)%00%(upstream:short)%00%(objectname)%00%(upstream:track)%00%(upstream:remotename)%00%(upstream:remoteref) refs/heads/main refs/remotes/main [13ms]
2024-10-02 17:26:14.011 [info] > git config --get commit.template [6ms]
2024-10-02 17:26:14.013 [info] > git config --local branch.main.vscode-merge-base [3ms]
2024-10-02 17:26:14.013 [warning] [Git][config] git config failed: Failed to execute git
2024-10-02 17:26:14.017 [info] > git for-each-ref --format=%(refname)%00%(upstream:short)%00%(objectname)%00%(upstream:track)%00%(upstream:remotename)%00%(upstream:remoteref) refs/heads/main refs/remotes/main [4ms]
2024-10-02 17:26:14.020 [info] > git reflog main --grep-reflog=branch: Created from *. [5ms]
2024-10-02 17:26:14.028 [info] > git symbolic-ref --short refs/remotes/origin/HEAD [7ms]
2024-10-02 17:26:14.028 [info] fatal: ref refs/remotes/origin/HEAD is not a symbolic ref
2024-10-02 17:26:14.037 [info] > git merge-base refs/heads/main refs/remotes/origin/main [3ms]
2024-10-02 17:26:14.043 [info] > git rev-list --count --left-right refs/heads/main...refs/remotes/origin/main [3ms]
2024-10-02 17:26:14.047 [info] > git diff --name-status -z --diff-filter=ADMR 9ea988c0d08f1c053e04c7fc30bc9ba04ca1ab48...refs/remotes/origin/main [3ms]
2024-10-02 17:26:15.922 [info] > git status -z -uall [1903ms]
2024-10-02 17:26:15.934 [info] > git for-each-ref --format=%(refname)%00%(upstream:short)%00%(objectname)%00%(upstream:track)%00%(upstream:remotename)%00%(upstream:remoteref) refs/heads/main refs/remotes/main [7ms]
2024-10-02 17:26:15.939 [info] > git config --local branch.main.vscode-merge-base [3ms]
2024-10-02 17:26:15.939 [warning] [Git][config] git config failed: Failed to execute git
2024-10-02 17:26:15.945 [info] > git reflog main --grep-reflog=branch: Created from *. [4ms]
2024-10-02 17:26:15.950 [info] > git symbolic-ref --short refs/remotes/origin/HEAD [3ms]
2024-10-02 17:26:15.950 [info] fatal: ref refs/remotes/origin/HEAD is not a symbolic ref
2024-10-02 17:26:59.347 [info] > git config --get commit.template [3ms]
2024-10-02 17:26:59.351 [info] > git for-each-ref --format=%(refname)%00%(upstream:short)%00%(objectname)%00%(upstream:track)%00%(upstream:remotename)%00%(upstream:remoteref) refs/heads/main refs/remotes/main [5ms]
2024-10-02 17:26:59.448 [info] > git fetch [108ms]
2024-10-02 17:26:59.459 [info] > git status -z -uall [105ms] (cancelled)
2024-10-02 17:26:59.466 [info] > git config --get commit.template [7ms]
2024-10-02 17:26:59.480 [info] > git for-each-ref --format=%(refname)%00%(upstream:short)%00%(objectname)%00%(upstream:track)%00%(upstream:remotename)%00%(upstream:remoteref) refs/heads/main refs/remotes/main [15ms]
2024-10-02 17:27:02.243 [info] > git status -z -uall [2760ms]
2024-10-02 17:27:02.269 [info] > git for-each-ref --format=%(refname)%00%(upstream:short)%00%(objectname)%00%(upstream:track)%00%(upstream:remotename)%00%(upstream:remoteref) refs/heads/main refs/remotes/main [21ms]
2024-10-02 17:27:02.276 [info] > git config --local branch.main.vscode-merge-base [4ms]
2024-10-02 17:27:02.276 [warning] [Git][config] git config failed: Failed to execute git
2024-10-02 17:27:02.286 [info] > git reflog main --grep-reflog=branch: Created from *. [6ms]
2024-10-02 17:27:02.290 [info] > git symbolic-ref --short refs/remotes/origin/HEAD [2ms]
2024-10-02 17:27:02.290 [info] fatal: ref refs/remotes/origin/HEAD is not a symbolic ref
2024-10-02 17:27:26.735 [info] > git config --get commit.template [4ms]
2024-10-02 17:27:26.739 [info] > git for-each-ref --format=%(refname)%00%(upstream:short)%00%(objectname)%00%(upstream:track)%00%(upstream:remotename)%00%(upstream:remoteref) refs/heads/main refs/remotes/main [5ms]
2024-10-02 17:27:28.045 [info] > git status -z -uall [1303ms]
2024-10-02 17:27:28.052 [info] > git for-each-ref --format=%(refname)%00%(upstream:short)%00%(objectname)%00%(upstream:track)%00%(upstream:remotename)%00%(upstream:remoteref) refs/heads/main refs/remotes/main [4ms]
2024-10-02 17:27:28.056 [info] > git config --local branch.main.vscode-merge-base [2ms]
2024-10-02 17:27:28.056 [warning] [Git][config] git config failed: Failed to execute git
2024-10-02 17:27:28.061 [info] > git reflog main --grep-reflog=branch: Created from *. [3ms]
2024-10-02 17:27:28.065 [info] > git symbolic-ref --short refs/remotes/origin/HEAD [2ms]
2024-10-02 17:27:28.065 [info] fatal: ref refs/remotes/origin/HEAD is not a symbolic ref
2024-10-02 17:27:33.056 [info] > git config --get commit.template [2ms]
2024-10-02 17:27:33.059 [info] > git for-each-ref --format=%(refname)%00%(upstream:short)%00%(objectname)%00%(upstream:track)%00%(upstream:remotename)%00%(upstream:remoteref) refs/heads/main refs/remotes/main [4ms]
2024-10-02 17:27:34.320 [info] > git status -z -uall [1258ms]
2024-10-02 17:27:34.327 [info] > git for-each-ref --format=%(refname)%00%(upstream:short)%00%(objectname)%00%(upstream:track)%00%(upstream:remotename)%00%(upstream:remoteref) refs/heads/main refs/remotes/main [4ms]
2024-10-02 17:27:34.331 [info] > git config --local branch.main.vscode-merge-base [2ms]
2024-10-02 17:27:34.331 [warning] [Git][config] git config failed: Failed to execute git
2024-10-02 17:27:34.335 [info] > git reflog main --grep-reflog=branch: Created from *. [2ms]
2024-10-02 17:27:34.339 [info] > git symbolic-ref --short refs/remotes/origin/HEAD [2ms]
2024-10-02 17:27:34.339 [info] fatal: ref refs/remotes/origin/HEAD is not a symbolic ref
2024-10-02 17:27:37.534 [info] > git check-ignore -v -z --stdin [5ms]
2024-10-02 17:27:39.332 [info] > git config --get commit.template [2ms]
2024-10-02 17:27:39.336 [info] > git for-each-ref --format=%(refname)%00%(upstream:short)%00%(objectname)%00%(upstream:track)%00%(upstream:remotename)%00%(upstream:remoteref) refs/heads/main refs/remotes/main [4ms]
2024-10-02 17:27:40.752 [info] > git status -z -uall [1414ms]
2024-10-02 17:27:40.759 [info] > git for-each-ref --format=%(refname)%00%(upstream:short)%00%(objectname)%00%(upstream:track)%00%(upstream:remotename)%00%(upstream:remoteref) refs/heads/main refs/remotes/main [4ms]
2024-10-02 17:27:40.763 [info] > git config --local branch.main.vscode-merge-base [2ms]
2024-10-02 17:27:40.763 [warning] [Git][config] git config failed: Failed to execute git
2024-10-02 17:27:40.768 [info] > git reflog main --grep-reflog=branch: Created from *. [3ms]
2024-10-02 17:27:40.772 [info] > git symbolic-ref --short refs/remotes/origin/HEAD [2ms]
2024-10-02 17:27:40.772 [info] fatal: ref refs/remotes/origin/HEAD is not a symbolic ref
2024-10-02 17:27:43.102 [info] > git check-ignore -v -z --stdin [7ms]
2024-10-02 17:27:45.764 [info] > git config --get commit.template [2ms]
2024-10-02 17:27:45.767 [info] > git for-each-ref --format=%(refname)%00%(upstream:short)%00%(objectname)%00%(upstream:track)%00%(upstream:remotename)%00%(upstream:remoteref) refs/heads/main refs/remotes/main [4ms]
2024-10-02 17:27:47.220 [info] > git status -z -uall [1451ms]
2024-10-02 17:27:47.228 [info] > git for-each-ref --format=%(refname)%00%(upstream:short)%00%(objectname)%00%(upstream:track)%00%(upstream:remotename)%00%(upstream:remoteref) refs/heads/main refs/remotes/main [3ms]
2024-10-02 17:27:47.232 [info] > git config --local branch.main.vscode-merge-base [2ms]
2024-10-02 17:27:47.232 [warning] [Git][config] git config failed: Failed to execute git
2024-10-02 17:27:47.238 [info] > git reflog main --grep-reflog=branch: Created from *. [4ms]
2024-10-02 17:27:47.243 [info] > git symbolic-ref --short refs/remotes/origin/HEAD [3ms]
2024-10-02 17:27:47.243 [info] fatal: ref refs/remotes/origin/HEAD is not a symbolic ref
2024-10-02 17:27:52.251 [info] > git for-each-ref --format=%(refname)%00%(upstream:short)%00%(objectname)%00%(upstream:track)%00%(upstream:remotename)%00%(upstream:remoteref) refs/heads/main refs/remotes/main [3ms]
2024-10-02 17:27:52.258 [info] > git config --get commit.template [12ms]
2024-10-02 17:27:54.525 [info] > git status -z -uall [2266ms]
2024-10-02 17:27:54.539 [info] > git for-each-ref --format=%(refname)%00%(upstream:short)%00%(objectname)%00%(upstream:track)%00%(upstream:remotename)%00%(upstream:remoteref) refs/heads/main refs/remotes/main [10ms]
2024-10-02 17:27:54.545 [info] > git config --local branch.main.vscode-merge-base [2ms]
2024-10-02 17:27:54.545 [warning] [Git][config] git config failed: Failed to execute git
2024-10-02 17:27:54.552 [info] > git reflog main --grep-reflog=branch: Created from *. [5ms]
2024-10-02 17:27:54.556 [info] > git symbolic-ref --short refs/remotes/origin/HEAD [2ms]
2024-10-02 17:27:54.556 [info] fatal: ref refs/remotes/origin/HEAD is not a symbolic ref
2024-10-02 17:27:56.054 [info] > git check-ignore -v -z --stdin [5ms]
2024-10-02 17:27:59.538 [info] > git config --get commit.template [2ms]
2024-10-02 17:27:59.564 [info] > git for-each-ref --format=%(refname)%00%(upstream:short)%00%(objectname)%00%(upstream:track)%00%(upstream:remotename)%00%(upstream:remoteref) refs/heads/main refs/remotes/main [27ms]
2024-10-02 17:28:01.566 [info] > git check-ignore -v -z --stdin [6ms]
2024-10-02 17:28:01.964 [info] > git status -z -uall [2397ms]
2024-10-02 17:28:01.975 [info] > git for-each-ref --format=%(refname)%00%(upstream:short)%00%(objectname)%00%(upstream:track)%00%(upstream:remotename)%00%(upstream:remoteref) refs/heads/main refs/remotes/main [7ms]
2024-10-02 17:28:01.980 [info] > git config --local branch.main.vscode-merge-base [2ms]
2024-10-02 17:28:01.980 [warning] [Git][config] git config failed: Failed to execute git
2024-10-02 17:28:02.009 [info] > git reflog main --grep-reflog=branch: Created from *. [26ms]
2024-10-02 17:28:02.014 [info] > git symbolic-ref --short refs/remotes/origin/HEAD [3ms]
2024-10-02 17:28:02.014 [info] fatal: ref refs/remotes/origin/HEAD is not a symbolic ref
2024-10-02 17:28:06.977 [info] > git config --get commit.template [4ms]
2024-10-02 17:28:07.011 [info] > git for-each-ref --format=%(refname)%00%(upstream:short)%00%(objectname)%00%(upstream:track)%00%(upstream:remotename)%00%(upstream:remoteref) refs/heads/main refs/remotes/main [31ms]
2024-10-02 17:28:08.730 [info] > git status -z -uall [1715ms]
2024-10-02 17:28:08.739 [info] > git for-each-ref --format=%(refname)%00%(upstream:short)%00%(objectname)%00%(upstream:track)%00%(upstream:remotename)%00%(upstream:remoteref) refs/heads/main refs/remotes/main [5ms]
2024-10-02 17:28:08.743 [info] > git config --local branch.main.vscode-merge-base [2ms]
2024-10-02 17:28:08.743 [warning] [Git][config] git config failed: Failed to execute git
2024-10-02 17:28:08.748 [info] > git reflog main --grep-reflog=branch: Created from *. [3ms]
2024-10-02 17:28:08.751 [info] > git symbolic-ref --short refs/remotes/origin/HEAD [2ms]
2024-10-02 17:28:08.751 [info] fatal: ref refs/remotes/origin/HEAD is not a symbolic ref
2024-10-02 17:28:10.862 [info] > git show --textconv :app.py [19ms]
2024-10-02 17:28:10.865 [info] > git ls-files --stage -- /teamspace/studios/this_studio/app.py [14ms]
2024-10-02 17:28:10.890 [info] > git cat-file -s 7583cd5201ca6eef8cede1e6664eda579f3ad2cf [22ms]
2024-10-02 17:28:13.747 [info] > git config --get commit.template [8ms]
2024-10-02 17:28:13.749 [info] > git for-each-ref --format=%(refname)%00%(upstream:short)%00%(objectname)%00%(upstream:track)%00%(upstream:remotename)%00%(upstream:remoteref) refs/heads/main refs/remotes/main [6ms]
2024-10-02 17:28:15.087 [info] > git check-ignore -v -z --stdin [20ms]
2024-10-02 17:28:17.656 [info] > git status -z -uall [3904ms]
2024-10-02 17:28:17.674 [info] > git for-each-ref --format=%(refname)%00%(upstream:short)%00%(objectname)%00%(upstream:track)%00%(upstream:remotename)%00%(upstream:remoteref) refs/heads/main refs/remotes/main [12ms]
2024-10-02 17:28:17.684 [info] > git config --local branch.main.vscode-merge-base [6ms]
2024-10-02 17:28:17.684 [warning] [Git][config] git config failed: Failed to execute git
2024-10-02 17:28:17.691 [info] > git reflog main --grep-reflog=branch: Created from *. [4ms]
2024-10-02 17:28:17.696 [info] > git symbolic-ref --short refs/remotes/origin/HEAD [2ms]
2024-10-02 17:28:17.696 [info] fatal: ref refs/remotes/origin/HEAD is not a symbolic ref
2024-10-02 17:28:18.811 [info] > git check-ignore -v -z --stdin [9ms]
2024-10-02 17:28:21.855 [info] > git check-ignore -v -z --stdin [11ms]
2024-10-02 17:28:22.672 [info] > git config --get commit.template [3ms]
2024-10-02 17:28:22.712 [info] > git for-each-ref --format=%(refname)%00%(upstream:short)%00%(objectname)%00%(upstream:track)%00%(upstream:remotename)%00%(upstream:remoteref) refs/heads/main refs/remotes/main [40ms]
2024-10-02 17:28:24.186 [info] > git status -z -uall [1471ms]
2024-10-02 17:28:24.192 [info] > git for-each-ref --format=%(refname)%00%(upstream:short)%00%(objectname)%00%(upstream:track)%00%(upstream:remotename)%00%(upstream:remoteref) refs/heads/main refs/remotes/main [3ms]
2024-10-02 17:28:24.196 [info] > git config --local branch.main.vscode-merge-base [2ms]
2024-10-02 17:28:24.196 [warning] [Git][config] git config failed: Failed to execute git
2024-10-02 17:28:24.201 [info] > git reflog main --grep-reflog=branch: Created from *. [3ms]
2024-10-02 17:28:24.205 [info] > git symbolic-ref --short refs/remotes/origin/HEAD [2ms]
2024-10-02 17:28:24.205 [info] fatal: ref refs/remotes/origin/HEAD is not a symbolic ref
2024-10-02 17:28:25.102 [info] > git check-ignore -v -z --stdin [6ms]
2024-10-02 17:28:28.761 [info] > git check-ignore -v -z --stdin [11ms]
2024-10-02 17:28:29.197 [info] > git config --get commit.template [3ms]
2024-10-02 17:28:29.201 [info] > git for-each-ref --format=%(refname)%00%(upstream:short)%00%(objectname)%00%(upstream:track)%00%(upstream:remotename)%00%(upstream:remoteref) refs/heads/main refs/remotes/main [3ms]
2024-10-02 17:28:31.741 [info] > git status -z -uall [2538ms]
2024-10-02 17:28:31.764 [info] > git for-each-ref --format=%(refname)%00%(upstream:short)%00%(objectname)%00%(upstream:track)%00%(upstream:remotename)%00%(upstream:remoteref) refs/heads/main refs/remotes/main [18ms]
2024-10-02 17:28:31.770 [info] > git config --local branch.main.vscode-merge-base [3ms]
2024-10-02 17:28:31.770 [warning] [Git][config] git config failed: Failed to execute git
2024-10-02 17:28:31.780 [info] > git reflog main --grep-reflog=branch: Created from *. [6ms]
2024-10-02 17:28:31.784 [info] > git symbolic-ref --short refs/remotes/origin/HEAD [3ms]
2024-10-02 17:28:31.784 [info] fatal: ref refs/remotes/origin/HEAD is not a symbolic ref
2024-10-02 17:28:34.617 [info] > git check-ignore -v -z --stdin [10ms]
2024-10-02 17:28:36.757 [info] > git config --get commit.template [5ms]
2024-10-02 17:28:36.758 [info] > git for-each-ref --format=%(refname)%00%(upstream:short)%00%(objectname)%00%(upstream:track)%00%(upstream:remotename)%00%(upstream:remoteref) refs/heads/main refs/remotes/main [3ms]
2024-10-02 17:28:36.797 [info] > git check-ignore -v -z --stdin [21ms]
2024-10-02 17:28:38.568 [info] > git status -z -uall [1808ms]
2024-10-02 17:28:38.574 [info] > git for-each-ref --format=%(refname)%00%(upstream:short)%00%(objectname)%00%(upstream:track)%00%(upstream:remotename)%00%(upstream:remoteref) refs/heads/main refs/remotes/main [3ms]
2024-10-02 17:28:38.579 [info] > git config --local branch.main.vscode-merge-base [2ms]
2024-10-02 17:28:38.579 [warning] [Git][config] git config failed: Failed to execute git
2024-10-02 17:28:38.584 [info] > git reflog main --grep-reflog=branch: Created from *. [4ms]
2024-10-02 17:28:38.588 [info] > git symbolic-ref --short refs/remotes/origin/HEAD [2ms]
2024-10-02 17:28:38.588 [info] fatal: ref refs/remotes/origin/HEAD is not a symbolic ref
2024-10-02 17:28:43.759 [info] > git config --get commit.template [3ms]
2024-10-02 17:28:43.762 [info] > git for-each-ref --format=%(refname)%00%(upstream:short)%00%(objectname)%00%(upstream:track)%00%(upstream:remotename)%00%(upstream:remoteref) refs/heads/main refs/remotes/main [3ms]
2024-10-02 17:28:45.048 [info] > git status -z -uall [1282ms]
2024-10-02 17:28:45.055 [info] > git for-each-ref --format=%(refname)%00%(upstream:short)%00%(objectname)%00%(upstream:track)%00%(upstream:remotename)%00%(upstream:remoteref) refs/heads/main refs/remotes/main [3ms]
2024-10-02 17:28:45.059 [info] > git config --local branch.main.vscode-merge-base [2ms]
2024-10-02 17:28:45.059 [warning] [Git][config] git config failed: Failed to execute git
2024-10-02 17:28:45.065 [info] > git reflog main --grep-reflog=branch: Created from *. [3ms]
2024-10-02 17:28:45.070 [info] > git symbolic-ref --short refs/remotes/origin/HEAD [1ms]
2024-10-02 17:28:45.070 [info] fatal: ref refs/remotes/origin/HEAD is not a symbolic ref
2024-10-02 17:28:50.061 [info] > git config --get commit.template [4ms]
2024-10-02 17:28:50.071 [info] > git for-each-ref --format=%(refname)%00%(upstream:short)%00%(objectname)%00%(upstream:track)%00%(upstream:remotename)%00%(upstream:remoteref) refs/heads/main refs/remotes/main [10ms]
2024-10-02 17:28:53.130 [info] > git status -z -uall [3056ms]
2024-10-02 17:28:53.140 [info] > git for-each-ref --format=%(refname)%00%(upstream:short)%00%(objectname)%00%(upstream:track)%00%(upstream:remotename)%00%(upstream:remoteref) refs/heads/main refs/remotes/main [5ms]
2024-10-02 17:28:53.145 [info] > git config --local branch.main.vscode-merge-base [1ms]
2024-10-02 17:28:53.146 [warning] [Git][config] git config failed: Failed to execute git
2024-10-02 17:28:53.153 [info] > git reflog main --grep-reflog=branch: Created from *. [5ms]
2024-10-02 17:28:53.158 [info] > git symbolic-ref --short refs/remotes/origin/HEAD [3ms]
2024-10-02 17:28:53.158 [info] fatal: ref refs/remotes/origin/HEAD is not a symbolic ref
2024-10-02 17:28:58.143 [info] > git config --get commit.template [4ms]
2024-10-02 17:28:58.145 [info] > git for-each-ref --format=%(refname)%00%(upstream:short)%00%(objectname)%00%(upstream:track)%00%(upstream:remotename)%00%(upstream:remoteref) refs/heads/main refs/remotes/main [4ms]
2024-10-02 17:28:59.401 [info] > git status -z -uall [1253ms]
2024-10-02 17:28:59.413 [info] > git for-each-ref --format=%(refname)%00%(upstream:short)%00%(objectname)%00%(upstream:track)%00%(upstream:remotename)%00%(upstream:remoteref) refs/heads/main refs/remotes/main [7ms]
2024-10-02 17:28:59.419 [info] > git config --local branch.main.vscode-merge-base [2ms]
2024-10-02 17:28:59.419 [warning] [Git][config] git config failed: Failed to execute git
2024-10-02 17:28:59.431 [info] > git reflog main --grep-reflog=branch: Created from *. [4ms]
2024-10-02 17:28:59.435 [info] > git symbolic-ref --short refs/remotes/origin/HEAD [2ms]
2024-10-02 17:28:59.435 [info] fatal: ref refs/remotes/origin/HEAD is not a symbolic ref
2024-10-02 17:29:04.415 [info] > git config --get commit.template [4ms]
2024-10-02 17:29:04.418 [info] > git for-each-ref --format=%(refname)%00%(upstream:short)%00%(objectname)%00%(upstream:track)%00%(upstream:remotename)%00%(upstream:remoteref) refs/heads/main refs/remotes/main [4ms]
2024-10-02 17:29:05.653 [info] > git check-ignore -v -z --stdin [6ms]
2024-10-02 17:29:07.182 [info] > git status -z -uall [2761ms]
2024-10-02 17:29:07.205 [info] > git for-each-ref --format=%(refname)%00%(upstream:short)%00%(objectname)%00%(upstream:track)%00%(upstream:remotename)%00%(upstream:remoteref) refs/heads/main refs/remotes/main [16ms]
2024-10-02 17:29:07.210 [info] > git config --local branch.main.vscode-merge-base [2ms]
2024-10-02 17:29:07.211 [warning] [Git][config] git config failed: Failed to execute git
2024-10-02 17:29:07.218 [info] > git reflog main --grep-reflog=branch: Created from *. [5ms]
2024-10-02 17:29:07.223 [info] > git symbolic-ref --short refs/remotes/origin/HEAD [2ms]
2024-10-02 17:29:07.224 [info] fatal: ref refs/remotes/origin/HEAD is not a symbolic ref
2024-10-02 17:29:07.580 [info] > git check-ignore -v -z --stdin [11ms]
2024-10-02 17:29:09.311 [info] > git log --format=%H%n%aN%n%aE%n%at%n%ct%n%P%n%D%n%B -z --shortstat --diff-merges=first-parent -n50 --skip=0 --topo-order --decorate=full 9ea988c0d08f1c053e04c7fc30bc9ba04ca1ab48 [2253ms]
2024-10-02 17:29:11.289 [info] > git check-ignore -v -z --stdin [32ms]
2024-10-02 17:29:12.019 [info] > git log --format=%H%n%aN%n%aE%n%at%n%ct%n%P%n%D%n%B -z --shortstat --diff-merges=first-parent -n50 --skip=0 --topo-order --decorate=full 9ea988c0d08f1c053e04c7fc30bc9ba04ca1ab48 [2046ms]
2024-10-02 17:29:12.203 [info] > git config --get commit.template [8ms]
2024-10-02 17:29:12.223 [info] > git for-each-ref --format=%(refname)%00%(upstream:short)%00%(objectname)%00%(upstream:track)%00%(upstream:remotename)%00%(upstream:remoteref) refs/heads/main refs/remotes/main [24ms]
2024-10-02 17:29:14.099 [info] > git status -z -uall [1873ms]
2024-10-02 17:29:14.107 [info] > git for-each-ref --format=%(refname)%00%(upstream:short)%00%(objectname)%00%(upstream:track)%00%(upstream:remotename)%00%(upstream:remoteref) refs/heads/main refs/remotes/main [3ms]
2024-10-02 17:29:14.111 [info] > git config --local branch.main.vscode-merge-base [2ms]
2024-10-02 17:29:14.111 [warning] [Git][config] git config failed: Failed to execute git
2024-10-02 17:29:14.116 [info] > git reflog main --grep-reflog=branch: Created from *. [3ms]
2024-10-02 17:29:14.120 [info] > git symbolic-ref --short refs/remotes/origin/HEAD [2ms]
2024-10-02 17:29:14.120 [info] fatal: ref refs/remotes/origin/HEAD is not a symbolic ref
2024-10-02 17:29:19.352 [info] > git add -A -- . [1741ms]
2024-10-02 17:29:19.352 [info] warning: adding embedded git repository: Books_market
hint: You've added another git repository inside your current repository.
hint: Clones of the outer repository will not contain the contents of
hint: the embedded repository and will not know how to obtain it.
hint: If you meant to add a submodule, use:
hint: 
hint: 	git submodule add <url> Books_market
hint: 
hint: If you added this path by mistake, you can remove it from the
hint: index with:
hint: 
hint: 	git rm --cached Books_market
hint: 
hint: See "git help submodule" for more information.
2024-10-02 17:29:21.314 [info] > git show --textconv :.git/COMMIT_EDITMSG [6ms]
2024-10-02 17:29:21.316 [info] > git ls-files --stage -- /teamspace/studios/this_studio/.git/COMMIT_EDITMSG [5ms]
2024-10-02 17:29:21.551 [info] > git check-ignore -v -z --stdin [6ms]
2024-10-02 17:29:21.675 [info] > git ls-files --stage -- /teamspace/studios/this_studio/.git/COMMIT_EDITMSG [5ms]
2024-10-02 17:29:21.994 [info] > git show --textconv :.git/COMMIT_EDITMSG [26ms]
2024-10-02 17:29:27.808 [info] > git -c user.useConfigOnly=true commit --quiet [8453ms]
2024-10-02 17:29:27.809 [info] Aborting commit due to empty commit message.
2024-10-02 17:29:27.815 [info] > git config --get commit.template [3ms]
2024-10-02 17:29:27.821 [info] > git for-each-ref --format=%(refname)%00%(upstream:short)%00%(objectname)%00%(upstream:track)%00%(upstream:remotename)%00%(upstream:remoteref) refs/heads/main refs/remotes/main [7ms]
2024-10-02 17:29:28.172 [info] > git show --textconv :app.py [7ms]
2024-10-02 17:29:28.173 [info] > git ls-files --stage -- /teamspace/studios/this_studio/app.py [4ms]
2024-10-02 17:29:28.180 [info] > git cat-file -s 08372dc274547d524626884d8555651f606aa68b [4ms]
2024-10-02 17:29:28.392 [info] > git status -z -uall [568ms]
2024-10-02 17:29:28.402 [info] > git for-each-ref --format=%(refname)%00%(upstream:short)%00%(objectname)%00%(upstream:track)%00%(upstream:remotename)%00%(upstream:remoteref) refs/heads/main refs/remotes/main [7ms]
2024-10-02 17:29:28.405 [info] > git config --get commit.template [3ms]
2024-10-02 17:29:28.407 [info] > git config --local branch.main.vscode-merge-base [2ms]
2024-10-02 17:29:28.407 [warning] [Git][config] git config failed: Failed to execute git
2024-10-02 17:29:28.410 [info] > git for-each-ref --format=%(refname)%00%(upstream:short)%00%(objectname)%00%(upstream:track)%00%(upstream:remotename)%00%(upstream:remoteref) refs/heads/main refs/remotes/main [3ms]
2024-10-02 17:29:28.414 [info] > git reflog main --grep-reflog=branch: Created from *. [5ms]
2024-10-02 17:29:28.418 [info] > git symbolic-ref --short refs/remotes/origin/HEAD [2ms]
2024-10-02 17:29:28.418 [info] fatal: ref refs/remotes/origin/HEAD is not a symbolic ref
2024-10-02 17:29:29.069 [info] > git status -z -uall [657ms]
2024-10-02 17:29:29.076 [info] > git for-each-ref --format=%(refname)%00%(upstream:short)%00%(objectname)%00%(upstream:track)%00%(upstream:remotename)%00%(upstream:remoteref) refs/heads/main refs/remotes/main [4ms]
2024-10-02 17:29:29.080 [info] > git config --local branch.main.vscode-merge-base [2ms]
2024-10-02 17:29:29.080 [warning] [Git][config] git config failed: Failed to execute git
2024-10-02 17:29:29.085 [info] > git reflog main --grep-reflog=branch: Created from *. [3ms]
2024-10-02 17:29:29.089 [info] > git symbolic-ref --short refs/remotes/origin/HEAD [2ms]
2024-10-02 17:29:29.089 [info] fatal: ref refs/remotes/origin/HEAD is not a symbolic ref
2024-10-02 17:29:30.776 [info] > git push origin main:main [320ms]
2024-10-02 17:29:30.776 [info] Everything up-to-date
2024-10-02 17:29:30.786 [info] > git config --get commit.template [4ms]
2024-10-02 17:29:30.793 [info] > git for-each-ref --format=%(refname)%00%(upstream:short)%00%(objectname)%00%(upstream:track)%00%(upstream:remotename)%00%(upstream:remoteref) refs/heads/main refs/remotes/main [7ms]
2024-10-02 17:29:32.528 [info] > git status -z -uall [1731ms]
2024-10-02 17:29:32.543 [info] > git for-each-ref --format=%(refname)%00%(upstream:short)%00%(objectname)%00%(upstream:track)%00%(upstream:remotename)%00%(upstream:remoteref) refs/heads/main refs/remotes/main [10ms]
2024-10-02 17:29:32.550 [info] > git config --local branch.main.vscode-merge-base [0ms]
2024-10-02 17:29:32.550 [warning] [Git][config] git config failed: Failed to execute git
2024-10-02 17:29:32.557 [info] > git reflog main --grep-reflog=branch: Created from *. [5ms]
2024-10-02 17:29:32.563 [info] > git symbolic-ref --short refs/remotes/origin/HEAD [2ms]
2024-10-02 17:29:32.564 [info] fatal: ref refs/remotes/origin/HEAD is not a symbolic ref
2024-10-02 17:29:34.080 [info] > git config --get commit.template [4ms]
2024-10-02 17:29:34.082 [info] > git for-each-ref --format=%(refname)%00%(upstream:short)%00%(objectname)%00%(upstream:track)%00%(upstream:remotename)%00%(upstream:remoteref) refs/heads/main refs/remotes/main [4ms]
2024-10-02 17:29:34.568 [info] > git status -z -uall [484ms]
2024-10-02 17:29:34.574 [info] > git for-each-ref --format=%(refname)%00%(upstream:short)%00%(objectname)%00%(upstream:track)%00%(upstream:remotename)%00%(upstream:remoteref) refs/heads/main refs/remotes/main [3ms]
2024-10-02 17:29:34.578 [info] > git config --local branch.main.vscode-merge-base [2ms]
2024-10-02 17:29:34.578 [warning] [Git][config] git config failed: Failed to execute git
2024-10-02 17:29:34.583 [info] > git reflog main --grep-reflog=branch: Created from *. [3ms]
2024-10-02 17:29:34.589 [info] > git symbolic-ref --short refs/remotes/origin/HEAD [4ms]
2024-10-02 17:29:34.589 [info] fatal: ref refs/remotes/origin/HEAD is not a symbolic ref
2024-10-02 17:29:37.956 [info] > git -c user.useConfigOnly=true commit --quiet --allow-empty-message --file - [55ms]
2024-10-02 17:29:37.962 [info] > git config --get commit.template [3ms]
2024-10-02 17:29:37.967 [info] > git config --get commit.template [2ms]
2024-10-02 17:29:37.971 [info] > git for-each-ref --format=%(refname)%00%(upstream:short)%00%(objectname)%00%(upstream:track)%00%(upstream:remotename)%00%(upstream:remoteref) refs/heads/main refs/remotes/main [4ms]
2024-10-02 17:29:38.599 [info] > git status -z -uall [626ms]
2024-10-02 17:29:38.611 [info] > git for-each-ref --format=%(refname)%00%(upstream:short)%00%(objectname)%00%(upstream:track)%00%(upstream:remotename)%00%(upstream:remoteref) refs/heads/main refs/remotes/main [8ms]
2024-10-02 17:29:38.617 [info] > git config --local branch.main.vscode-merge-base [2ms]
2024-10-02 17:29:38.617 [warning] [Git][config] git config failed: Failed to execute git
2024-10-02 17:29:38.625 [info] > git reflog main --grep-reflog=branch: Created from *. [3ms]
2024-10-02 17:29:38.630 [info] > git symbolic-ref --short refs/remotes/origin/HEAD [2ms]
2024-10-02 17:29:38.630 [info] fatal: ref refs/remotes/origin/HEAD is not a symbolic ref
2024-10-02 17:29:38.635 [info] > git merge-base refs/heads/main refs/remotes/origin/main [3ms]
2024-10-02 17:29:38.642 [info] > git rev-list --count --left-right refs/heads/main...refs/remotes/origin/main [5ms]
2024-10-02 17:29:38.648 [info] > git diff --name-status -z --diff-filter=ADMR 9ea988c0d08f1c053e04c7fc30bc9ba04ca1ab48...refs/remotes/origin/main [4ms]
2024-10-02 17:29:38.948 [info] > git config --get commit.template [4ms]
2024-10-02 17:29:38.951 [info] > git for-each-ref --format=%(refname)%00%(upstream:short)%00%(objectname)%00%(upstream:track)%00%(upstream:remotename)%00%(upstream:remoteref) refs/heads/main refs/remotes/main [3ms]
2024-10-02 17:29:39.473 [info] > git log --format=%H%n%aN%n%aE%n%at%n%ct%n%P%n%D%n%B -z --shortstat --diff-merges=first-parent -n50 --skip=0 --topo-order --decorate=full baa89b16f2d1e8a0f95658be60a52febc8bbe926 9ea988c0d08f1c053e04c7fc30bc9ba04ca1ab48 [534ms]
2024-10-02 17:29:39.502 [info] > git status -z -uall [548ms]
2024-10-02 17:29:39.509 [info] > git for-each-ref --format=%(refname)%00%(upstream:short)%00%(objectname)%00%(upstream:track)%00%(upstream:remotename)%00%(upstream:remoteref) refs/heads/main refs/remotes/main [3ms]
2024-10-02 17:29:39.513 [info] > git config --local branch.main.vscode-merge-base [2ms]
2024-10-02 17:29:39.513 [warning] [Git][config] git config failed: Failed to execute git
2024-10-02 17:29:39.519 [info] > git reflog main --grep-reflog=branch: Created from *. [3ms]
2024-10-02 17:29:39.522 [info] > git symbolic-ref --short refs/remotes/origin/HEAD [2ms]
2024-10-02 17:29:39.523 [info] fatal: ref refs/remotes/origin/HEAD is not a symbolic ref
2024-10-02 17:29:39.577 [info] > git config --get commit.template [2ms]
2024-10-02 17:29:39.581 [info] > git for-each-ref --format=%(refname)%00%(upstream:short)%00%(objectname)%00%(upstream:track)%00%(upstream:remotename)%00%(upstream:remoteref) refs/heads/main refs/remotes/main [4ms]
2024-10-02 17:29:39.775 [info] > git ls-files --stage -- /teamspace/studios/this_studio/app.py [5ms]
2024-10-02 17:29:39.785 [info] > git cat-file -s 08372dc274547d524626884d8555651f606aa68b [8ms]
2024-10-02 17:29:40.049 [info] > git show --textconv :app.py [10ms]
2024-10-02 17:29:40.096 [info] > git status -z -uall [513ms]
2024-10-02 17:29:40.102 [info] > git for-each-ref --format=%(refname)%00%(upstream:short)%00%(objectname)%00%(upstream:track)%00%(upstream:remotename)%00%(upstream:remoteref) refs/heads/main refs/remotes/main [3ms]
2024-10-02 17:29:40.107 [info] > git config --local branch.main.vscode-merge-base [3ms]
2024-10-02 17:29:40.107 [warning] [Git][config] git config failed: Failed to execute git
2024-10-02 17:29:40.112 [info] > git reflog main --grep-reflog=branch: Created from *. [3ms]
2024-10-02 17:29:40.116 [info] > git symbolic-ref --short refs/remotes/origin/HEAD [2ms]
2024-10-02 17:29:40.116 [info] fatal: ref refs/remotes/origin/HEAD is not a symbolic ref
2024-10-02 17:29:42.623 [info] > git push origin main:main [947ms]
2024-10-02 17:29:42.624 [info] remote: This repository moved. Please use the new location:        
remote:   https://github.com/Enzosama/Flask.git        
To https://github.com/Enzosama/this_studio.git
   9ea988c..baa89b1  main -> main
2024-10-02 17:29:42.631 [info] > git config --get commit.template [2ms]
2024-10-02 17:29:42.637 [info] > git for-each-ref --format=%(refname)%00%(upstream:short)%00%(objectname)%00%(upstream:track)%00%(upstream:remotename)%00%(upstream:remoteref) refs/heads/main refs/remotes/main [6ms]
2024-10-02 17:29:43.309 [info] > git status -z -uall [670ms]
2024-10-02 17:29:43.316 [info] > git for-each-ref --format=%(refname)%00%(upstream:short)%00%(objectname)%00%(upstream:track)%00%(upstream:remotename)%00%(upstream:remoteref) refs/heads/main refs/remotes/main [4ms]
2024-10-02 17:29:43.320 [info] > git config --local branch.main.vscode-merge-base [2ms]
2024-10-02 17:29:43.320 [warning] [Git][config] git config failed: Failed to execute git
2024-10-02 17:29:43.326 [info] > git reflog main --grep-reflog=branch: Created from *. [4ms]
2024-10-02 17:29:43.330 [info] > git symbolic-ref --short refs/remotes/origin/HEAD [2ms]
2024-10-02 17:29:43.330 [info] fatal: ref refs/remotes/origin/HEAD is not a symbolic ref
2024-10-02 17:29:43.335 [info] > git merge-base refs/heads/main refs/remotes/origin/main [3ms]
2024-10-02 17:29:43.340 [info] > git rev-list --count --left-right refs/heads/main...refs/remotes/origin/main [2ms]
2024-10-02 17:29:43.345 [info] > git diff --name-status -z --diff-filter=ADMR baa89b16f2d1e8a0f95658be60a52febc8bbe926...refs/remotes/origin/main [3ms]
2024-10-02 17:29:44.078 [info] > git log --format=%H%n%aN%n%aE%n%at%n%ct%n%P%n%D%n%B -z --shortstat --diff-merges=first-parent -n50 --skip=0 --topo-order --decorate=full baa89b16f2d1e8a0f95658be60a52febc8bbe926 [394ms]
2024-10-02 17:29:44.377 [info] > git ls-files --stage -- /teamspace/studios/this_studio/app.py [7ms]
2024-10-02 17:29:44.384 [info] > git cat-file -s 08372dc274547d524626884d8555651f606aa68b [5ms]
2024-10-02 17:29:44.628 [info] > git show --textconv :app.py [5ms]
2024-10-02 17:29:45.106 [info] > git config --get commit.template [3ms]
2024-10-02 17:29:45.109 [info] > git for-each-ref --format=%(refname)%00%(upstream:short)%00%(objectname)%00%(upstream:track)%00%(upstream:remotename)%00%(upstream:remoteref) refs/heads/main refs/remotes/main [4ms]
2024-10-02 17:29:46.958 [info] > git status -z -uall [1846ms]
2024-10-02 17:29:46.966 [info] > git for-each-ref --format=%(refname)%00%(upstream:short)%00%(objectname)%00%(upstream:track)%00%(upstream:remotename)%00%(upstream:remoteref) refs/heads/main refs/remotes/main [5ms]
2024-10-02 17:29:46.970 [info] > git config --local branch.main.vscode-merge-base [2ms]
2024-10-02 17:29:46.971 [warning] [Git][config] git config failed: Failed to execute git
2024-10-02 17:29:47.008 [info] > git reflog main --grep-reflog=branch: Created from *. [35ms]
2024-10-02 17:29:47.014 [info] > git symbolic-ref --short refs/remotes/origin/HEAD [3ms]
2024-10-02 17:29:47.014 [info] fatal: ref refs/remotes/origin/HEAD is not a symbolic ref
2024-10-02 17:30:30.027 [info] > git config --get commit.template [5ms]
2024-10-02 17:30:30.032 [info] > git for-each-ref --format=%(refname)%00%(upstream:short)%00%(objectname)%00%(upstream:track)%00%(upstream:remotename)%00%(upstream:remoteref) refs/heads/main refs/remotes/main [6ms]
2024-10-02 17:30:30.102 [info] > git fetch [83ms]
2024-10-02 17:30:30.106 [info] > git status -z -uall [71ms] (cancelled)
2024-10-02 17:30:30.109 [info] > git config --get commit.template [3ms]
2024-10-02 17:30:30.113 [info] > git for-each-ref --format=%(refname)%00%(upstream:short)%00%(objectname)%00%(upstream:track)%00%(upstream:remotename)%00%(upstream:remoteref) refs/heads/main refs/remotes/main [4ms]
2024-10-02 17:30:31.726 [info] > git ls-files --stage -- /teamspace/studios/this_studio/app.py [7ms]
2024-10-02 17:30:31.740 [info] > git cat-file -s 08372dc274547d524626884d8555651f606aa68b [11ms]
2024-10-02 17:30:32.009 [info] > git show --textconv :app.py [35ms]
2024-10-02 17:30:32.362 [info] > git status -z -uall [2244ms]
2024-10-02 17:30:32.370 [info] > git for-each-ref --format=%(refname)%00%(upstream:short)%00%(objectname)%00%(upstream:track)%00%(upstream:remotename)%00%(upstream:remoteref) refs/heads/main refs/remotes/main [4ms]
2024-10-02 17:30:32.376 [info] > git config --local branch.main.vscode-merge-base [2ms]
2024-10-02 17:30:32.376 [warning] [Git][config] git config failed: Failed to execute git
2024-10-02 17:30:32.382 [info] > git reflog main --grep-reflog=branch: Created from *. [3ms]
2024-10-02 17:30:32.389 [info] > git symbolic-ref --short refs/remotes/origin/HEAD [4ms]
2024-10-02 17:30:32.389 [info] fatal: ref refs/remotes/origin/HEAD is not a symbolic ref
2024-10-02 17:30:35.111 [info] > git config --get commit.template [3ms]
2024-10-02 17:30:35.115 [info] > git for-each-ref --format=%(refname)%00%(upstream:short)%00%(objectname)%00%(upstream:track)%00%(upstream:remotename)%00%(upstream:remoteref) refs/heads/main refs/remotes/main [5ms]
2024-10-02 17:30:37.068 [info] > git status -z -uall [1949ms]
2024-10-02 17:30:37.111 [info] > git for-each-ref --format=%(refname)%00%(upstream:short)%00%(objectname)%00%(upstream:track)%00%(upstream:remotename)%00%(upstream:remoteref) refs/heads/main refs/remotes/main [40ms]
2024-10-02 17:30:37.116 [info] > git config --local branch.main.vscode-merge-base [2ms]
2024-10-02 17:30:37.116 [warning] [Git][config] git config failed: Failed to execute git
2024-10-02 17:30:37.125 [info] > git reflog main --grep-reflog=branch: Created from *. [6ms]
2024-10-02 17:30:37.130 [info] > git symbolic-ref --short refs/remotes/origin/HEAD [3ms]
2024-10-02 17:30:37.130 [info] fatal: ref refs/remotes/origin/HEAD is not a symbolic ref
2024-10-02 17:30:39.484 [info] > git log --format=%H%n%aN%n%aE%n%at%n%ct%n%P%n%D%n%B -z --shortstat --diff-merges=first-parent -n50 --skip=0 --topo-order --decorate=full baa89b16f2d1e8a0f95658be60a52febc8bbe926 [394ms]
2024-10-02 17:30:40.154 [info] > git log --format=%H%n%aN%n%aE%n%at%n%ct%n%P%n%D%n%B -z --shortstat --diff-merges=first-parent -n50 --skip=0 --topo-order --decorate=full baa89b16f2d1e8a0f95658be60a52febc8bbe926 [430ms]
2024-10-02 17:30:42.078 [info] > git config --get commit.template [3ms]
2024-10-02 17:30:42.124 [info] > git for-each-ref --format=%(refname)%00%(upstream:short)%00%(objectname)%00%(upstream:track)%00%(upstream:remotename)%00%(upstream:remoteref) refs/heads/main refs/remotes/main [46ms]
2024-10-02 17:30:43.436 [info] > git status -z -uall [1309ms]
2024-10-02 17:30:43.445 [info] > git for-each-ref --format=%(refname)%00%(upstream:short)%00%(objectname)%00%(upstream:track)%00%(upstream:remotename)%00%(upstream:remoteref) refs/heads/main refs/remotes/main [4ms]
2024-10-02 17:30:43.449 [info] > git config --local branch.main.vscode-merge-base [2ms]
2024-10-02 17:30:43.449 [warning] [Git][config] git config failed: Failed to execute git
2024-10-02 17:30:43.455 [info] > git reflog main --grep-reflog=branch: Created from *. [3ms]
2024-10-02 17:30:43.458 [info] > git symbolic-ref --short refs/remotes/origin/HEAD [2ms]
2024-10-02 17:30:43.458 [info] fatal: ref refs/remotes/origin/HEAD is not a symbolic ref
