2024-09-26 09:32:08.480 [info] Experiment 'pythonRecommendTensorboardExt' is active
2024-09-26 09:32:08.480 [info] Experiment 'pythonTerminalEnvVarActivation' is active
2024-09-26 09:32:08.480 [info] Experiment 'pythonTestAdapter' is active
2024-09-26 09:32:08.481 [warning] Dir "/teamspace/studios/this_studio/.pixi/envs" is not watchable (directory does not exist)
2024-09-26 09:32:08.542 [info] Default formatter is set to null for workspace /teamspace/studios/this_studio
2024-09-26 09:32:08.552 [info] Starting Environment refresh
2024-09-26 09:32:08.897 [info] > pixi --version
2024-09-26 09:32:08.901 [info] > hatch env show --json
2024-09-26 09:32:08.901 [info] cwd: .
2024-09-26 09:32:08.903 [info] Python interpreter path: /home/zeus/miniconda3/envs/cloudspace/bin/python
2024-09-26 09:32:08.908 [info] > conda info --json
2024-09-26 09:32:09.382 [info] > /home/zeus/miniconda3/envs/cloudspace/bin/python -I ./.vscode-server/extensions/ms-python.python-2024.14.1-linux-x64/python_files/get_output_via_markers.py ./.vscode-server/extensions/ms-python.python-2024.14.1-linux-x64/python_files/interpreterInfo.py
2024-09-26 09:32:09.383 [info] Environments refresh paths discovered: 832 milliseconds
2024-09-26 09:32:09.404 [info] Environments refresh finished (event): 853 milliseconds
2024-09-26 09:32:09.406 [info] Environment refresh took 856 milliseconds
2024-09-26 09:32:09.410 [info] > pyenv which python
2024-09-26 09:32:09.410 [info] cwd: .
2024-09-26 09:32:20.968 [info] Starting Pylance language server.
2024-09-26 09:34:54.783 [info] Discover tests for workspace name: this_studio - uri: /teamspace/studios/this_studio/main.py
2024-09-26 09:59:50.115 [info] Discover tests for workspace name: this_studio - uri: /teamspace/studios/this_studio/config.py
2024-09-26 10:11:22.564 [info] Discover tests for workspace name: this_studio - uri: /teamspace/studios/this_studio/config.py
2024-09-26 10:14:50.971 [info] CreateEnv Trigger - Skipping for /teamspace/studios/this_studio/app.py
2024-09-26 10:14:51.674 [info] Discover tests for workspace name: this_studio - uri: /teamspace/studios/this_studio/app.py
2024-09-26 10:14:51.769 [info] Send text to terminal: /home/zeus/miniconda3/envs/cloudspace/bin/python /teamspace/studios/this_studio/app.py
2024-09-26 10:21:51.229 [info] Send text to terminal: /home/zeus/miniconda3/envs/cloudspace/bin/python /teamspace/studios/this_studio/app.py
2024-09-26 10:21:57.001 [info] Send text to terminal: /home/zeus/miniconda3/envs/cloudspace/bin/python /teamspace/studios/this_studio/app.py
2024-09-26 10:22:18.934 [info] Discover tests for workspace name: this_studio - uri: /teamspace/studios/this_studio/app.py
2024-09-26 10:24:19.002 [info] Discover tests for workspace name: this_studio - uri: /teamspace/studios/this_studio/app.py
