2024-09-27 06:45:23.025 [info] [main] Log level: Info
2024-09-27 06:45:23.026 [info] [main] Validating found git in: "git"
2024-09-27 06:45:23.026 [info] [main] Using git "2.42.0" from "git"
2024-09-27 06:45:23.026 [info] [Model][doInitialScan] Initial repository scan started
2024-09-27 06:45:23.026 [info] > git rev-parse --show-toplevel [4ms]
2024-09-27 06:45:23.028 [info] > git rev-parse --git-dir --git-common-dir [3ms]
2024-09-27 06:45:23.036 [info] [Model][openRepository] Opened repository: /teamspace/studios/this_studio
2024-09-27 06:45:23.045 [info] > git rev-parse --show-toplevel [3ms]
2024-09-27 06:45:23.045 [info] > git config --get commit.template [6ms]
2024-09-27 06:45:23.051 [info] > git rev-parse --show-toplevel [1ms]
2024-09-27 06:45:23.054 [info] > git rev-parse --show-toplevel [2ms]
2024-09-27 06:45:23.058 [info] > git rev-parse --show-toplevel [2ms]
2024-09-27 06:45:23.062 [info] > git rev-parse --show-toplevel [2ms]
2024-09-27 06:45:23.066 [info] > git rev-parse --show-toplevel [2ms]
2024-09-27 06:45:23.070 [info] > git rev-parse --show-toplevel [2ms]
2024-09-27 06:45:23.073 [info] > git rev-parse --show-toplevel [2ms]
2024-09-27 06:45:23.077 [info] > git rev-parse --show-toplevel [2ms]
2024-09-27 06:45:23.083 [info] > git rev-parse --show-toplevel [2ms]
2024-09-27 06:45:23.088 [info] > git rev-parse --show-toplevel [3ms]
2024-09-27 06:45:23.090 [info] [Model][doInitialScan] Initial repository scan completed - repositories (1), closed repositories (0), parent repositories (0), unsafe repositories (0)
2024-09-27 06:45:23.379 [info] > git for-each-ref --format=%(refname)%00%(upstream:short)%00%(objectname)%00%(upstream:track)%00%(upstream:remotename)%00%(upstream:remoteref) refs/heads/main refs/remotes/main [334ms]
2024-09-27 06:45:23.483 [info] > git fetch [447ms]
2024-09-27 06:45:23.490 [info] > git status -z -uall [108ms] (cancelled)
2024-09-27 06:45:23.491 [info] > git config --get commit.template [2ms]
2024-09-27 06:45:23.495 [info] > git config --get commit.template [6ms]
2024-09-27 06:45:23.586 [info] > git for-each-ref --format=%(refname)%00%(upstream:short)%00%(objectname)%00%(upstream:track)%00%(upstream:remotename)%00%(upstream:remoteref) refs/heads/main refs/remotes/main [93ms]
2024-09-27 06:45:23.588 [info] > git for-each-ref --format=%(refname)%00%(upstream:short)%00%(objectname)%00%(upstream:track)%00%(upstream:remotename)%00%(upstream:remoteref) refs/heads/main refs/remotes/main [93ms]
2024-09-27 06:45:23.936 [info] > git check-ignore -v -z --stdin [8ms]
2024-09-27 06:45:24.380 [info] > git ls-files --stage -- /teamspace/studios/this_studio/app.py [23ms]
2024-09-27 06:45:24.462 [info] > git show --textconv :app.py [109ms]
2024-09-27 06:45:24.465 [info] > git cat-file -s 7b6af0a3371ac6a84623d1851233b538524ebe34 [77ms]
2024-09-27 06:45:25.676 [info] > git ls-files --stage -- /teamspace/studios/this_studio/app.py [14ms]
2024-09-27 06:45:25.713 [info] > git cat-file -s 7b6af0a3371ac6a84623d1851233b538524ebe34 [31ms]
2024-09-27 06:45:26.018 [info] > git show --textconv :app.py [61ms]
2024-09-27 06:45:36.990 [info] > git status -z -uall [13399ms]
2024-09-27 06:45:37.008 [info] > git for-each-ref --format=%(refname)%00%(upstream:short)%00%(objectname)%00%(upstream:track)%00%(upstream:remotename)%00%(upstream:remoteref) refs/heads/main refs/remotes/main [12ms]
2024-09-27 06:45:37.013 [info] > git config --local branch.main.vscode-merge-base [2ms]
2024-09-27 06:45:37.014 [warning] [Git][config] git config failed: Failed to execute git
2024-09-27 06:45:37.025 [info] > git reflog main --grep-reflog=branch: Created from *. [9ms]
2024-09-27 06:45:37.031 [info] > git symbolic-ref --short refs/remotes/origin/HEAD [4ms]
2024-09-27 06:45:37.031 [info] fatal: ref refs/remotes/origin/HEAD is not a symbolic ref
2024-09-27 06:45:37.039 [info] > git merge-base refs/heads/main refs/remotes/origin/main [3ms]
2024-09-27 06:45:37.048 [info] > git rev-list --count --left-right refs/heads/main...refs/remotes/origin/main [7ms]
2024-09-27 06:45:37.058 [info] > git diff --name-status -z --diff-filter=ADMR c05eedfad51b7dc04d791da42f47791d84b8fb9e...refs/remotes/origin/main [6ms]
2024-09-27 06:46:13.777 [info] > git config --get commit.template [3ms]
2024-09-27 06:46:13.780 [info] > git for-each-ref --format=%(refname)%00%(upstream:short)%00%(objectname)%00%(upstream:track)%00%(upstream:remotename)%00%(upstream:remoteref) refs/heads/main refs/remotes/main [4ms]
2024-09-27 06:46:14.934 [info] > git status -z -uall [1151ms]
2024-09-27 06:46:14.941 [info] > git for-each-ref --format=%(refname)%00%(upstream:short)%00%(objectname)%00%(upstream:track)%00%(upstream:remotename)%00%(upstream:remoteref) refs/heads/main refs/remotes/main [4ms]
2024-09-27 06:46:14.945 [info] > git config --local branch.main.vscode-merge-base [2ms]
2024-09-27 06:46:14.946 [warning] [Git][config] git config failed: Failed to execute git
2024-09-27 06:46:14.950 [info] > git reflog main --grep-reflog=branch: Created from *. [3ms]
2024-09-27 06:46:14.954 [info] > git symbolic-ref --short refs/remotes/origin/HEAD [2ms]
2024-09-27 06:46:14.954 [info] fatal: ref refs/remotes/origin/HEAD is not a symbolic ref
2024-09-27 06:47:28.893 [info] > git config --get commit.template [2ms]
2024-09-27 06:47:28.897 [info] > git for-each-ref --format=%(refname)%00%(upstream:short)%00%(objectname)%00%(upstream:track)%00%(upstream:remotename)%00%(upstream:remoteref) refs/heads/main refs/remotes/main [4ms]
2024-09-27 06:47:30.064 [info] > git status -z -uall [1165ms]
2024-09-27 06:47:30.071 [info] > git for-each-ref --format=%(refname)%00%(upstream:short)%00%(objectname)%00%(upstream:track)%00%(upstream:remotename)%00%(upstream:remoteref) refs/heads/main refs/remotes/main [3ms]
2024-09-27 06:47:30.075 [info] > git config --local branch.main.vscode-merge-base [2ms]
2024-09-27 06:47:30.075 [warning] [Git][config] git config failed: Failed to execute git
2024-09-27 06:47:30.080 [info] > git reflog main --grep-reflog=branch: Created from *. [3ms]
2024-09-27 06:47:30.085 [info] > git symbolic-ref --short refs/remotes/origin/HEAD [3ms]
2024-09-27 06:47:30.085 [info] fatal: ref refs/remotes/origin/HEAD is not a symbolic ref
2024-09-27 06:47:35.077 [info] > git config --get commit.template [3ms]
2024-09-27 06:47:35.088 [info] > git for-each-ref --format=%(refname)%00%(upstream:short)%00%(objectname)%00%(upstream:track)%00%(upstream:remotename)%00%(upstream:remoteref) refs/heads/main refs/remotes/main [12ms]
2024-09-27 06:47:36.704 [info] > git status -z -uall [1613ms]
2024-09-27 06:47:36.713 [info] > git for-each-ref --format=%(refname)%00%(upstream:short)%00%(objectname)%00%(upstream:track)%00%(upstream:remotename)%00%(upstream:remoteref) refs/heads/main refs/remotes/main [6ms]
2024-09-27 06:47:36.718 [info] > git config --local branch.main.vscode-merge-base [2ms]
2024-09-27 06:47:36.718 [warning] [Git][config] git config failed: Failed to execute git
2024-09-27 06:47:36.723 [info] > git reflog main --grep-reflog=branch: Created from *. [3ms]
2024-09-27 06:47:36.726 [info] > git symbolic-ref --short refs/remotes/origin/HEAD [2ms]
2024-09-27 06:47:36.726 [info] fatal: ref refs/remotes/origin/HEAD is not a symbolic ref
2024-09-27 06:47:44.273 [info] > git config --get commit.template [3ms]
2024-09-27 06:47:44.279 [info] > git for-each-ref --format=%(refname)%00%(upstream:short)%00%(objectname)%00%(upstream:track)%00%(upstream:remotename)%00%(upstream:remoteref) refs/heads/main refs/remotes/main [7ms]
2024-09-27 06:47:45.746 [info] > git status -z -uall [1465ms]
2024-09-27 06:47:45.753 [info] > git for-each-ref --format=%(refname)%00%(upstream:short)%00%(objectname)%00%(upstream:track)%00%(upstream:remotename)%00%(upstream:remoteref) refs/heads/main refs/remotes/main [2ms]
2024-09-27 06:47:45.756 [info] > git config --local branch.main.vscode-merge-base [1ms]
2024-09-27 06:47:45.757 [warning] [Git][config] git config failed: Failed to execute git
2024-09-27 06:47:45.761 [info] > git reflog main --grep-reflog=branch: Created from *. [3ms]
2024-09-27 06:47:45.764 [info] > git symbolic-ref --short refs/remotes/origin/HEAD [1ms]
2024-09-27 06:47:45.764 [info] fatal: ref refs/remotes/origin/HEAD is not a symbolic ref
2024-09-27 06:47:52.388 [info] > git config --get commit.template [3ms]
2024-09-27 06:47:52.391 [info] > git for-each-ref --format=%(refname)%00%(upstream:short)%00%(objectname)%00%(upstream:track)%00%(upstream:remotename)%00%(upstream:remoteref) refs/heads/main refs/remotes/main [4ms]
2024-09-27 06:47:54.769 [info] > git status -z -uall [2376ms]
2024-09-27 06:47:54.779 [info] > git for-each-ref --format=%(refname)%00%(upstream:short)%00%(objectname)%00%(upstream:track)%00%(upstream:remotename)%00%(upstream:remoteref) refs/heads/main refs/remotes/main [6ms]
2024-09-27 06:47:54.784 [info] > git config --local branch.main.vscode-merge-base [2ms]
2024-09-27 06:47:54.784 [warning] [Git][config] git config failed: Failed to execute git
2024-09-27 06:47:54.795 [info] > git reflog main --grep-reflog=branch: Created from *. [8ms]
2024-09-27 06:47:54.799 [info] > git symbolic-ref --short refs/remotes/origin/HEAD [2ms]
2024-09-27 06:47:54.799 [info] fatal: ref refs/remotes/origin/HEAD is not a symbolic ref
2024-09-27 06:48:12.356 [info] > git config --get commit.template [2ms]
2024-09-27 06:48:12.359 [info] > git for-each-ref --format=%(refname)%00%(upstream:short)%00%(objectname)%00%(upstream:track)%00%(upstream:remotename)%00%(upstream:remoteref) refs/heads/main refs/remotes/main [4ms]
2024-09-27 06:48:14.466 [info] > git status -z -uall [2105ms]
2024-09-27 06:48:14.473 [info] > git for-each-ref --format=%(refname)%00%(upstream:short)%00%(objectname)%00%(upstream:track)%00%(upstream:remotename)%00%(upstream:remoteref) refs/heads/main refs/remotes/main [4ms]
2024-09-27 06:48:14.478 [info] > git config --local branch.main.vscode-merge-base [3ms]
2024-09-27 06:48:14.478 [warning] [Git][config] git config failed: Failed to execute git
2024-09-27 06:48:14.484 [info] > git reflog main --grep-reflog=branch: Created from *. [4ms]
2024-09-27 06:48:14.488 [info] > git symbolic-ref --short refs/remotes/origin/HEAD [2ms]
2024-09-27 06:48:14.489 [info] fatal: ref refs/remotes/origin/HEAD is not a symbolic ref
2024-09-27 06:48:19.512 [info] > git config --get commit.template [31ms]
2024-09-27 06:48:19.545 [info] > git for-each-ref --format=%(refname)%00%(upstream:short)%00%(objectname)%00%(upstream:track)%00%(upstream:remotename)%00%(upstream:remoteref) refs/heads/main refs/remotes/main [47ms]
2024-09-27 06:48:21.070 [info] > git status -z -uall [1517ms]
2024-09-27 06:48:21.076 [info] > git for-each-ref --format=%(refname)%00%(upstream:short)%00%(objectname)%00%(upstream:track)%00%(upstream:remotename)%00%(upstream:remoteref) refs/heads/main refs/remotes/main [3ms]
2024-09-27 06:48:21.081 [info] > git config --local branch.main.vscode-merge-base [2ms]
2024-09-27 06:48:21.081 [warning] [Git][config] git config failed: Failed to execute git
2024-09-27 06:48:21.086 [info] > git reflog main --grep-reflog=branch: Created from *. [3ms]
2024-09-27 06:48:21.089 [info] > git symbolic-ref --short refs/remotes/origin/HEAD [1ms]
2024-09-27 06:48:21.090 [info] fatal: ref refs/remotes/origin/HEAD is not a symbolic ref
2024-09-27 06:48:43.710 [info] > git config --get commit.template [2ms]
2024-09-27 06:48:43.723 [info] > git for-each-ref --format=%(refname)%00%(upstream:short)%00%(objectname)%00%(upstream:track)%00%(upstream:remotename)%00%(upstream:remoteref) refs/heads/main refs/remotes/main [12ms]
2024-09-27 06:48:43.822 [info] > git fetch [118ms]
2024-09-27 06:48:43.825 [info] > git status -z -uall [95ms] (cancelled)
2024-09-27 06:48:43.837 [info] > git config --get commit.template [12ms]
2024-09-27 06:48:43.854 [info] > git for-each-ref --format=%(refname)%00%(upstream:short)%00%(objectname)%00%(upstream:track)%00%(upstream:remotename)%00%(upstream:remoteref) refs/heads/main refs/remotes/main [15ms]
2024-09-27 06:48:45.623 [info] > git ls-files --stage -- /teamspace/studios/this_studio/app.py [5ms]
2024-09-27 06:48:45.630 [info] > git cat-file -s 7b6af0a3371ac6a84623d1851233b538524ebe34 [4ms]
2024-09-27 06:48:45.867 [info] > git show --textconv :app.py [5ms]
2024-09-27 06:48:46.078 [info] > git status -z -uall [2222ms]
2024-09-27 06:48:46.084 [info] > git for-each-ref --format=%(refname)%00%(upstream:short)%00%(objectname)%00%(upstream:track)%00%(upstream:remotename)%00%(upstream:remoteref) refs/heads/main refs/remotes/main [3ms]
2024-09-27 06:48:46.089 [info] > git config --local branch.main.vscode-merge-base [3ms]
2024-09-27 06:48:46.089 [warning] [Git][config] git config failed: Failed to execute git
2024-09-27 06:48:46.094 [info] > git reflog main --grep-reflog=branch: Created from *. [3ms]
2024-09-27 06:48:46.097 [info] > git symbolic-ref --short refs/remotes/origin/HEAD [2ms]
2024-09-27 06:48:46.097 [info] fatal: ref refs/remotes/origin/HEAD is not a symbolic ref
2024-09-27 06:48:48.048 [info] > git check-ignore -v -z --stdin [7ms]
2024-09-27 06:48:48.848 [info] > git config --get commit.template [13ms]
2024-09-27 06:48:48.890 [info] > git for-each-ref --format=%(refname)%00%(upstream:short)%00%(objectname)%00%(upstream:track)%00%(upstream:remotename)%00%(upstream:remoteref) refs/heads/main refs/remotes/main [23ms]
2024-09-27 06:48:49.464 [info] > git log --format=%H%n%aN%n%aE%n%at%n%ct%n%P%n%D%n%B -z --shortstat --diff-merges=first-parent -n50 --skip=0 --topo-order --decorate=full c05eedfad51b7dc04d791da42f47791d84b8fb9e [1957ms]
2024-09-27 06:48:52.088 [info] > git log --format=%H%n%aN%n%aE%n%at%n%ct%n%P%n%D%n%B -z --shortstat --diff-merges=first-parent -n50 --skip=0 --topo-order --decorate=full c05eedfad51b7dc04d791da42f47791d84b8fb9e [2054ms]
2024-09-27 06:48:52.963 [info] > git status -z -uall [4064ms]
2024-09-27 06:48:52.970 [info] > git for-each-ref --format=%(refname)%00%(upstream:short)%00%(objectname)%00%(upstream:track)%00%(upstream:remotename)%00%(upstream:remoteref) refs/heads/main refs/remotes/main [3ms]
2024-09-27 06:48:52.975 [info] > git config --local branch.main.vscode-merge-base [2ms]
2024-09-27 06:48:52.975 [warning] [Git][config] git config failed: Failed to execute git
2024-09-27 06:48:52.979 [info] > git reflog main --grep-reflog=branch: Created from *. [3ms]
2024-09-27 06:48:52.982 [info] > git symbolic-ref --short refs/remotes/origin/HEAD [2ms]
2024-09-27 06:48:52.982 [info] fatal: ref refs/remotes/origin/HEAD is not a symbolic ref
2024-09-27 06:48:57.976 [info] > git config --get commit.template [3ms]
2024-09-27 06:48:57.978 [info] > git for-each-ref --format=%(refname)%00%(upstream:short)%00%(objectname)%00%(upstream:track)%00%(upstream:remotename)%00%(upstream:remoteref) refs/heads/main refs/remotes/main [3ms]
2024-09-27 06:49:00.652 [info] > git status -z -uall [2671ms]
2024-09-27 06:49:00.659 [info] > git for-each-ref --format=%(refname)%00%(upstream:short)%00%(objectname)%00%(upstream:track)%00%(upstream:remotename)%00%(upstream:remoteref) refs/heads/main refs/remotes/main [3ms]
2024-09-27 06:49:00.663 [info] > git config --local branch.main.vscode-merge-base [2ms]
2024-09-27 06:49:00.663 [warning] [Git][config] git config failed: Failed to execute git
2024-09-27 06:49:00.668 [info] > git reflog main --grep-reflog=branch: Created from *. [3ms]
2024-09-27 06:49:00.672 [info] > git symbolic-ref --short refs/remotes/origin/HEAD [1ms]
2024-09-27 06:49:00.672 [info] fatal: ref refs/remotes/origin/HEAD is not a symbolic ref
2024-09-27 06:49:05.663 [info] > git config --get commit.template [2ms]
2024-09-27 06:49:05.666 [info] > git for-each-ref --format=%(refname)%00%(upstream:short)%00%(objectname)%00%(upstream:track)%00%(upstream:remotename)%00%(upstream:remoteref) refs/heads/main refs/remotes/main [3ms]
2024-09-27 06:49:06.800 [info] > git status -z -uall [1131ms]
2024-09-27 06:49:06.806 [info] > git for-each-ref --format=%(refname)%00%(upstream:short)%00%(objectname)%00%(upstream:track)%00%(upstream:remotename)%00%(upstream:remoteref) refs/heads/main refs/remotes/main [3ms]
2024-09-27 06:49:06.810 [info] > git config --local branch.main.vscode-merge-base [2ms]
2024-09-27 06:49:06.810 [warning] [Git][config] git config failed: Failed to execute git
2024-09-27 06:49:06.815 [info] > git reflog main --grep-reflog=branch: Created from *. [2ms]
2024-09-27 06:49:06.818 [info] > git symbolic-ref --short refs/remotes/origin/HEAD [2ms]
2024-09-27 06:49:06.818 [info] fatal: ref refs/remotes/origin/HEAD is not a symbolic ref
2024-09-27 06:49:11.812 [info] > git config --get commit.template [3ms]
2024-09-27 06:49:11.814 [info] > git for-each-ref --format=%(refname)%00%(upstream:short)%00%(objectname)%00%(upstream:track)%00%(upstream:remotename)%00%(upstream:remoteref) refs/heads/main refs/remotes/main [3ms]
2024-09-27 06:49:12.952 [info] > git status -z -uall [1135ms]
2024-09-27 06:49:12.958 [info] > git for-each-ref --format=%(refname)%00%(upstream:short)%00%(objectname)%00%(upstream:track)%00%(upstream:remotename)%00%(upstream:remoteref) refs/heads/main refs/remotes/main [3ms]
2024-09-27 06:49:12.962 [info] > git config --local branch.main.vscode-merge-base [2ms]
2024-09-27 06:49:12.962 [warning] [Git][config] git config failed: Failed to execute git
2024-09-27 06:49:12.967 [info] > git reflog main --grep-reflog=branch: Created from *. [2ms]
2024-09-27 06:49:12.971 [info] > git symbolic-ref --short refs/remotes/origin/HEAD [2ms]
2024-09-27 06:49:12.971 [info] fatal: ref refs/remotes/origin/HEAD is not a symbolic ref
2024-09-27 06:49:20.713 [info] > git config --get commit.template [2ms]
2024-09-27 06:49:20.715 [info] > git for-each-ref --format=%(refname)%00%(upstream:short)%00%(objectname)%00%(upstream:track)%00%(upstream:remotename)%00%(upstream:remoteref) refs/heads/main refs/remotes/main [3ms]
2024-09-27 06:49:21.832 [info] > git status -z -uall [1115ms]
2024-09-27 06:49:21.838 [info] > git for-each-ref --format=%(refname)%00%(upstream:short)%00%(objectname)%00%(upstream:track)%00%(upstream:remotename)%00%(upstream:remoteref) refs/heads/main refs/remotes/main [3ms]
2024-09-27 06:49:21.842 [info] > git config --local branch.main.vscode-merge-base [2ms]
2024-09-27 06:49:21.842 [warning] [Git][config] git config failed: Failed to execute git
2024-09-27 06:49:21.847 [info] > git reflog main --grep-reflog=branch: Created from *. [3ms]
2024-09-27 06:49:21.850 [info] > git symbolic-ref --short refs/remotes/origin/HEAD [2ms]
2024-09-27 06:49:21.850 [info] fatal: ref refs/remotes/origin/HEAD is not a symbolic ref
2024-09-27 06:49:26.842 [info] > git config --get commit.template [3ms]
2024-09-27 06:49:26.845 [info] > git for-each-ref --format=%(refname)%00%(upstream:short)%00%(objectname)%00%(upstream:track)%00%(upstream:remotename)%00%(upstream:remoteref) refs/heads/main refs/remotes/main [4ms]
2024-09-27 06:49:27.973 [info] > git status -z -uall [1126ms]
2024-09-27 06:49:27.979 [info] > git for-each-ref --format=%(refname)%00%(upstream:short)%00%(objectname)%00%(upstream:track)%00%(upstream:remotename)%00%(upstream:remoteref) refs/heads/main refs/remotes/main [3ms]
2024-09-27 06:49:27.983 [info] > git config --local branch.main.vscode-merge-base [2ms]
2024-09-27 06:49:27.983 [warning] [Git][config] git config failed: Failed to execute git
2024-09-27 06:49:27.988 [info] > git reflog main --grep-reflog=branch: Created from *. [3ms]
2024-09-27 06:49:27.991 [info] > git symbolic-ref --short refs/remotes/origin/HEAD [2ms]
2024-09-27 06:49:27.991 [info] fatal: ref refs/remotes/origin/HEAD is not a symbolic ref
2024-09-27 06:49:33.372 [info] > git config --get commit.template [16ms]
2024-09-27 06:49:33.384 [info] > git for-each-ref --format=%(refname)%00%(upstream:short)%00%(objectname)%00%(upstream:track)%00%(upstream:remotename)%00%(upstream:remoteref) refs/heads/main refs/remotes/main [12ms]
2024-09-27 06:49:35.886 [info] > git status -z -uall [2499ms]
2024-09-27 06:49:35.892 [info] > git for-each-ref --format=%(refname)%00%(upstream:short)%00%(objectname)%00%(upstream:track)%00%(upstream:remotename)%00%(upstream:remoteref) refs/heads/main refs/remotes/main [3ms]
2024-09-27 06:49:35.896 [info] > git config --local branch.main.vscode-merge-base [2ms]
2024-09-27 06:49:35.896 [warning] [Git][config] git config failed: Failed to execute git
2024-09-27 06:49:35.901 [info] > git reflog main --grep-reflog=branch: Created from *. [3ms]
2024-09-27 06:49:35.904 [info] > git symbolic-ref --short refs/remotes/origin/HEAD [2ms]
2024-09-27 06:49:35.904 [info] fatal: ref refs/remotes/origin/HEAD is not a symbolic ref
2024-09-27 06:49:36.164 [info] > git add -A -- . [2811ms]
2024-09-27 06:49:36.216 [info] > git -c user.useConfigOnly=true commit --quiet --allow-empty-message --file - [49ms]
2024-09-27 06:49:36.220 [info] > git config --get commit.template [2ms]
2024-09-27 06:49:36.226 [info] > git config --get commit.template [3ms]
2024-09-27 06:49:36.229 [info] > git for-each-ref --format=%(refname)%00%(upstream:short)%00%(objectname)%00%(upstream:track)%00%(upstream:remotename)%00%(upstream:remoteref) refs/heads/main refs/remotes/main [4ms]
2024-09-27 06:49:36.638 [info] > git status -z -uall [408ms]
2024-09-27 06:49:36.646 [info] > git for-each-ref --format=%(refname)%00%(upstream:short)%00%(objectname)%00%(upstream:track)%00%(upstream:remotename)%00%(upstream:remoteref) refs/heads/main refs/remotes/main [4ms]
2024-09-27 06:49:36.679 [info] > git config --local branch.main.vscode-merge-base [31ms]
2024-09-27 06:49:36.679 [warning] [Git][config] git config failed: Failed to execute git
2024-09-27 06:49:36.688 [info] > git reflog main --grep-reflog=branch: Created from *. [4ms]
2024-09-27 06:49:36.692 [info] > git symbolic-ref --short refs/remotes/origin/HEAD [2ms]
2024-09-27 06:49:36.692 [info] fatal: ref refs/remotes/origin/HEAD is not a symbolic ref
2024-09-27 06:49:36.696 [info] > git merge-base refs/heads/main refs/remotes/origin/main [2ms]
2024-09-27 06:49:36.700 [info] > git rev-list --count --left-right refs/heads/main...refs/remotes/origin/main [2ms]
2024-09-27 06:49:36.705 [info] > git diff --name-status -z --diff-filter=ADMR c05eedfad51b7dc04d791da42f47791d84b8fb9e...refs/remotes/origin/main [2ms]
2024-09-27 06:49:36.959 [info] > git config --get commit.template [2ms]
2024-09-27 06:49:36.963 [info] > git for-each-ref --format=%(refname)%00%(upstream:short)%00%(objectname)%00%(upstream:track)%00%(upstream:remotename)%00%(upstream:remoteref) refs/heads/main refs/remotes/main [3ms]
2024-09-27 06:49:37.385 [info] > git status -z -uall [420ms]
2024-09-27 06:49:37.392 [info] > git for-each-ref --format=%(refname)%00%(upstream:short)%00%(objectname)%00%(upstream:track)%00%(upstream:remotename)%00%(upstream:remoteref) refs/heads/main refs/remotes/main [4ms]
2024-09-27 06:49:37.396 [info] > git config --local branch.main.vscode-merge-base [2ms]
2024-09-27 06:49:37.396 [warning] [Git][config] git config failed: Failed to execute git
2024-09-27 06:49:37.401 [info] > git reflog main --grep-reflog=branch: Created from *. [3ms]
2024-09-27 06:49:37.404 [info] > git symbolic-ref --short refs/remotes/origin/HEAD [1ms]
2024-09-27 06:49:37.404 [info] fatal: ref refs/remotes/origin/HEAD is not a symbolic ref
2024-09-27 06:49:37.593 [info] > git check-ignore -v -z --stdin [4ms]
2024-09-27 06:49:37.945 [info] > git ls-files --stage -- /teamspace/studios/this_studio/app.py [4ms]
2024-09-27 06:49:37.950 [info] > git cat-file -s 7583cd5201ca6eef8cede1e6664eda579f3ad2cf [3ms]
2024-09-27 06:49:38.206 [info] > git show --textconv :app.py [20ms]
2024-09-27 06:49:38.430 [info] > git log --format=%H%n%aN%n%aE%n%at%n%ct%n%P%n%D%n%B -z --shortstat --diff-merges=first-parent -n50 --skip=0 --topo-order --decorate=full 9ea988c0d08f1c053e04c7fc30bc9ba04ca1ab48 c05eedfad51b7dc04d791da42f47791d84b8fb9e [1392ms]
2024-09-27 06:49:40.897 [info] > git config --get commit.template [2ms]
2024-09-27 06:49:40.901 [info] > git for-each-ref --format=%(refname)%00%(upstream:short)%00%(objectname)%00%(upstream:track)%00%(upstream:remotename)%00%(upstream:remoteref) refs/heads/main refs/remotes/main [4ms]
2024-09-27 06:49:41.325 [info] > git status -z -uall [422ms]
2024-09-27 06:49:41.331 [info] > git for-each-ref --format=%(refname)%00%(upstream:short)%00%(objectname)%00%(upstream:track)%00%(upstream:remotename)%00%(upstream:remoteref) refs/heads/main refs/remotes/main [4ms]
2024-09-27 06:49:41.335 [info] > git config --local branch.main.vscode-merge-base [2ms]
2024-09-27 06:49:41.335 [warning] [Git][config] git config failed: Failed to execute git
2024-09-27 06:49:41.340 [info] > git reflog main --grep-reflog=branch: Created from *. [3ms]
2024-09-27 06:49:41.344 [info] > git symbolic-ref --short refs/remotes/origin/HEAD [2ms]
2024-09-27 06:49:41.344 [info] fatal: ref refs/remotes/origin/HEAD is not a symbolic ref
2024-09-27 06:49:43.983 [info] > git push origin main:main [844ms]
2024-09-27 06:49:43.983 [info] To https://github.com/Enzosama/this_studio.git
   c05eedf..9ea988c  main -> main
2024-09-27 06:49:43.989 [info] > git config --get commit.template [2ms]
2024-09-27 06:49:44.022 [info] > git for-each-ref --format=%(refname)%00%(upstream:short)%00%(objectname)%00%(upstream:track)%00%(upstream:remotename)%00%(upstream:remoteref) refs/heads/main refs/remotes/main [33ms]
2024-09-27 06:49:45.257 [info] > git status -z -uall [1231ms]
2024-09-27 06:49:45.267 [info] > git for-each-ref --format=%(refname)%00%(upstream:short)%00%(objectname)%00%(upstream:track)%00%(upstream:remotename)%00%(upstream:remoteref) refs/heads/main refs/remotes/main [4ms]
2024-09-27 06:49:45.271 [info] > git config --local branch.main.vscode-merge-base [2ms]
2024-09-27 06:49:45.271 [warning] [Git][config] git config failed: Failed to execute git
2024-09-27 06:49:45.276 [info] > git reflog main --grep-reflog=branch: Created from *. [3ms]
2024-09-27 06:49:45.279 [info] > git symbolic-ref --short refs/remotes/origin/HEAD [1ms]
2024-09-27 06:49:45.279 [info] fatal: ref refs/remotes/origin/HEAD is not a symbolic ref
2024-09-27 06:49:45.284 [info] > git merge-base refs/heads/main refs/remotes/origin/main [3ms]
2024-09-27 06:49:45.292 [info] > git rev-list --count --left-right refs/heads/main...refs/remotes/origin/main [6ms]
2024-09-27 06:49:45.297 [info] > git diff --name-status -z --diff-filter=ADMR 9ea988c0d08f1c053e04c7fc30bc9ba04ca1ab48...refs/remotes/origin/main [3ms]
2024-09-27 06:49:45.737 [info] > git ls-files --stage -- /teamspace/studios/this_studio/app.py [4ms]
2024-09-27 06:49:45.742 [info] > git cat-file -s 7583cd5201ca6eef8cede1e6664eda579f3ad2cf [2ms]
2024-09-27 06:49:45.987 [info] > git show --textconv :app.py [4ms]
2024-09-27 06:49:46.333 [info] > git config --get commit.template [3ms]
2024-09-27 06:49:46.336 [info] > git for-each-ref --format=%(refname)%00%(upstream:short)%00%(objectname)%00%(upstream:track)%00%(upstream:remotename)%00%(upstream:remoteref) refs/heads/main refs/remotes/main [3ms]
2024-09-27 06:49:46.778 [info] > git status -z -uall [440ms]
2024-09-27 06:49:46.784 [info] > git for-each-ref --format=%(refname)%00%(upstream:short)%00%(objectname)%00%(upstream:track)%00%(upstream:remotename)%00%(upstream:remoteref) refs/heads/main refs/remotes/main [3ms]
2024-09-27 06:49:46.788 [info] > git config --local branch.main.vscode-merge-base [2ms]
2024-09-27 06:49:46.788 [warning] [Git][config] git config failed: Failed to execute git
2024-09-27 06:49:46.793 [info] > git reflog main --grep-reflog=branch: Created from *. [3ms]
2024-09-27 06:49:46.796 [info] > git symbolic-ref --short refs/remotes/origin/HEAD [1ms]
2024-09-27 06:49:46.796 [info] fatal: ref refs/remotes/origin/HEAD is not a symbolic ref
2024-09-27 06:49:46.921 [info] > git log --format=%H%n%aN%n%aE%n%at%n%ct%n%P%n%D%n%B -z --shortstat --diff-merges=first-parent -n50 --skip=0 --topo-order --decorate=full 9ea988c0d08f1c053e04c7fc30bc9ba04ca1ab48 [1392ms]
2024-09-27 06:49:53.651 [info] > git config --get commit.template [4ms]
2024-09-27 06:49:53.655 [info] > git for-each-ref --format=%(refname)%00%(upstream:short)%00%(objectname)%00%(upstream:track)%00%(upstream:remotename)%00%(upstream:remoteref) refs/heads/main refs/remotes/main [5ms]
2024-09-27 06:49:55.132 [info] > git status -z -uall [1474ms]
2024-09-27 06:49:55.142 [info] > git for-each-ref --format=%(refname)%00%(upstream:short)%00%(objectname)%00%(upstream:track)%00%(upstream:remotename)%00%(upstream:remoteref) refs/heads/main refs/remotes/main [7ms]
2024-09-27 06:49:55.148 [info] > git config --local branch.main.vscode-merge-base [1ms]
2024-09-27 06:49:55.148 [warning] [Git][config] git config failed: Failed to execute git
2024-09-27 06:49:55.158 [info] > git reflog main --grep-reflog=branch: Created from *. [7ms]
2024-09-27 06:49:55.162 [info] > git symbolic-ref --short refs/remotes/origin/HEAD [2ms]
2024-09-27 06:49:55.162 [info] fatal: ref refs/remotes/origin/HEAD is not a symbolic ref
2024-09-27 06:50:00.144 [info] > git config --get commit.template [3ms]
2024-09-27 06:50:00.148 [info] > git for-each-ref --format=%(refname)%00%(upstream:short)%00%(objectname)%00%(upstream:track)%00%(upstream:remotename)%00%(upstream:remoteref) refs/heads/main refs/remotes/main [5ms]
2024-09-27 06:50:00.681 [info] > git status -z -uall [529ms]
2024-09-27 06:50:00.687 [info] > git for-each-ref --format=%(refname)%00%(upstream:short)%00%(objectname)%00%(upstream:track)%00%(upstream:remotename)%00%(upstream:remoteref) refs/heads/main refs/remotes/main [3ms]
2024-09-27 06:50:00.691 [info] > git config --local branch.main.vscode-merge-base [2ms]
2024-09-27 06:50:00.691 [warning] [Git][config] git config failed: Failed to execute git
2024-09-27 06:50:00.696 [info] > git reflog main --grep-reflog=branch: Created from *. [2ms]
2024-09-27 06:50:00.699 [info] > git symbolic-ref --short refs/remotes/origin/HEAD [2ms]
2024-09-27 06:50:00.699 [info] fatal: ref refs/remotes/origin/HEAD is not a symbolic ref
2024-09-27 06:50:02.148 [info] > git diff-tree -r --name-status -z --diff-filter=ADMR c05eedfad51b7dc04d791da42f47791d84b8fb9e 9ea988c0d08f1c053e04c7fc30bc9ba04ca1ab48 [6ms]
2024-09-27 06:50:03.010 [info] > git show --textconv c05eedfad51b7dc04d791da42f47791d84b8fb9e:.vscode-server/.cli.38c31bc77e0dd6ae88a4e9cc93428cc27a56ba40.log [501ms]
2024-09-27 06:50:03.010 [info] > git show --textconv 9ea988c0d08f1c053e04c7fc30bc9ba04ca1ab48:.vscode-server/.cli.38c31bc77e0dd6ae88a4e9cc93428cc27a56ba40.log [498ms]
2024-09-27 06:50:03.010 [info] > git show --textconv c05eedfad51b7dc04d791da42f47791d84b8fb9e:.vscode-server/cli/servers/Stable-38c31bc77e0dd6ae88a4e9cc93428cc27a56ba40/log.txt [495ms]
2024-09-27 06:50:03.011 [info] > git show --textconv 9ea988c0d08f1c053e04c7fc30bc9ba04ca1ab48:.vscode-server/cli/servers/Stable-38c31bc77e0dd6ae88a4e9cc93428cc27a56ba40/log.txt [494ms]
2024-09-27 06:50:03.011 [info] > git show --textconv c05eedfad51b7dc04d791da42f47791d84b8fb9e:.vscode-server/cli/servers/Stable-38c31bc77e0dd6ae88a4e9cc93428cc27a56ba40/pid.txt [491ms]
2024-09-27 06:50:03.011 [info] > git show --textconv 9ea988c0d08f1c053e04c7fc30bc9ba04ca1ab48:.vscode-server/cli/servers/Stable-38c31bc77e0dd6ae88a4e9cc93428cc27a56ba40/pid.txt [488ms]
2024-09-27 06:50:03.011 [info] > git show --textconv c05eedfad51b7dc04d791da42f47791d84b8fb9e:.vscode-server/data/User/History/-3fa6d4ac/GbJY.html [482ms]
2024-09-27 06:50:03.011 [info] > git show --textconv 9ea988c0d08f1c053e04c7fc30bc9ba04ca1ab48:.vscode-server/data/User/History/-3fa6d4ac/GbJY.html [479ms]
2024-09-27 06:50:03.011 [info] > git show --textconv c05eedfad51b7dc04d791da42f47791d84b8fb9e:.vscode-server/data/User/History/-3fa6d4ac/entries.json [455ms]
2024-09-27 06:50:03.011 [info] > git show --textconv 9ea988c0d08f1c053e04c7fc30bc9ba04ca1ab48:.vscode-server/data/User/History/-3fa6d4ac/entries.json [453ms]
2024-09-27 06:50:03.011 [info] > git show --textconv c05eedfad51b7dc04d791da42f47791d84b8fb9e:.vscode-server/data/User/History/-3fa6d4ac/w4o6.html [449ms]
2024-09-27 06:50:03.012 [info] > git show --textconv 9ea988c0d08f1c053e04c7fc30bc9ba04ca1ab48:.vscode-server/data/User/History/-3fa6d4ac/w4o6.html [448ms]
2024-09-27 06:50:03.012 [info] > git show --textconv c05eedfad51b7dc04d791da42f47791d84b8fb9e:.vscode-server/data/User/History/-7d5fdc4c/DhyM.py [443ms]
2024-09-27 06:50:03.012 [info] > git show --textconv 9ea988c0d08f1c053e04c7fc30bc9ba04ca1ab48:.vscode-server/data/User/History/-7d5fdc4c/DhyM.py [440ms]
2024-09-27 06:50:03.012 [info] > git show --textconv c05eedfad51b7dc04d791da42f47791d84b8fb9e:.vscode-server/data/User/History/-7d5fdc4c/GVEt.py [439ms]
2024-09-27 06:50:03.012 [info] > git show --textconv 9ea988c0d08f1c053e04c7fc30bc9ba04ca1ab48:.vscode-server/data/User/History/-7d5fdc4c/GVEt.py [437ms]
2024-09-27 06:50:03.012 [info] > git show --textconv c05eedfad51b7dc04d791da42f47791d84b8fb9e:.vscode-server/data/User/History/-7d5fdc4c/Vm5G.py [435ms]
2024-09-27 06:50:03.012 [info] > git show --textconv 9ea988c0d08f1c053e04c7fc30bc9ba04ca1ab48:.vscode-server/data/User/History/-7d5fdc4c/Vm5G.py [433ms]
2024-09-27 06:50:03.013 [info] > git show --textconv c05eedfad51b7dc04d791da42f47791d84b8fb9e:.vscode-server/data/User/History/-7d5fdc4c/entries.json [432ms]
2024-09-27 06:50:03.013 [info] > git show --textconv 9ea988c0d08f1c053e04c7fc30bc9ba04ca1ab48:.vscode-server/data/User/History/-7d5fdc4c/entries.json [430ms]
2024-09-27 06:50:03.013 [info] > git show --textconv c05eedfad51b7dc04d791da42f47791d84b8fb9e:.vscode-server/data/User/History/-7d5fdc4c/wSgb.py [428ms]
2024-09-27 06:50:03.013 [info] > git show --textconv 9ea988c0d08f1c053e04c7fc30bc9ba04ca1ab48:.vscode-server/data/User/History/-7d5fdc4c/wSgb.py [426ms]
2024-09-27 06:50:03.013 [info] > git show --textconv c05eedfad51b7dc04d791da42f47791d84b8fb9e:.vscode-server/data/User/History/-7d5fdc4c/z1Wt.py [424ms]
2024-09-27 06:50:03.013 [info] > git show --textconv 9ea988c0d08f1c053e04c7fc30bc9ba04ca1ab48:.vscode-server/data/User/History/-7d5fdc4c/z1Wt.py [423ms]
2024-09-27 06:50:03.013 [info] > git show --textconv c05eedfad51b7dc04d791da42f47791d84b8fb9e:.vscode-server/data/User/History/-7d5fdc4c/zDER.py [421ms]
2024-09-27 06:50:03.014 [info] > git show --textconv 9ea988c0d08f1c053e04c7fc30bc9ba04ca1ab48:.vscode-server/data/User/History/-7d5fdc4c/zDER.py [420ms]
2024-09-27 06:50:03.014 [info] > git show --textconv c05eedfad51b7dc04d791da42f47791d84b8fb9e:.vscode-server/data/User/workspaceStorage/60aa20e0dcf133be3fd05e0f1e205c8e/vscode.lock [418ms]
2024-09-27 06:50:03.014 [info] > git show --textconv 9ea988c0d08f1c053e04c7fc30bc9ba04ca1ab48:.vscode-server/data/User/workspaceStorage/60aa20e0dcf133be3fd05e0f1e205c8e/vscode.lock [416ms]
2024-09-27 06:50:03.014 [info] > git show --textconv c05eedfad51b7dc04d791da42f47791d84b8fb9e:.vscode-server/data/logs/20240926T171838/exthost2/remoteexthost.log [415ms]
2024-09-27 06:50:03.014 [info] > git show --textconv 9ea988c0d08f1c053e04c7fc30bc9ba04ca1ab48:.vscode-server/data/logs/20240926T171838/exthost2/remoteexthost.log [412ms]
2024-09-27 06:50:03.014 [info] > git show --textconv c05eedfad51b7dc04d791da42f47791d84b8fb9e:.vscode-server/data/logs/20240926T171838/exthost2/vscode.git/Git.log [410ms]
2024-09-27 06:50:03.015 [info] > git show --textconv 9ea988c0d08f1c053e04c7fc30bc9ba04ca1ab48:.vscode-server/data/logs/20240926T171838/exthost2/vscode.git/Git.log [409ms]
2024-09-27 06:50:03.015 [info] > git show --textconv c05eedfad51b7dc04d791da42f47791d84b8fb9e:.vscode-server/data/logs/20240926T171838/exthost2/vscode.json-language-features/JSON Language Server.log [407ms]
2024-09-27 06:50:03.015 [info] > git show --textconv 9ea988c0d08f1c053e04c7fc30bc9ba04ca1ab48:.vscode-server/data/logs/20240926T171838/exthost2/vscode.json-language-features/JSON Language Server.log [405ms]
2024-09-27 06:50:03.015 [info] > git show --textconv c05eedfad51b7dc04d791da42f47791d84b8fb9e:.vscode-server/data/logs/20240927T001100/exthost1/ms-python.debugpy/Python Debugger.log [404ms]
2024-09-27 06:50:03.015 [info] > git show --textconv 9ea988c0d08f1c053e04c7fc30bc9ba04ca1ab48:.vscode-server/data/logs/20240927T001100/exthost1/ms-python.debugpy/Python Debugger.log [402ms]
2024-09-27 06:50:03.015 [info] > git show --textconv c05eedfad51b7dc04d791da42f47791d84b8fb9e:.vscode-server/data/logs/20240927T001100/exthost1/ms-python.python/Python Language Server.log [400ms]
2024-09-27 06:50:03.015 [info] > git show --textconv 9ea988c0d08f1c053e04c7fc30bc9ba04ca1ab48:.vscode-server/data/logs/20240927T001100/exthost1/ms-python.python/Python Language Server.log [398ms]
2024-09-27 06:50:03.016 [info] > git show --textconv c05eedfad51b7dc04d791da42f47791d84b8fb9e:.vscode-server/data/logs/20240927T001100/exthost1/ms-python.python/Python Locator.log [398ms]
2024-09-27 06:50:03.016 [info] > git show --textconv 9ea988c0d08f1c053e04c7fc30bc9ba04ca1ab48:.vscode-server/data/logs/20240927T001100/exthost1/ms-python.python/Python Locator.log [396ms]
2024-09-27 06:50:03.016 [info] > git show --textconv c05eedfad51b7dc04d791da42f47791d84b8fb9e:.vscode-server/data/logs/20240927T001100/exthost1/ms-python.python/Python.log [380ms]
2024-09-27 06:50:03.016 [info] > git show --textconv 9ea988c0d08f1c053e04c7fc30bc9ba04ca1ab48:.vscode-server/data/logs/20240927T001100/exthost1/ms-python.python/Python.log [378ms]
2024-09-27 06:50:03.016 [info] > git show --textconv c05eedfad51b7dc04d791da42f47791d84b8fb9e:.vscode-server/data/logs/20240927T001100/exthost1/output_logging_20240927T001107/1-Python Test Log.log [376ms]
2024-09-27 06:50:03.016 [info] > git show --textconv 9ea988c0d08f1c053e04c7fc30bc9ba04ca1ab48:.vscode-server/data/logs/20240927T001100/exthost1/output_logging_20240927T001107/1-Python Test Log.log [374ms]
2024-09-27 06:50:03.016 [info] > git show --textconv c05eedfad51b7dc04d791da42f47791d84b8fb9e:.vscode-server/data/logs/20240927T001100/exthost1/remoteexthost.log [371ms]
2024-09-27 06:50:03.016 [info] > git show --textconv 9ea988c0d08f1c053e04c7fc30bc9ba04ca1ab48:.vscode-server/data/logs/20240927T001100/exthost1/remoteexthost.log [369ms]
2024-09-27 06:50:03.017 [info] > git show --textconv c05eedfad51b7dc04d791da42f47791d84b8fb9e:.vscode-server/data/logs/20240927T001100/exthost1/vscode.git/Git.log [369ms]
2024-09-27 06:50:03.017 [info] > git show --textconv 9ea988c0d08f1c053e04c7fc30bc9ba04ca1ab48:.vscode-server/data/logs/20240927T001100/exthost1/vscode.git/Git.log [367ms]
2024-09-27 06:50:03.017 [info] > git show --textconv c05eedfad51b7dc04d791da42f47791d84b8fb9e:.vscode-server/data/logs/20240927T001100/exthost1/vscode.github/GitHub.log [365ms]
2024-09-27 06:50:03.017 [info] > git show --textconv 9ea988c0d08f1c053e04c7fc30bc9ba04ca1ab48:.vscode-server/data/logs/20240927T001100/exthost1/vscode.github/GitHub.log [361ms]
2024-09-27 06:50:03.017 [info] > git show --textconv c05eedfad51b7dc04d791da42f47791d84b8fb9e:.vscode-server/data/logs/20240927T001100/network.log [359ms]
2024-09-27 06:50:03.017 [info] > git show --textconv 9ea988c0d08f1c053e04c7fc30bc9ba04ca1ab48:.vscode-server/data/logs/20240927T001100/network.log [356ms]
2024-09-27 06:50:03.017 [info] > git show --textconv c05eedfad51b7dc04d791da42f47791d84b8fb9e:.vscode-server/data/logs/20240927T001100/ptyhost.log [355ms]
2024-09-27 06:50:03.018 [info] > git show --textconv 9ea988c0d08f1c053e04c7fc30bc9ba04ca1ab48:.vscode-server/data/logs/20240927T001100/ptyhost.log [354ms]
2024-09-27 06:50:03.018 [info] > git show --textconv c05eedfad51b7dc04d791da42f47791d84b8fb9e:.vscode-server/data/logs/20240927T001100/remoteagent.log [351ms]
2024-09-27 06:50:03.018 [info] > git show --textconv 9ea988c0d08f1c053e04c7fc30bc9ba04ca1ab48:.vscode-server/data/logs/20240927T001100/remoteagent.log [349ms]
2024-09-27 06:50:03.018 [info] > git show --textconv c05eedfad51b7dc04d791da42f47791d84b8fb9e:.vscode-server/data/logs/20240927T033706/exthost1/ms-python.debugpy/Python Debugger.log [347ms]
2024-09-27 06:50:03.018 [info] > git show --textconv 9ea988c0d08f1c053e04c7fc30bc9ba04ca1ab48:.vscode-server/data/logs/20240927T033706/exthost1/ms-python.debugpy/Python Debugger.log [345ms]
2024-09-27 06:50:03.018 [info] > git show --textconv c05eedfad51b7dc04d791da42f47791d84b8fb9e:.vscode-server/data/logs/20240927T033706/exthost1/ms-python.python/Python Language Server.log [343ms]
2024-09-27 06:50:03.018 [info] > git show --textconv 9ea988c0d08f1c053e04c7fc30bc9ba04ca1ab48:.vscode-server/data/logs/20240927T033706/exthost1/ms-python.python/Python Language Server.log [341ms]
2024-09-27 06:50:03.018 [info] > git show --textconv c05eedfad51b7dc04d791da42f47791d84b8fb9e:.vscode-server/data/logs/20240927T033706/exthost1/ms-python.python/Python Locator.log [339ms]
2024-09-27 06:50:03.019 [info] > git show --textconv 9ea988c0d08f1c053e04c7fc30bc9ba04ca1ab48:.vscode-server/data/logs/20240927T033706/exthost1/ms-python.python/Python Locator.log [338ms]
2024-09-27 06:50:03.019 [info] > git show --textconv c05eedfad51b7dc04d791da42f47791d84b8fb9e:.vscode-server/data/logs/20240927T033706/exthost1/ms-python.python/Python.log [335ms]
2024-09-27 06:50:03.019 [info] > git show --textconv 9ea988c0d08f1c053e04c7fc30bc9ba04ca1ab48:.vscode-server/data/logs/20240927T033706/exthost1/ms-python.python/Python.log [333ms]
2024-09-27 06:50:03.019 [info] > git show --textconv c05eedfad51b7dc04d791da42f47791d84b8fb9e:.vscode-server/data/logs/20240927T033706/exthost1/output_logging_20240927T033712/1-Python Test Log.log [327ms]
2024-09-27 06:50:03.019 [info] > git show --textconv 9ea988c0d08f1c053e04c7fc30bc9ba04ca1ab48:.vscode-server/data/logs/20240927T033706/exthost1/output_logging_20240927T033712/1-Python Test Log.log [326ms]
2024-09-27 06:50:03.019 [info] > git show --textconv c05eedfad51b7dc04d791da42f47791d84b8fb9e:.vscode-server/data/logs/20240927T033706/exthost1/output_logging_20240927T033712/2-HTML Language Server.log [324ms]
2024-09-27 06:50:03.020 [info] > git show --textconv 9ea988c0d08f1c053e04c7fc30bc9ba04ca1ab48:.vscode-server/data/logs/20240927T033706/exthost1/output_logging_20240927T033712/2-HTML Language Server.log [323ms]
2024-09-27 06:50:03.020 [info] > git show --textconv c05eedfad51b7dc04d791da42f47791d84b8fb9e:.vscode-server/data/logs/20240927T033706/exthost1/remoteexthost.log [321ms]
2024-09-27 06:50:03.020 [info] > git show --textconv 9ea988c0d08f1c053e04c7fc30bc9ba04ca1ab48:.vscode-server/data/logs/20240927T033706/exthost1/remoteexthost.log [319ms]
2024-09-27 06:50:03.020 [info] > git show --textconv c05eedfad51b7dc04d791da42f47791d84b8fb9e:.vscode-server/data/logs/20240927T033706/exthost1/vscode.git/Git.log [317ms]
2024-09-27 06:50:03.020 [info] > git show --textconv 9ea988c0d08f1c053e04c7fc30bc9ba04ca1ab48:.vscode-server/data/logs/20240927T033706/exthost1/vscode.git/Git.log [315ms]
2024-09-27 06:50:03.020 [info] > git show --textconv c05eedfad51b7dc04d791da42f47791d84b8fb9e:.vscode-server/data/logs/20240927T033706/exthost1/vscode.github/GitHub.log [313ms]
2024-09-27 06:50:03.021 [info] > git show --textconv 9ea988c0d08f1c053e04c7fc30bc9ba04ca1ab48:.vscode-server/data/logs/20240927T033706/exthost1/vscode.github/GitHub.log [311ms]
2024-09-27 06:50:03.021 [info] > git show --textconv c05eedfad51b7dc04d791da42f47791d84b8fb9e:.vscode-server/data/logs/20240927T033706/network.log [310ms]
2024-09-27 06:50:03.021 [info] > git show --textconv 9ea988c0d08f1c053e04c7fc30bc9ba04ca1ab48:.vscode-server/data/logs/20240927T033706/network.log [308ms]
2024-09-27 06:50:03.021 [info] > git show --textconv c05eedfad51b7dc04d791da42f47791d84b8fb9e:.vscode-server/data/logs/20240927T033706/ptyhost.log [307ms]
2024-09-27 06:50:03.021 [info] > git show --textconv 9ea988c0d08f1c053e04c7fc30bc9ba04ca1ab48:.vscode-server/data/logs/20240927T033706/ptyhost.log [305ms]
2024-09-27 06:50:03.021 [info] > git show --textconv c05eedfad51b7dc04d791da42f47791d84b8fb9e:.vscode-server/data/logs/20240927T033706/remoteagent.log [303ms]
2024-09-27 06:50:03.021 [info] > git show --textconv 9ea988c0d08f1c053e04c7fc30bc9ba04ca1ab48:.vscode-server/data/logs/20240927T033706/remoteagent.log [301ms]
2024-09-27 06:50:03.022 [info] > git show --textconv c05eedfad51b7dc04d791da42f47791d84b8fb9e:.vscode-server/data/logs/20240927T064510/exthost1/ms-python.debugpy/Python Debugger.log [299ms]
2024-09-27 06:50:03.022 [info] > git show --textconv 9ea988c0d08f1c053e04c7fc30bc9ba04ca1ab48:.vscode-server/data/logs/20240927T064510/exthost1/ms-python.debugpy/Python Debugger.log [297ms]
2024-09-27 06:50:03.022 [info] > git show --textconv c05eedfad51b7dc04d791da42f47791d84b8fb9e:.vscode-server/data/logs/20240927T064510/exthost1/ms-python.python/Python Language Server.log [296ms]
2024-09-27 06:50:03.022 [info] > git show --textconv 9ea988c0d08f1c053e04c7fc30bc9ba04ca1ab48:.vscode-server/data/logs/20240927T064510/exthost1/ms-python.python/Python Language Server.log [294ms]
2024-09-27 06:50:03.022 [info] > git show --textconv c05eedfad51b7dc04d791da42f47791d84b8fb9e:.vscode-server/data/logs/20240927T064510/exthost1/ms-python.python/Python Locator.log [292ms]
2024-09-27 06:50:03.022 [info] > git show --textconv 9ea988c0d08f1c053e04c7fc30bc9ba04ca1ab48:.vscode-server/data/logs/20240927T064510/exthost1/ms-python.python/Python Locator.log [290ms]
2024-09-27 06:50:03.023 [info] > git show --textconv c05eedfad51b7dc04d791da42f47791d84b8fb9e:.vscode-server/data/logs/20240927T064510/exthost1/ms-python.python/Python.log [290ms]
2024-09-27 06:50:03.023 [info] > git show --textconv 9ea988c0d08f1c053e04c7fc30bc9ba04ca1ab48:.vscode-server/data/logs/20240927T064510/exthost1/ms-python.python/Python.log [288ms]
2024-09-27 06:50:03.023 [info] > git show --textconv c05eedfad51b7dc04d791da42f47791d84b8fb9e:.vscode-server/data/logs/20240927T064510/exthost1/output_logging_20240927T064517/1-Python Test Log.log [286ms]
2024-09-27 06:50:03.023 [info] > git show --textconv 9ea988c0d08f1c053e04c7fc30bc9ba04ca1ab48:.vscode-server/data/logs/20240927T064510/exthost1/output_logging_20240927T064517/1-Python Test Log.log [285ms]
2024-09-27 06:50:03.023 [info] > git show --textconv c05eedfad51b7dc04d791da42f47791d84b8fb9e:.vscode-server/data/logs/20240927T064510/exthost1/remoteexthost.log [283ms]
2024-09-27 06:50:03.023 [info] > git show --textconv 9ea988c0d08f1c053e04c7fc30bc9ba04ca1ab48:.vscode-server/data/logs/20240927T064510/exthost1/remoteexthost.log [281ms]
2024-09-27 06:50:03.023 [info] > git show --textconv c05eedfad51b7dc04d791da42f47791d84b8fb9e:.vscode-server/data/logs/20240927T064510/exthost1/vscode.git/Git.log [278ms]
2024-09-27 06:50:03.024 [info] > git show --textconv 9ea988c0d08f1c053e04c7fc30bc9ba04ca1ab48:.vscode-server/data/logs/20240927T064510/exthost1/vscode.git/Git.log [278ms]
2024-09-27 06:50:03.031 [info] > git show --textconv c05eedfad51b7dc04d791da42f47791d84b8fb9e:.vscode-server/data/logs/20240927T064510/exthost1/vscode.github/GitHub.log [276ms]
2024-09-27 06:50:03.031 [info] > git show --textconv 9ea988c0d08f1c053e04c7fc30bc9ba04ca1ab48:.vscode-server/data/logs/20240927T064510/exthost1/vscode.github/GitHub.log [281ms]
2024-09-27 06:50:03.031 [info] > git show --textconv c05eedfad51b7dc04d791da42f47791d84b8fb9e:.vscode-server/data/logs/20240927T064510/network.log [280ms]
2024-09-27 06:50:03.031 [info] > git show --textconv 9ea988c0d08f1c053e04c7fc30bc9ba04ca1ab48:.vscode-server/data/logs/20240927T064510/network.log [278ms]
2024-09-27 06:50:03.031 [info] > git show --textconv c05eedfad51b7dc04d791da42f47791d84b8fb9e:.vscode-server/data/logs/20240927T064510/ptyhost.log [276ms]
2024-09-27 06:50:03.031 [info] > git show --textconv 9ea988c0d08f1c053e04c7fc30bc9ba04ca1ab48:.vscode-server/data/logs/20240927T064510/ptyhost.log [273ms]
2024-09-27 06:50:03.032 [info] > git show --textconv c05eedfad51b7dc04d791da42f47791d84b8fb9e:.vscode-server/data/logs/20240927T064510/remoteagent.log [273ms]
2024-09-27 06:50:03.032 [info] > git show --textconv 9ea988c0d08f1c053e04c7fc30bc9ba04ca1ab48:.vscode-server/data/logs/20240927T064510/remoteagent.log [271ms]
2024-09-27 06:50:03.032 [info] > git show --textconv c05eedfad51b7dc04d791da42f47791d84b8fb9e:app.py [269ms]
2024-09-27 06:50:03.032 [info] > git show --textconv 9ea988c0d08f1c053e04c7fc30bc9ba04ca1ab48:app.py [267ms]
2024-09-27 06:50:03.032 [info] > git show --textconv c05eedfad51b7dc04d791da42f47791d84b8fb9e:bookstore.db [247ms]
2024-09-27 06:50:03.032 [info] > git show --textconv 9ea988c0d08f1c053e04c7fc30bc9ba04ca1ab48:bookstore.db [246ms]
2024-09-27 06:50:03.033 [info] > git show --textconv c05eedfad51b7dc04d791da42f47791d84b8fb9e:templates/base.html [244ms]
2024-09-27 06:50:03.033 [info] > git show --textconv 9ea988c0d08f1c053e04c7fc30bc9ba04ca1ab48:templates/base.html [243ms]
2024-09-27 06:50:03.034 [info] > git ls-tree -l 9ea988c0d08f1c053e04c7fc30bc9ba04ca1ab48 -- /teamspace/studios/this_studio/.vscode-server/data/logs/20240927T064510/exthost1/ms-python.python/Python Locator.log [77ms]
2024-09-27 06:50:03.035 [info] > git ls-tree -l c05eedfad51b7dc04d791da42f47791d84b8fb9e -- /teamspace/studios/this_studio/.vscode-server/data/logs/20240927T064510/exthost1/ms-python.python/Python Locator.log [80ms]
2024-09-27 06:50:03.035 [info] > git ls-tree -l 9ea988c0d08f1c053e04c7fc30bc9ba04ca1ab48 -- /teamspace/studios/this_studio/.vscode-server/data/logs/20240927T064510/exthost1/ms-python.python/Python Language Server.log [82ms]
2024-09-27 06:50:03.036 [info] > git ls-tree -l c05eedfad51b7dc04d791da42f47791d84b8fb9e -- /teamspace/studios/this_studio/.vscode-server/data/logs/20240927T064510/exthost1/ms-python.python/Python Language Server.log [85ms]
2024-09-27 06:50:03.036 [info] > git ls-tree -l 9ea988c0d08f1c053e04c7fc30bc9ba04ca1ab48 -- /teamspace/studios/this_studio/.vscode-server/data/logs/20240927T064510/exthost1/ms-python.debugpy/Python Debugger.log [86ms]
2024-09-27 06:50:03.036 [info] > git ls-tree -l c05eedfad51b7dc04d791da42f47791d84b8fb9e -- /teamspace/studios/this_studio/.vscode-server/data/logs/20240927T064510/exthost1/ms-python.debugpy/Python Debugger.log [88ms]
2024-09-27 06:50:03.037 [info] > git ls-tree -l 9ea988c0d08f1c053e04c7fc30bc9ba04ca1ab48 -- /teamspace/studios/this_studio/.vscode-server/data/logs/20240927T033706/remoteagent.log [90ms]
2024-09-27 06:50:03.037 [info] > git ls-tree -l c05eedfad51b7dc04d791da42f47791d84b8fb9e -- /teamspace/studios/this_studio/.vscode-server/data/logs/20240927T033706/remoteagent.log [93ms]
2024-09-27 06:50:03.037 [info] > git ls-tree -l 9ea988c0d08f1c053e04c7fc30bc9ba04ca1ab48 -- /teamspace/studios/this_studio/.vscode-server/data/logs/20240927T033706/ptyhost.log [95ms]
2024-09-27 06:50:03.037 [info] > git ls-tree -l c05eedfad51b7dc04d791da42f47791d84b8fb9e -- /teamspace/studios/this_studio/.vscode-server/data/logs/20240927T033706/ptyhost.log [97ms]
2024-09-27 06:50:03.037 [info] > git ls-tree -l 9ea988c0d08f1c053e04c7fc30bc9ba04ca1ab48 -- /teamspace/studios/this_studio/.vscode-server/data/logs/20240927T033706/network.log [98ms]
2024-09-27 06:50:03.038 [info] > git ls-tree -l c05eedfad51b7dc04d791da42f47791d84b8fb9e -- /teamspace/studios/this_studio/.vscode-server/data/logs/20240927T033706/network.log [101ms]
2024-09-27 06:50:03.038 [info] > git ls-tree -l 9ea988c0d08f1c053e04c7fc30bc9ba04ca1ab48 -- /teamspace/studios/this_studio/.vscode-server/data/logs/20240927T033706/exthost1/vscode.github/GitHub.log [103ms]
2024-09-27 06:50:03.038 [info] > git ls-tree -l c05eedfad51b7dc04d791da42f47791d84b8fb9e -- /teamspace/studios/this_studio/.vscode-server/data/logs/20240927T033706/exthost1/vscode.github/GitHub.log [105ms]
2024-09-27 06:50:03.038 [info] > git ls-tree -l 9ea988c0d08f1c053e04c7fc30bc9ba04ca1ab48 -- /teamspace/studios/this_studio/.vscode-server/data/logs/20240927T033706/exthost1/vscode.git/Git.log [106ms]
2024-09-27 06:50:03.038 [info] > git ls-tree -l c05eedfad51b7dc04d791da42f47791d84b8fb9e -- /teamspace/studios/this_studio/.vscode-server/data/logs/20240927T033706/exthost1/vscode.git/Git.log [108ms]
2024-09-27 06:50:03.039 [info] > git ls-tree -l 9ea988c0d08f1c053e04c7fc30bc9ba04ca1ab48 -- /teamspace/studios/this_studio/.vscode-server/data/logs/20240927T033706/exthost1/remoteexthost.log [111ms]
2024-09-27 06:50:03.039 [info] > git ls-tree -l c05eedfad51b7dc04d791da42f47791d84b8fb9e -- /teamspace/studios/this_studio/.vscode-server/data/logs/20240927T033706/exthost1/remoteexthost.log [113ms]
2024-09-27 06:50:03.039 [info] > git ls-tree -l 9ea988c0d08f1c053e04c7fc30bc9ba04ca1ab48 -- /teamspace/studios/this_studio/.vscode-server/data/logs/20240927T033706/exthost1/output_logging_20240927T033712/2-HTML Language Server.log [114ms]
2024-09-27 06:50:03.040 [info] > git ls-tree -l c05eedfad51b7dc04d791da42f47791d84b8fb9e -- /teamspace/studios/this_studio/.vscode-server/data/logs/20240927T033706/exthost1/output_logging_20240927T033712/2-HTML Language Server.log [117ms]
2024-09-27 06:50:03.040 [info] > git ls-tree -l 9ea988c0d08f1c053e04c7fc30bc9ba04ca1ab48 -- /teamspace/studios/this_studio/.vscode-server/data/logs/20240927T033706/exthost1/output_logging_20240927T033712/1-Python Test Log.log [119ms]
2024-09-27 06:50:03.040 [info] > git ls-tree -l c05eedfad51b7dc04d791da42f47791d84b8fb9e -- /teamspace/studios/this_studio/.vscode-server/data/logs/20240927T033706/exthost1/output_logging_20240927T033712/1-Python Test Log.log [121ms]
2024-09-27 06:50:03.040 [info] > git ls-tree -l 9ea988c0d08f1c053e04c7fc30bc9ba04ca1ab48 -- /teamspace/studios/this_studio/.vscode-server/data/logs/20240927T033706/exthost1/ms-python.python/Python.log [122ms]
2024-09-27 06:50:03.041 [info] > git ls-tree -l c05eedfad51b7dc04d791da42f47791d84b8fb9e -- /teamspace/studios/this_studio/.vscode-server/data/logs/20240927T033706/exthost1/ms-python.python/Python.log [124ms]
2024-09-27 06:50:03.041 [info] > git ls-tree -l 9ea988c0d08f1c053e04c7fc30bc9ba04ca1ab48 -- /teamspace/studios/this_studio/.vscode-server/data/logs/20240927T033706/exthost1/ms-python.python/Python Locator.log [127ms]
2024-09-27 06:50:03.041 [info] > git ls-tree -l c05eedfad51b7dc04d791da42f47791d84b8fb9e -- /teamspace/studios/this_studio/.vscode-server/data/logs/20240927T033706/exthost1/ms-python.python/Python Locator.log [128ms]
2024-09-27 06:50:03.041 [info] > git ls-tree -l 9ea988c0d08f1c053e04c7fc30bc9ba04ca1ab48 -- /teamspace/studios/this_studio/.vscode-server/data/logs/20240927T033706/exthost1/ms-python.python/Python Language Server.log [130ms]
2024-09-27 06:50:03.041 [info] > git ls-tree -l c05eedfad51b7dc04d791da42f47791d84b8fb9e -- /teamspace/studios/this_studio/.vscode-server/data/logs/20240927T033706/exthost1/ms-python.python/Python Language Server.log [132ms]
2024-09-27 06:50:03.042 [info] > git ls-tree -l 9ea988c0d08f1c053e04c7fc30bc9ba04ca1ab48 -- /teamspace/studios/this_studio/.vscode-server/data/logs/20240927T033706/exthost1/ms-python.debugpy/Python Debugger.log [136ms]
2024-09-27 06:50:03.042 [info] > git ls-tree -l c05eedfad51b7dc04d791da42f47791d84b8fb9e -- /teamspace/studios/this_studio/.vscode-server/data/logs/20240927T033706/exthost1/ms-python.debugpy/Python Debugger.log [138ms]
2024-09-27 06:50:03.042 [info] > git ls-tree -l 9ea988c0d08f1c053e04c7fc30bc9ba04ca1ab48 -- /teamspace/studios/this_studio/.vscode-server/data/logs/20240927T001100/remoteagent.log [140ms]
2024-09-27 06:50:03.042 [info] > git ls-tree -l c05eedfad51b7dc04d791da42f47791d84b8fb9e -- /teamspace/studios/this_studio/.vscode-server/data/logs/20240927T001100/remoteagent.log [142ms]
2024-09-27 06:50:03.042 [info] > git ls-tree -l 9ea988c0d08f1c053e04c7fc30bc9ba04ca1ab48 -- /teamspace/studios/this_studio/.vscode-server/data/logs/20240927T001100/ptyhost.log [143ms]
2024-09-27 06:50:03.043 [info] > git ls-tree -l c05eedfad51b7dc04d791da42f47791d84b8fb9e -- /teamspace/studios/this_studio/.vscode-server/data/logs/20240927T001100/ptyhost.log [146ms]
2024-09-27 06:50:03.043 [info] > git ls-tree -l 9ea988c0d08f1c053e04c7fc30bc9ba04ca1ab48 -- /teamspace/studios/this_studio/.vscode-server/data/logs/20240927T001100/network.log [148ms]
2024-09-27 06:50:03.043 [info] > git ls-tree -l c05eedfad51b7dc04d791da42f47791d84b8fb9e -- /teamspace/studios/this_studio/.vscode-server/data/logs/20240927T001100/network.log [149ms]
2024-09-27 06:50:03.043 [info] > git ls-tree -l 9ea988c0d08f1c053e04c7fc30bc9ba04ca1ab48 -- /teamspace/studios/this_studio/.vscode-server/data/logs/20240927T001100/exthost1/vscode.github/GitHub.log [151ms]
2024-09-27 06:50:03.044 [info] > git ls-tree -l c05eedfad51b7dc04d791da42f47791d84b8fb9e -- /teamspace/studios/this_studio/.vscode-server/data/logs/20240927T001100/exthost1/vscode.github/GitHub.log [154ms]
2024-09-27 06:50:03.044 [info] > git ls-tree -l 9ea988c0d08f1c053e04c7fc30bc9ba04ca1ab48 -- /teamspace/studios/this_studio/.vscode-server/data/logs/20240927T001100/exthost1/vscode.git/Git.log [159ms]
2024-09-27 06:50:03.044 [info] > git ls-tree -l c05eedfad51b7dc04d791da42f47791d84b8fb9e -- /teamspace/studios/this_studio/.vscode-server/data/logs/20240927T001100/exthost1/vscode.git/Git.log [161ms]
2024-09-27 06:50:03.044 [info] > git ls-tree -l 9ea988c0d08f1c053e04c7fc30bc9ba04ca1ab48 -- /teamspace/studios/this_studio/.vscode-server/data/logs/20240927T001100/exthost1/remoteexthost.log [163ms]
2024-09-27 06:50:03.045 [info] > git ls-tree -l c05eedfad51b7dc04d791da42f47791d84b8fb9e -- /teamspace/studios/this_studio/.vscode-server/data/logs/20240927T001100/exthost1/remoteexthost.log [165ms]
2024-09-27 06:50:03.045 [info] > git ls-tree -l 9ea988c0d08f1c053e04c7fc30bc9ba04ca1ab48 -- /teamspace/studios/this_studio/.vscode-server/data/logs/20240927T001100/exthost1/output_logging_20240927T001107/1-Python Test Log.log [167ms]
2024-09-27 06:50:03.045 [info] > git ls-tree -l c05eedfad51b7dc04d791da42f47791d84b8fb9e -- /teamspace/studios/this_studio/.vscode-server/data/logs/20240927T001100/exthost1/output_logging_20240927T001107/1-Python Test Log.log [169ms]
2024-09-27 06:50:03.045 [info] > git ls-tree -l 9ea988c0d08f1c053e04c7fc30bc9ba04ca1ab48 -- /teamspace/studios/this_studio/.vscode-server/data/logs/20240927T001100/exthost1/ms-python.python/Python.log [171ms]
2024-09-27 06:50:03.045 [info] > git ls-tree -l c05eedfad51b7dc04d791da42f47791d84b8fb9e -- /teamspace/studios/this_studio/.vscode-server/data/logs/20240927T001100/exthost1/ms-python.python/Python.log [173ms]
2024-09-27 06:50:03.046 [info] > git ls-tree -l 9ea988c0d08f1c053e04c7fc30bc9ba04ca1ab48 -- /teamspace/studios/this_studio/.vscode-server/data/logs/20240927T001100/exthost1/ms-python.python/Python Locator.log [177ms]
2024-09-27 06:50:03.046 [info] > git ls-tree -l c05eedfad51b7dc04d791da42f47791d84b8fb9e -- /teamspace/studios/this_studio/.vscode-server/data/logs/20240927T001100/exthost1/ms-python.python/Python Locator.log [178ms]
2024-09-27 06:50:03.046 [info] > git ls-tree -l 9ea988c0d08f1c053e04c7fc30bc9ba04ca1ab48 -- /teamspace/studios/this_studio/.vscode-server/data/logs/20240927T001100/exthost1/ms-python.python/Python Language Server.log [181ms]
2024-09-27 06:50:03.046 [info] > git ls-tree -l c05eedfad51b7dc04d791da42f47791d84b8fb9e -- /teamspace/studios/this_studio/.vscode-server/data/logs/20240927T001100/exthost1/ms-python.python/Python Language Server.log [183ms]
2024-09-27 06:50:03.046 [info] > git ls-tree -l 9ea988c0d08f1c053e04c7fc30bc9ba04ca1ab48 -- /teamspace/studios/this_studio/.vscode-server/data/logs/20240927T001100/exthost1/ms-python.debugpy/Python Debugger.log [184ms]
2024-09-27 06:50:03.046 [info] > git ls-tree -l c05eedfad51b7dc04d791da42f47791d84b8fb9e -- /teamspace/studios/this_studio/.vscode-server/data/logs/20240927T001100/exthost1/ms-python.debugpy/Python Debugger.log [186ms]
2024-09-27 06:50:03.047 [info] > git ls-tree -l 9ea988c0d08f1c053e04c7fc30bc9ba04ca1ab48 -- /teamspace/studios/this_studio/.vscode-server/data/logs/20240926T171838/exthost2/vscode.json-language-features/JSON Language Server.log [189ms]
2024-09-27 06:50:03.047 [info] > git ls-tree -l c05eedfad51b7dc04d791da42f47791d84b8fb9e -- /teamspace/studios/this_studio/.vscode-server/data/logs/20240926T171838/exthost2/vscode.json-language-features/JSON Language Server.log [192ms]
2024-09-27 06:50:03.047 [info] > git ls-tree -l 9ea988c0d08f1c053e04c7fc30bc9ba04ca1ab48 -- /teamspace/studios/this_studio/.vscode-server/data/logs/20240926T171838/exthost2/vscode.git/Git.log [193ms]
2024-09-27 06:50:03.047 [info] > git ls-tree -l c05eedfad51b7dc04d791da42f47791d84b8fb9e -- /teamspace/studios/this_studio/.vscode-server/data/logs/20240926T171838/exthost2/vscode.git/Git.log [195ms]
2024-09-27 06:50:03.048 [info] > git ls-tree -l 9ea988c0d08f1c053e04c7fc30bc9ba04ca1ab48 -- /teamspace/studios/this_studio/.vscode-server/data/logs/20240926T171838/exthost2/remoteexthost.log [198ms]
2024-09-27 06:50:03.048 [info] > git ls-tree -l c05eedfad51b7dc04d791da42f47791d84b8fb9e -- /teamspace/studios/this_studio/.vscode-server/data/logs/20240926T171838/exthost2/remoteexthost.log [201ms]
2024-09-27 06:50:03.048 [info] > git ls-tree -l 9ea988c0d08f1c053e04c7fc30bc9ba04ca1ab48 -- /teamspace/studios/this_studio/.vscode-server/data/User/workspaceStorage/60aa20e0dcf133be3fd05e0f1e205c8e/vscode.lock [203ms]
2024-09-27 06:50:03.048 [info] > git ls-tree -l c05eedfad51b7dc04d791da42f47791d84b8fb9e -- /teamspace/studios/this_studio/.vscode-server/data/User/workspaceStorage/60aa20e0dcf133be3fd05e0f1e205c8e/vscode.lock [205ms]
2024-09-27 06:50:03.049 [info] > git ls-tree -l 9ea988c0d08f1c053e04c7fc30bc9ba04ca1ab48 -- /teamspace/studios/this_studio/.vscode-server/data/User/History/-7d5fdc4c/zDER.py [208ms]
2024-09-27 06:50:03.049 [info] > git ls-tree -l c05eedfad51b7dc04d791da42f47791d84b8fb9e -- /teamspace/studios/this_studio/.vscode-server/data/User/History/-7d5fdc4c/zDER.py [209ms]
2024-09-27 06:50:03.049 [info] > git ls-tree -l 9ea988c0d08f1c053e04c7fc30bc9ba04ca1ab48 -- /teamspace/studios/this_studio/.vscode-server/data/User/History/-7d5fdc4c/z1Wt.py [211ms]
2024-09-27 06:50:03.049 [info] > git ls-tree -l c05eedfad51b7dc04d791da42f47791d84b8fb9e -- /teamspace/studios/this_studio/.vscode-server/data/User/History/-7d5fdc4c/z1Wt.py [214ms]
2024-09-27 06:50:03.049 [info] > git ls-tree -l 9ea988c0d08f1c053e04c7fc30bc9ba04ca1ab48 -- /teamspace/studios/this_studio/.vscode-server/data/User/History/-7d5fdc4c/wSgb.py [215ms]
2024-09-27 06:50:03.050 [info] > git ls-tree -l c05eedfad51b7dc04d791da42f47791d84b8fb9e -- /teamspace/studios/this_studio/.vscode-server/data/User/History/-7d5fdc4c/wSgb.py [218ms]
2024-09-27 06:50:03.050 [info] > git ls-tree -l 9ea988c0d08f1c053e04c7fc30bc9ba04ca1ab48 -- /teamspace/studios/this_studio/.vscode-server/data/User/History/-7d5fdc4c/entries.json [220ms]
2024-09-27 06:50:03.050 [info] > git ls-tree -l c05eedfad51b7dc04d791da42f47791d84b8fb9e -- /teamspace/studios/this_studio/.vscode-server/data/User/History/-7d5fdc4c/entries.json [221ms]
2024-09-27 06:50:03.050 [info] > git ls-tree -l 9ea988c0d08f1c053e04c7fc30bc9ba04ca1ab48 -- /teamspace/studios/this_studio/.vscode-server/data/User/History/-7d5fdc4c/Vm5G.py [223ms]
2024-09-27 06:50:03.050 [info] > git ls-tree -l c05eedfad51b7dc04d791da42f47791d84b8fb9e -- /teamspace/studios/this_studio/.vscode-server/data/User/History/-7d5fdc4c/Vm5G.py [225ms]
2024-09-27 06:50:03.050 [info] > git ls-tree -l 9ea988c0d08f1c053e04c7fc30bc9ba04ca1ab48 -- /teamspace/studios/this_studio/.vscode-server/data/User/History/-7d5fdc4c/GVEt.py [227ms]
2024-09-27 06:50:03.051 [info] > git ls-tree -l c05eedfad51b7dc04d791da42f47791d84b8fb9e -- /teamspace/studios/this_studio/.vscode-server/data/User/History/-7d5fdc4c/GVEt.py [230ms]
2024-09-27 06:50:03.051 [info] > git ls-tree -l 9ea988c0d08f1c053e04c7fc30bc9ba04ca1ab48 -- /teamspace/studios/this_studio/.vscode-server/data/User/History/-7d5fdc4c/DhyM.py [231ms]
2024-09-27 06:50:03.051 [info] > git ls-tree -l c05eedfad51b7dc04d791da42f47791d84b8fb9e -- /teamspace/studios/this_studio/.vscode-server/data/User/History/-7d5fdc4c/DhyM.py [233ms]
2024-09-27 06:50:03.052 [info] > git ls-tree -l 9ea988c0d08f1c053e04c7fc30bc9ba04ca1ab48 -- /teamspace/studios/this_studio/.vscode-server/data/User/History/-3fa6d4ac/w4o6.html [236ms]
2024-09-27 06:50:03.052 [info] > git ls-tree -l c05eedfad51b7dc04d791da42f47791d84b8fb9e -- /teamspace/studios/this_studio/.vscode-server/data/User/History/-3fa6d4ac/w4o6.html [238ms]
2024-09-27 06:50:03.053 [info] > git ls-tree -l 9ea988c0d08f1c053e04c7fc30bc9ba04ca1ab48 -- /teamspace/studios/this_studio/.vscode-server/data/User/History/-3fa6d4ac/entries.json [239ms]
2024-09-27 06:50:03.053 [info] > git ls-tree -l c05eedfad51b7dc04d791da42f47791d84b8fb9e -- /teamspace/studios/this_studio/.vscode-server/data/User/History/-3fa6d4ac/entries.json [242ms]
2024-09-27 06:50:03.053 [info] > git ls-tree -l 9ea988c0d08f1c053e04c7fc30bc9ba04ca1ab48 -- /teamspace/studios/this_studio/.vscode-server/data/User/History/-3fa6d4ac/GbJY.html [244ms]
2024-09-27 06:50:03.053 [info] > git ls-tree -l c05eedfad51b7dc04d791da42f47791d84b8fb9e -- /teamspace/studios/this_studio/.vscode-server/data/User/History/-3fa6d4ac/GbJY.html [245ms]
2024-09-27 06:50:03.054 [info] > git ls-tree -l 9ea988c0d08f1c053e04c7fc30bc9ba04ca1ab48 -- /teamspace/studios/this_studio/.vscode-server/data/CachedProfilesData/__default__profile__/extensions.builtin.cache [248ms]
2024-09-27 06:50:03.054 [info] > git ls-tree -l c05eedfad51b7dc04d791da42f47791d84b8fb9e -- /teamspace/studios/this_studio/.vscode-server/data/CachedProfilesData/__default__profile__/extensions.builtin.cache [250ms]
2024-09-27 06:50:03.054 [info] > git ls-tree -l 9ea988c0d08f1c053e04c7fc30bc9ba04ca1ab48 -- /teamspace/studios/this_studio/.vscode-server/cli/servers/Stable-38c31bc77e0dd6ae88a4e9cc93428cc27a56ba40/pid.txt [251ms]
2024-09-27 06:50:03.055 [info] > git ls-tree -l c05eedfad51b7dc04d791da42f47791d84b8fb9e -- /teamspace/studios/this_studio/.vscode-server/cli/servers/Stable-38c31bc77e0dd6ae88a4e9cc93428cc27a56ba40/pid.txt [254ms]
2024-09-27 06:50:03.055 [info] > git ls-tree -l 9ea988c0d08f1c053e04c7fc30bc9ba04ca1ab48 -- /teamspace/studios/this_studio/.vscode-server/cli/servers/Stable-38c31bc77e0dd6ae88a4e9cc93428cc27a56ba40/log.txt [256ms]
2024-09-27 06:50:03.056 [info] > git ls-tree -l c05eedfad51b7dc04d791da42f47791d84b8fb9e -- /teamspace/studios/this_studio/.vscode-server/cli/servers/Stable-38c31bc77e0dd6ae88a4e9cc93428cc27a56ba40/log.txt [259ms]
2024-09-27 06:50:03.056 [info] > git ls-tree -l 9ea988c0d08f1c053e04c7fc30bc9ba04ca1ab48 -- /teamspace/studios/this_studio/.vscode-server/.cli.38c31bc77e0dd6ae88a4e9cc93428cc27a56ba40.log [262ms]
2024-09-27 06:50:03.056 [info] > git ls-tree -l c05eedfad51b7dc04d791da42f47791d84b8fb9e -- /teamspace/studios/this_studio/.vscode-server/.cli.38c31bc77e0dd6ae88a4e9cc93428cc27a56ba40.log [264ms]
2024-09-27 06:50:03.077 [info] > git show --textconv c05eedfad51b7dc04d791da42f47791d84b8fb9e:.vscode-server/data/CachedProfilesData/__default__profile__/extensions.builtin.cache [552ms]
2024-09-27 06:50:03.078 [info] > git show --textconv 9ea988c0d08f1c053e04c7fc30bc9ba04ca1ab48:.vscode-server/data/CachedProfilesData/__default__profile__/extensions.builtin.cache [549ms]
2024-09-27 06:50:03.078 [info] > git ls-tree -l 9ea988c0d08f1c053e04c7fc30bc9ba04ca1ab48 -- /teamspace/studios/this_studio/templates/base.html [80ms]
2024-09-27 06:50:03.078 [info] > git ls-tree -l c05eedfad51b7dc04d791da42f47791d84b8fb9e -- /teamspace/studios/this_studio/templates/base.html [82ms]
2024-09-27 06:50:03.078 [info] > git ls-tree -l 9ea988c0d08f1c053e04c7fc30bc9ba04ca1ab48 -- /teamspace/studios/this_studio/bookstore.db [83ms]
2024-09-27 06:50:03.078 [info] > git ls-tree -l c05eedfad51b7dc04d791da42f47791d84b8fb9e -- /teamspace/studios/this_studio/bookstore.db [85ms]
2024-09-27 06:50:03.078 [info] > git ls-tree -l 9ea988c0d08f1c053e04c7fc30bc9ba04ca1ab48 -- /teamspace/studios/this_studio/app.py [87ms]
2024-09-27 06:50:03.079 [info] > git ls-tree -l c05eedfad51b7dc04d791da42f47791d84b8fb9e -- /teamspace/studios/this_studio/app.py [88ms]
2024-09-27 06:50:03.079 [info] > git ls-tree -l 9ea988c0d08f1c053e04c7fc30bc9ba04ca1ab48 -- /teamspace/studios/this_studio/.vscode-server/data/logs/20240927T064510/remoteagent.log [91ms]
2024-09-27 06:50:03.079 [info] > git ls-tree -l c05eedfad51b7dc04d791da42f47791d84b8fb9e -- /teamspace/studios/this_studio/.vscode-server/data/logs/20240927T064510/remoteagent.log [93ms]
2024-09-27 06:50:03.079 [info] > git ls-tree -l 9ea988c0d08f1c053e04c7fc30bc9ba04ca1ab48 -- /teamspace/studios/this_studio/.vscode-server/data/logs/20240927T064510/ptyhost.log [94ms]
2024-09-27 06:50:03.079 [info] > git ls-tree -l c05eedfad51b7dc04d791da42f47791d84b8fb9e -- /teamspace/studios/this_studio/.vscode-server/data/logs/20240927T064510/ptyhost.log [96ms]
2024-09-27 06:50:03.079 [info] > git ls-tree -l 9ea988c0d08f1c053e04c7fc30bc9ba04ca1ab48 -- /teamspace/studios/this_studio/.vscode-server/data/logs/20240927T064510/network.log [98ms]
2024-09-27 06:50:03.079 [info] > git ls-tree -l c05eedfad51b7dc04d791da42f47791d84b8fb9e -- /teamspace/studios/this_studio/.vscode-server/data/logs/20240927T064510/network.log [100ms]
2024-09-27 06:50:03.079 [info] > git ls-tree -l 9ea988c0d08f1c053e04c7fc30bc9ba04ca1ab48 -- /teamspace/studios/this_studio/.vscode-server/data/logs/20240927T064510/exthost1/vscode.github/GitHub.log [101ms]
2024-09-27 06:50:03.079 [info] > git ls-tree -l c05eedfad51b7dc04d791da42f47791d84b8fb9e -- /teamspace/studios/this_studio/.vscode-server/data/logs/20240927T064510/exthost1/vscode.github/GitHub.log [103ms]
2024-09-27 06:50:03.079 [info] > git ls-tree -l 9ea988c0d08f1c053e04c7fc30bc9ba04ca1ab48 -- /teamspace/studios/this_studio/.vscode-server/data/logs/20240927T064510/exthost1/vscode.git/Git.log [105ms]
2024-09-27 06:50:03.079 [info] > git ls-tree -l c05eedfad51b7dc04d791da42f47791d84b8fb9e -- /teamspace/studios/this_studio/.vscode-server/data/logs/20240927T064510/exthost1/vscode.git/Git.log [107ms]
2024-09-27 06:50:03.080 [info] > git ls-tree -l 9ea988c0d08f1c053e04c7fc30bc9ba04ca1ab48 -- /teamspace/studios/this_studio/.vscode-server/data/logs/20240927T064510/exthost1/remoteexthost.log [108ms]
2024-09-27 06:50:03.080 [info] > git ls-tree -l c05eedfad51b7dc04d791da42f47791d84b8fb9e -- /teamspace/studios/this_studio/.vscode-server/data/logs/20240927T064510/exthost1/remoteexthost.log [111ms]
2024-09-27 06:50:03.080 [info] > git ls-tree -l 9ea988c0d08f1c053e04c7fc30bc9ba04ca1ab48 -- /teamspace/studios/this_studio/.vscode-server/data/logs/20240927T064510/exthost1/output_logging_20240927T064517/1-Python Test Log.log [113ms]
2024-09-27 06:50:03.080 [info] > git ls-tree -l c05eedfad51b7dc04d791da42f47791d84b8fb9e -- /teamspace/studios/this_studio/.vscode-server/data/logs/20240927T064510/exthost1/output_logging_20240927T064517/1-Python Test Log.log [114ms]
2024-09-27 06:50:03.080 [info] > git ls-tree -l 9ea988c0d08f1c053e04c7fc30bc9ba04ca1ab48 -- /teamspace/studios/this_studio/.vscode-server/data/logs/20240927T064510/exthost1/ms-python.python/Python.log [118ms]
2024-09-27 06:50:03.080 [info] > git ls-tree -l c05eedfad51b7dc04d791da42f47791d84b8fb9e -- /teamspace/studios/this_studio/.vscode-server/data/logs/20240927T064510/exthost1/ms-python.python/Python.log [122ms]
2024-09-27 06:50:03.469 [info] > git check-ignore -v -z --stdin [5ms]
2024-09-27 06:50:05.690 [info] > git config --get commit.template [2ms]
2024-09-27 06:50:05.693 [info] > git for-each-ref --format=%(refname)%00%(upstream:short)%00%(objectname)%00%(upstream:track)%00%(upstream:remotename)%00%(upstream:remoteref) refs/heads/main refs/remotes/main [3ms]
2024-09-27 06:50:05.775 [info] > git ls-files --stage -- /teamspace/studios/this_studio/app.py [4ms]
2024-09-27 06:50:05.777 [info] > git show --textconv :app.py [9ms]
2024-09-27 06:50:05.780 [info] > git cat-file -s 7583cd5201ca6eef8cede1e6664eda579f3ad2cf [3ms]
2024-09-27 06:50:06.118 [info] > git status -z -uall [422ms]
2024-09-27 06:50:06.124 [info] > git for-each-ref --format=%(refname)%00%(upstream:short)%00%(objectname)%00%(upstream:track)%00%(upstream:remotename)%00%(upstream:remoteref) refs/heads/main refs/remotes/main [3ms]
2024-09-27 06:50:06.128 [info] > git config --local branch.main.vscode-merge-base [2ms]
2024-09-27 06:50:06.128 [warning] [Git][config] git config failed: Failed to execute git
2024-09-27 06:50:06.133 [info] > git reflog main --grep-reflog=branch: Created from *. [3ms]
2024-09-27 06:50:06.136 [info] > git symbolic-ref --short refs/remotes/origin/HEAD [1ms]
2024-09-27 06:50:06.136 [info] fatal: ref refs/remotes/origin/HEAD is not a symbolic ref
2024-09-27 06:50:06.996 [info] > git check-ignore -v -z --stdin [5ms]
2024-09-27 07:25:35.393 [info] > git ls-tree -l 9ea988c0d08f1c053e04c7fc30bc9ba04ca1ab48 -- /teamspace/studios/this_studio/.vscode-server/cli/servers/Stable-38c31bc77e0dd6ae88a4e9cc93428cc27a56ba40/log.txt [7ms]
2024-09-27 07:25:35.394 [info] > git ls-tree -l c05eedfad51b7dc04d791da42f47791d84b8fb9e -- /teamspace/studios/this_studio/.vscode-server/cli/servers/Stable-38c31bc77e0dd6ae88a4e9cc93428cc27a56ba40/log.txt [11ms]
2024-09-27 07:25:35.394 [info] > git ls-tree -l 9ea988c0d08f1c053e04c7fc30bc9ba04ca1ab48 -- /teamspace/studios/this_studio/.vscode-server/.cli.38c31bc77e0dd6ae88a4e9cc93428cc27a56ba40.log [14ms]
2024-09-27 07:25:35.394 [info] > git ls-tree -l c05eedfad51b7dc04d791da42f47791d84b8fb9e -- /teamspace/studios/this_studio/.vscode-server/.cli.38c31bc77e0dd6ae88a4e9cc93428cc27a56ba40.log [16ms]
2024-09-27 07:25:35.398 [info] > git config --get commit.template [6ms]
2024-09-27 07:25:35.401 [info] > git for-each-ref --format=%(refname)%00%(upstream:short)%00%(objectname)%00%(upstream:track)%00%(upstream:remotename)%00%(upstream:remoteref) refs/heads/main refs/remotes/main [4ms]
2024-09-27 07:25:35.497 [info] > git fetch [109ms]
2024-09-27 07:25:35.501 [info] > git status -z -uall [98ms] (cancelled)
2024-09-27 07:25:35.504 [info] > git config --get commit.template [3ms]
2024-09-27 07:25:35.507 [info] > git for-each-ref --format=%(refname)%00%(upstream:short)%00%(objectname)%00%(upstream:track)%00%(upstream:remotename)%00%(upstream:remoteref) refs/heads/main refs/remotes/main [3ms]
2024-09-27 07:25:36.121 [info] > git status -z -uall [611ms]
2024-09-27 07:25:36.128 [info] > git for-each-ref --format=%(refname)%00%(upstream:short)%00%(objectname)%00%(upstream:track)%00%(upstream:remotename)%00%(upstream:remoteref) refs/heads/main refs/remotes/main [4ms]
2024-09-27 07:25:36.132 [info] > git config --local branch.main.vscode-merge-base [2ms]
2024-09-27 07:25:36.133 [warning] [Git][config] git config failed: Failed to execute git
2024-09-27 07:25:36.138 [info] > git reflog main --grep-reflog=branch: Created from *. [3ms]
2024-09-27 07:25:36.142 [info] > git symbolic-ref --short refs/remotes/origin/HEAD [2ms]
2024-09-27 07:25:36.143 [info] fatal: ref refs/remotes/origin/HEAD is not a symbolic ref
2024-09-27 07:25:37.031 [info] > git check-ignore -v -z --stdin [4ms]
2024-09-27 07:25:37.247 [info] > git ls-tree -l c05eedfad51b7dc04d791da42f47791d84b8fb9e -- /teamspace/studios/this_studio/app.py [6ms]
2024-09-27 07:25:37.247 [info] > git ls-tree -l 9ea988c0d08f1c053e04c7fc30bc9ba04ca1ab48 -- /teamspace/studios/this_studio/app.py [4ms]
2024-09-27 07:25:37.250 [info] > git ls-files --stage -- /teamspace/studios/this_studio/app.py [5ms]
2024-09-27 07:25:37.254 [info] > git cat-file -s 7583cd5201ca6eef8cede1e6664eda579f3ad2cf [2ms]
2024-09-27 07:25:37.526 [info] > git show --textconv c05eedfad51b7dc04d791da42f47791d84b8fb9e:app.py [10ms]
2024-09-27 07:25:37.528 [info] > git show --textconv 9ea988c0d08f1c053e04c7fc30bc9ba04ca1ab48:app.py [10ms]
2024-09-27 07:25:37.530 [info] > git show --textconv :app.py [5ms]
2024-09-27 07:28:45.608 [info] > git ls-tree -l c05eedfad51b7dc04d791da42f47791d84b8fb9e -- /teamspace/studios/this_studio/.vscode-server/cli/servers/Stable-38c31bc77e0dd6ae88a4e9cc93428cc27a56ba40/log.txt [9ms]
2024-09-27 07:28:45.609 [info] > git ls-tree -l 9ea988c0d08f1c053e04c7fc30bc9ba04ca1ab48 -- /teamspace/studios/this_studio/.vscode-server/.cli.38c31bc77e0dd6ae88a4e9cc93428cc27a56ba40.log [13ms]
2024-09-27 07:28:45.610 [info] > git ls-tree -l c05eedfad51b7dc04d791da42f47791d84b8fb9e -- /teamspace/studios/this_studio/.vscode-server/.cli.38c31bc77e0dd6ae88a4e9cc93428cc27a56ba40.log [16ms]
2024-09-27 07:28:45.611 [info] > git config --get commit.template [3ms]
2024-09-27 07:28:45.611 [info] > git ls-tree -l 9ea988c0d08f1c053e04c7fc30bc9ba04ca1ab48 -- /teamspace/studios/this_studio/.vscode-server/cli/servers/Stable-38c31bc77e0dd6ae88a4e9cc93428cc27a56ba40/log.txt [10ms]
2024-09-27 07:28:45.617 [info] > git for-each-ref --format=%(refname)%00%(upstream:short)%00%(objectname)%00%(upstream:track)%00%(upstream:remotename)%00%(upstream:remoteref) refs/heads/main refs/remotes/main [3ms]
2024-09-27 07:28:45.693 [info] > git fetch [89ms]
2024-09-27 07:28:45.698 [info] > git status -z -uall [78ms] (cancelled)
2024-09-27 07:28:45.702 [info] > git config --get commit.template [5ms]
2024-09-27 07:28:45.707 [info] > git for-each-ref --format=%(refname)%00%(upstream:short)%00%(objectname)%00%(upstream:track)%00%(upstream:remotename)%00%(upstream:remoteref) refs/heads/main refs/remotes/main [4ms]
2024-09-27 07:28:45.911 [info] > git show --textconv c05eedfad51b7dc04d791da42f47791d84b8fb9e:.vscode-server/cli/servers/Stable-38c31bc77e0dd6ae88a4e9cc93428cc27a56ba40/log.txt [19ms]
2024-09-27 07:28:45.911 [info] > git show --textconv 9ea988c0d08f1c053e04c7fc30bc9ba04ca1ab48:.vscode-server/.cli.38c31bc77e0dd6ae88a4e9cc93428cc27a56ba40.log [10ms]
2024-09-27 07:28:45.911 [info] > git show --textconv c05eedfad51b7dc04d791da42f47791d84b8fb9e:.vscode-server/.cli.38c31bc77e0dd6ae88a4e9cc93428cc27a56ba40.log [3ms]
2024-09-27 07:28:45.915 [info] > git show --textconv 9ea988c0d08f1c053e04c7fc30bc9ba04ca1ab48:.vscode-server/cli/servers/Stable-38c31bc77e0dd6ae88a4e9cc93428cc27a56ba40/log.txt [4ms]
