2024-09-26 11:47:36.151 [info] Experiment 'pythonRecommendTensorboardExt' is active
2024-09-26 11:47:36.151 [info] Experiment 'pythonTerminalEnvVarActivation' is active
2024-09-26 11:47:36.151 [info] Experiment 'pythonTestAdapter' is active
2024-09-26 11:47:36.151 [warning] Dir "/teamspace/studios/this_studio/.pixi/envs" is not watchable (directory does not exist)
2024-09-26 11:47:36.248 [info] Default formatter is set to null for workspace /teamspace/studios/this_studio
2024-09-26 11:47:36.771 [info] Python interpreter path: /home/zeus/miniconda3/envs/cloudspace/bin/python
2024-09-26 11:47:37.245 [info] > pyenv which python
2024-09-26 11:47:37.245 [info] cwd: .
2024-09-26 11:47:49.792 [info] Starting Pylance language server.
2024-09-26 11:47:49.799 [info] > conda info --json
2024-09-26 11:48:47.223 [info] Discover tests for workspace name: this_studio - uri: /teamspace/studios/this_studio/app.py
2024-09-26 12:01:11.605 [info] Discover tests for workspace name: this_studio - uri: /teamspace/studios/this_studio/data_loader.py
2024-09-26 12:01:20.340 [info] Discover tests for workspace name: this_studio - uri: /teamspace/studios/this_studio/app.py
2024-09-26 12:04:29.830 [info] CreateEnv Trigger - Skipping for /teamspace/studios/this_studio/app.py
2024-09-26 12:04:30.582 [info] Discover tests for workspace name: this_studio - uri: /teamspace/studios/this_studio/app.py
2024-09-26 12:04:30.668 [info] Send text to terminal: /home/zeus/miniconda3/envs/cloudspace/bin/python /teamspace/studios/this_studio/app.py
2024-09-26 12:05:55.308 [info] Discover tests for workspace name: this_studio - uri: /teamspace/studios/this_studio/data_loader.py
2024-09-26 12:06:03.151 [info] Discover tests for workspace name: this_studio - uri: /teamspace/studios/this_studio/data_loader.py
2024-09-26 12:06:11.528 [info] Discover tests for workspace name: this_studio - uri: /teamspace/studios/this_studio/data_loader.py
2024-09-26 12:09:56.949 [info] Discover tests for workspace name: this_studio - uri: /teamspace/studios/this_studio/data_loader.py
2024-09-26 12:09:59.714 [info] Send text to terminal: /home/zeus/miniconda3/envs/cloudspace/bin/python /teamspace/studios/this_studio/data_loader.py
2024-09-26 12:14:48.419 [info] Discover tests for workspace name: this_studio - uri: /teamspace/studios/this_studio/app.py
2024-09-26 12:15:13.096 [info] Discover tests for workspace name: this_studio - uri: /teamspace/studios/this_studio/data_loader.py
2024-09-26 12:15:22.454 [info] Discover tests for workspace name: this_studio - uri: /teamspace/studios/this_studio/config.py
2024-09-26 12:16:17.653 [info] Send text to terminal: /home/zeus/miniconda3/envs/cloudspace/bin/python /teamspace/studios/this_studio/app.py
2024-09-26 12:17:07.836 [info] Discover tests for workspace name: this_studio - uri: /teamspace/studios/this_studio/data_loader.py
2024-09-26 12:19:18.764 [info] Discover tests for workspace name: this_studio - uri: /teamspace/studios/this_studio/app.py
2024-09-26 12:19:24.651 [info] Send text to terminal: /home/zeus/miniconda3/envs/cloudspace/bin/python /teamspace/studios/this_studio/app.py
2024-09-26 12:19:59.280 [info] Send text to terminal: /home/zeus/miniconda3/envs/cloudspace/bin/python /teamspace/studios/this_studio/data_loader.py
2024-09-26 12:20:10.098 [info] Send text to terminal: /home/zeus/miniconda3/envs/cloudspace/bin/python /teamspace/studios/this_studio/data_loader.py
2024-09-26 12:20:18.838 [info] Send text to terminal: /home/zeus/miniconda3/envs/cloudspace/bin/python /teamspace/studios/this_studio/app.py
2024-09-26 12:24:18.853 [info] Discover tests for workspace name: this_studio - uri: /teamspace/studios/this_studio/app.py
2024-09-26 12:24:22.740 [info] Send text to terminal: /home/zeus/miniconda3/envs/cloudspace/bin/python /teamspace/studios/this_studio/app.py
2024-09-26 12:26:18.901 [info] Discover tests for workspace name: this_studio - uri: /teamspace/studios/this_studio/app.py
2024-09-26 12:26:25.706 [info] Discover tests for workspace name: this_studio - uri: /teamspace/studios/this_studio/data_loader.py
2024-09-26 12:26:52.296 [info] Discover tests for workspace name: this_studio - uri: /teamspace/studios/this_studio/app.py
2024-09-26 12:26:56.862 [info] Discover tests for workspace name: this_studio - uri: /teamspace/studios/this_studio/app.py
2024-09-26 12:27:08.343 [info] Discover tests for workspace name: this_studio - uri: /teamspace/studios/this_studio/app.py
2024-09-26 12:27:13.261 [info] Discover tests for workspace name: this_studio - uri: /teamspace/studios/this_studio/app.py
2024-09-26 12:32:05.834 [info] Send text to terminal: /home/zeus/miniconda3/envs/cloudspace/bin/python /teamspace/studios/this_studio/app.py
2024-09-26 12:34:00.874 [info] Discover tests for workspace name: this_studio - uri: /teamspace/studios/this_studio/data_loader.py
2024-09-26 12:34:06.494 [info] Send text to terminal: /home/zeus/miniconda3/envs/cloudspace/bin/python /teamspace/studios/this_studio/app.py
2024-09-26 12:39:50.007 [info] Discover tests for workspace name: this_studio - uri: /teamspace/studios/this_studio/app.py
2024-09-26 12:46:15.323 [info] Discover tests for workspace name: this_studio - uri: /teamspace/studios/this_studio/app.py
2024-09-26 12:59:11.214 [info] Discover tests for workspace name: this_studio - uri: /teamspace/studios/this_studio/app.py
2024-09-26 13:04:47.433 [info] Discover tests for workspace name: this_studio - uri: /teamspace/studios/this_studio/app.py
2024-09-26 13:04:51.804 [info] Send text to terminal: /home/zeus/miniconda3/envs/cloudspace/bin/python /teamspace/studios/this_studio/app.py
2024-09-26 13:06:03.740 [info] Discover tests for workspace name: this_studio - uri: /teamspace/studios/this_studio/middle_secure.py
2024-09-26 13:06:09.905 [info] Discover tests for workspace name: this_studio - uri: /teamspace/studios/this_studio/app.py
2024-09-26 13:06:12.731 [info] Send text to terminal: /home/zeus/miniconda3/envs/cloudspace/bin/python /teamspace/studios/this_studio/app.py
2024-09-26 13:06:28.314 [info] Send text to terminal: /home/zeus/miniconda3/envs/cloudspace/bin/python /teamspace/studios/this_studio/app.py
2024-09-26 13:06:28.332 [info] Discover tests for workspace name: this_studio - uri: /teamspace/studios/this_studio/app.py
2024-09-26 13:15:28.555 [info] Discover tests for workspace name: this_studio - uri: /teamspace/studios/this_studio/middle_secure.py
2024-09-26 13:15:32.893 [info] Discover tests for workspace name: this_studio - uri: /teamspace/studios/this_studio/middle_secure.py
2024-09-26 13:15:51.968 [info] Discover tests for workspace name: this_studio - uri: /teamspace/studios/this_studio/app.py
2024-09-26 13:16:03.198 [info] Discover tests for workspace name: this_studio - uri: /teamspace/studios/this_studio/app.py
2024-09-26 13:16:37.235 [info] Discover tests for workspace name: this_studio - uri: /teamspace/studios/this_studio/app.py
2024-09-26 13:16:42.586 [info] Discover tests for workspace name: this_studio - uri: /teamspace/studios/this_studio/app.py
2024-09-26 13:16:46.706 [info] Send text to terminal: /home/zeus/miniconda3/envs/cloudspace/bin/python /teamspace/studios/this_studio/app.py
2024-09-26 13:16:59.839 [info] Send text to terminal: /home/zeus/miniconda3/envs/cloudspace/bin/python /teamspace/studios/this_studio/app.py
2024-09-26 13:16:59.853 [info] Discover tests for workspace name: this_studio - uri: /teamspace/studios/this_studio/app.py
2024-09-26 13:40:20.838 [info] Send text to terminal: /home/zeus/miniconda3/envs/cloudspace/bin/python /teamspace/studios/this_studio/app.py
2024-09-26 13:40:20.851 [info] Discover tests for workspace name: this_studio - uri: /teamspace/studios/this_studio/app.py
2024-09-26 14:06:56.662 [info] Send text to terminal: /home/zeus/miniconda3/envs/cloudspace/bin/python /teamspace/studios/this_studio/app.py
2024-09-26 14:07:29.968 [info] Send text to terminal: /home/zeus/miniconda3/envs/cloudspace/bin/python /teamspace/studios/this_studio/app.py
2024-09-26 14:09:17.893 [info] Send text to terminal: /home/zeus/miniconda3/envs/cloudspace/bin/python /teamspace/studios/this_studio/app.py
2024-09-26 14:20:51.087 [info] Send text to terminal: /home/zeus/miniconda3/envs/cloudspace/bin/python /teamspace/studios/this_studio/app.py
2024-09-26 14:22:56.104 [info] Discover tests for workspace name: this_studio - uri: /teamspace/studios/this_studio/data_loader.py
2024-09-26 14:23:07.708 [info] Send text to terminal: /home/zeus/miniconda3/envs/cloudspace/bin/python /teamspace/studios/this_studio/app.py
2024-09-26 14:23:29.273 [info] Send text to terminal: /home/zeus/miniconda3/envs/cloudspace/bin/python /teamspace/studios/this_studio/app.py
2024-09-26 14:24:52.117 [info] Discover tests for workspace name: this_studio - uri: /teamspace/studios/this_studio/app.py
2024-09-26 14:35:25.619 [info] Discover tests for workspace name: this_studio - uri: /teamspace/studios/this_studio/app.py
2024-09-26 14:35:38.133 [info] Discover tests for workspace name: this_studio - uri: /teamspace/studios/this_studio/app.py
2024-09-26 14:38:18.438 [info] Discover tests for workspace name: this_studio - uri: /teamspace/studios/this_studio/app.py
2024-09-26 14:38:23.866 [info] Discover tests for workspace name: this_studio - uri: /teamspace/studios/this_studio/app.py
2024-09-26 14:38:30.176 [info] Discover tests for workspace name: this_studio - uri: /teamspace/studios/this_studio/app.py
2024-09-26 14:40:27.252 [info] Discover tests for workspace name: this_studio - uri: /teamspace/studios/this_studio/app.py
2024-09-26 14:42:10.989 [info] Discover tests for workspace name: this_studio - uri: /teamspace/studios/this_studio/app.py
2024-09-26 14:42:49.781 [info] Discover tests for workspace name: this_studio - uri: /teamspace/studios/this_studio/app.py
2024-09-26 14:44:00.658 [info] Discover tests for workspace name: this_studio - uri: /teamspace/studios/this_studio/app.py
2024-09-26 14:44:07.542 [info] Discover tests for workspace name: this_studio - uri: /teamspace/studios/this_studio/app.py
2024-09-26 14:44:15.680 [info] Discover tests for workspace name: this_studio - uri: /teamspace/studios/this_studio/app.py
2024-09-26 15:11:29.661 [info] Discover tests for workspace name: this_studio - uri: /teamspace/studios/this_studio/middle_secure.py
2024-09-26 15:11:33.018 [info] Discover tests for workspace name: this_studio - uri: /teamspace/studios/this_studio/middle_secure.py
2024-09-26 15:11:49.991 [info] Discover tests for workspace name: this_studio - uri: /teamspace/studios/this_studio/app.py
2024-09-26 15:13:13.186 [info] Discover tests for workspace name: this_studio - uri: /teamspace/studios/this_studio/app.py
2024-09-26 15:13:19.025 [info] Discover tests for workspace name: this_studio - uri: /teamspace/studios/this_studio/app.py
2024-09-26 15:13:23.216 [info] Discover tests for workspace name: this_studio - uri: /teamspace/studios/this_studio/app.py
2024-09-26 15:38:27.290 [info] Discover tests for workspace name: this_studio - uri: /teamspace/studios/this_studio/app.py
2024-09-26 15:38:49.947 [info] Send text to terminal: /home/zeus/miniconda3/envs/cloudspace/bin/python /teamspace/studios/this_studio/app.py
2024-09-26 15:41:38.644 [info] Discover tests for workspace name: this_studio - uri: /teamspace/studios/this_studio/app.py
2024-09-26 15:41:39.363 [info] Send text to terminal: /home/zeus/miniconda3/envs/cloudspace/bin/python /teamspace/studios/this_studio/app.py
2024-09-26 15:41:51.718 [info] Send text to terminal: /home/zeus/miniconda3/envs/cloudspace/bin/python /teamspace/studios/this_studio/app.py
2024-09-26 15:41:51.740 [info] Discover tests for workspace name: this_studio - uri: /teamspace/studios/this_studio/app.py
2024-09-26 15:42:20.823 [info] Send text to terminal: /home/zeus/miniconda3/envs/cloudspace/bin/python /teamspace/studios/this_studio/app.py
2024-09-26 15:42:20.842 [info] Discover tests for workspace name: this_studio - uri: /teamspace/studios/this_studio/app.py
2024-09-26 15:42:29.387 [info] Discover tests for workspace name: this_studio - uri: /teamspace/studios/this_studio/app.py
2024-09-26 15:43:09.790 [info] Discover tests for workspace name: this_studio - uri: /teamspace/studios/this_studio/app.py
2024-09-26 15:43:10.516 [info] Send text to terminal: /home/zeus/miniconda3/envs/cloudspace/bin/python /teamspace/studios/this_studio/app.py
