2024-09-26 11:47:39.320 [info] [Info  - 11:47:39 AM] (3134) Server root directory: file:///teamspace/studios/this_studio/.vscode-server/extensions/ms-python.vscode-pylance-2024.9.2/dist
2024-09-26 11:47:39.321 [info] [Info  - 11:47:39 AM] (3134) Pylance language server 2024.9.2 (pyright version 1.1.378, commit ce64adc1) starting
2024-09-26 11:47:39.321 [info] [Info  - 11:47:39 AM] (3134) Starting service instance "this_studio"
2024-09-26 11:47:39.364 [info] [Info  - 11:47:39 AM] (3134) Setting environmentName for service "this_studio": "3.10.10 (cloudspace conda)"
2024-09-26 11:47:39.364 [info] [Info  - 11:47:39 AM] (3134) Setting pythonPath for service "this_studio": "/home/zeus/miniconda3/envs/cloudspace/bin/python"
2024-09-26 11:47:39.366 [info] [Info  - 11:47:39 AM] (3134) No include entries specified; assuming /teamspace/studios/this_studio
2024-09-26 11:47:39.366 [info] [Info  - 11:47:39 AM] (3134) Auto-excluding **/node_modules
2024-09-26 11:47:39.366 [info] [Info  - 11:47:39 AM] (3134) Auto-excluding **/__pycache__
2024-09-26 11:47:39.366 [info] [Info  - 11:47:39 AM] (3134) Auto-excluding **/.*
2024-09-26 11:47:39.391 [info] [Info  - 11:47:39 AM] (3134) Assuming Python version 3.10.10.final.0
2024-09-26 11:47:39.700 [info] [Info  - 11:47:39 AM] (3134) Found 2 source files
2024-09-26 11:47:40.199 [info] [Info  - 11:47:40 AM] (3134) Background analysis(1) root directory: file:///teamspace/studios/this_studio/.vscode-server/extensions/ms-python.vscode-pylance-2024.9.2/dist
2024-09-26 11:47:40.200 [info] [Info  - 11:47:40 AM] (3134) Background analysis(1) started
2024-09-26 11:47:40.258 [info] [Info  - 11:47:40 AM] (3134) Indexer background runner(2) root directory: file:///teamspace/studios/this_studio/.vscode-server/extensions/ms-python.vscode-pylance-2024.9.2/dist (index)
2024-09-26 11:47:40.258 [info] [Info  - 11:47:40 AM] (3134) Indexing(2) started
2024-09-26 11:47:41.752 [info] [Info  - 11:47:41 AM] (3134) scanned(2) 376 files over 1 exec env
2024-09-26 11:47:42.280 [info] [Info  - 11:47:42 AM] (3134) indexed(2) 308 files over 1 exec env
2024-09-26 11:47:42.476 [info] [Info  - 11:47:42 AM] (3134) Indexing finished(2).
2024-09-26 11:47:42.905 [info] [Info  - 11:47:42 AM] (3134) [BG(1)] Long operation: checking: file:///teamspace/studios/this_studio/app.py (2265ms)
2024-09-26 11:47:42.905 [info] [Info  - 11:47:42 AM] (3134) [BG(1)] Long operation: analyzing: file:///teamspace/studios/this_studio/app.py (2705ms)
2024-09-26 11:47:49.790 [info] (Client) The existing extension didn't exit within 10 seconds. New instance will start, but you might encounter issues.
2024-09-26 11:47:49.791 [info] (Client) Pylance async client (2024.9.2) started with python extension (2024.14.1)
2024-09-26 11:48:24.346 [info] [Info  - 11:48:24 AM] (3134) Starting service instance "<default>"
2024-09-26 11:48:24.364 [info] [Info  - 11:48:24 AM] (3134) Setting environmentName for service "<default>": "3.10.10 (cloudspace conda)"
2024-09-26 11:48:24.365 [info] [Info  - 11:48:24 AM] (3134) Setting pythonPath for service "<default>": "/home/zeus/miniconda3/envs/cloudspace/bin/python"
2024-09-26 11:48:24.365 [info] [Info  - 11:48:24 AM] (3134) No include entries specified; assuming /<default workspace root>
2024-09-26 11:48:24.366 [info] [Info  - 11:48:24 AM] (3134) Auto-excluding **/node_modules
2024-09-26 11:48:24.367 [info] [Info  - 11:48:24 AM] (3134) Auto-excluding **/__pycache__
2024-09-26 11:48:24.368 [info] [Info  - 11:48:24 AM] (3134) Auto-excluding **/.*
2024-09-26 11:48:24.385 [info] [Info  - 11:48:24 AM] (3134) Assuming Python version 3.10.10.final.0
2024-09-26 11:48:24.518 [info] [Error - 11:48:24 AM] (3134) File or directory "/<default workspace root>" does not exist.
2024-09-26 11:48:24.518 [info] [Info  - 11:48:24 AM] (3134) No source files found.
2024-09-26 11:48:24.746 [info] [Info  - 11:48:24 AM] (3134) Background analysis(3) root directory: file:///teamspace/studios/this_studio/.vscode-server/extensions/ms-python.vscode-pylance-2024.9.2/dist
2024-09-26 11:48:24.750 [info] [Info  - 11:48:24 AM] (3134) Background analysis(3) started
2024-09-26 12:00:58.100 [info] [Info  - 12:00:58 PM] (3134) Found 3 source files
2024-09-26 12:43:27.622 [info] [Info  - 12:43:27 PM] (3134) Indexer background runner(4) root directory: file:///teamspace/studios/this_studio/.vscode-server/extensions/ms-python.vscode-pylance-2024.9.2/dist (refresh)
2024-09-26 12:43:27.623 [info] [Info  - 12:43:27 PM] (3134) Indexing(4) started
2024-09-26 12:43:28.797 [info] [Info  - 12:43:28 PM] (3134) scanned(4) 377 files over 1 exec env
2024-09-26 12:43:32.649 [info] [Info  - 12:43:32 PM] (3134) [IDX(4)] Long operation: index execution environment file:///teamspace/studios/this_studio (3577ms)
2024-09-26 12:43:32.650 [info] [Info  - 12:43:32 PM] (3134) [IDX(4)] Long operation: index packages file:///teamspace/studios/this_studio (3588ms)
2024-09-26 12:43:32.651 [info] [Info  - 12:43:32 PM] (3134) indexed(4) 309 files over 1 exec env
2024-09-26 12:43:32.775 [info] [Info  - 12:43:32 PM] (3134) Indexing finished(4).
2024-09-26 12:57:12.700 [info] [Info  - 12:57:12 PM] (3134) Found 4 source files
