2024-10-02 17:28:10.993 [info] Starting Python Locator /teamspace/studios/this_studio/.vscode-server/extensions/ms-python.python-2024.14.1-linux-x64/python-env-tools/bin/pet server
2024-10-02 17:28:10.993 [info] Discovered manager: (Poetry) /commands/poetry
2024-10-02 17:28:10.993 [info] Discovered env: /usr/bin/python3
2024-10-02 17:28:10.993 [info] Discovered manager: (Conda) /home/zeus/miniconda3/bin/conda
2024-10-02 17:28:10.993 [info] Discovered env: /home/zeus/miniconda3/envs/cloudspace/bin/python
2024-10-02 17:28:10.993 [info] Discovered env: /bin/python3
2024-10-02 17:28:10.993 [info] Locator Conda took 107.627832ms
2024-10-02 17:28:10.993 [info] Locator Homebrew took 302.326µs
2024-10-02 17:28:10.993 [info] Locator LinuxGlobal took 89.319947ms
2024-10-02 17:28:10.993 [info] Locator PipEnv took 112.708µs
2024-10-02 17:28:10.993 [info] Locator Poetry took 21.319707ms
2024-10-02 17:28:10.993 [info] Locator PyEnv took 2.720684ms
2024-10-02 17:28:10.993 [info] Locator Venv took 15.069µs
2024-10-02 17:28:10.993 [info] Locator VirtualEnv took 189.79µs
2024-10-02 17:28:10.993 [info] Locator VirtualEnvWrapper took 206.041µs
2024-10-02 17:28:10.993 [info] Locator GlobalVirtualEnvs took 23.269798ms
2024-10-02 17:28:10.993 [info] Locator Locators took 107.786869ms
2024-10-02 17:28:10.993 [info] Locator Path took 156.422763ms
2024-10-02 17:28:10.993 [info] Locator Workspaces took 137.758487ms
2024-10-02 17:28:10.993 [info] Refresh completed in 156ms
