2024-09-26 18:39:42.929 [info] Starting Python Locator /teamspace/studios/this_studio/.vscode-server/extensions/ms-python.python-2024.14.1-linux-x64/python-env-tools/bin/pet server
2024-09-26 18:39:42.929 [info] Discovered manager: (Poetry) /commands/poetry
2024-09-26 18:39:42.929 [info] Discovered manager: (Conda) /home/zeus/miniconda3/bin/conda
2024-09-26 18:39:42.929 [info] Discovered env: /home/zeus/miniconda3/envs/cloudspace/bin/python
2024-09-26 18:39:42.929 [info] Discovered env: /bin/python3
2024-09-26 18:39:42.929 [info] Discovered env: /usr/bin/python3
2024-09-26 18:39:42.929 [info] Locator Conda took 108.89072ms
2024-09-26 18:39:42.929 [info] Locator Homebrew took 97.295µs
2024-09-26 18:39:42.929 [info] Locator LinuxGlobal took 56.938645ms
2024-09-26 18:39:42.929 [info] Locator PipEnv took 11.809µs
2024-09-26 18:39:42.929 [info] Locator Poetry took 90.278µs
2024-09-26 18:39:42.929 [info] Locator PyEnv took 163.546µs
2024-09-26 18:39:42.929 [info] Locator Venv took 9.948µs
2024-09-26 18:39:42.929 [info] Locator VirtualEnv took 10.531µs
2024-09-26 18:39:42.929 [info] Locator VirtualEnvWrapper took 11.814µs
2024-09-26 18:39:42.929 [info] Locator GlobalVirtualEnvs took 87.198µs
2024-09-26 18:39:42.929 [info] Locator Locators took 122.190927ms
2024-09-26 18:39:42.929 [info] Locator Path took 167.281211ms
2024-09-26 18:39:42.929 [info] Locator Workspaces took 101.929609ms
2024-09-26 18:39:42.929 [info] Refresh completed in 167ms
