2024-09-27 00:11:12.877 [info] Starting Python Locator /teamspace/studios/this_studio/.vscode-server/extensions/ms-python.python-2024.14.1-linux-x64/python-env-tools/bin/pet server
2024-09-27 00:11:12.877 [info] Discovered manager: (Poetry) /commands/poetry
2024-09-27 00:11:12.877 [info] Discovered manager: (Conda) /home/zeus/miniconda3/bin/conda
2024-09-27 00:11:12.877 [info] Discovered env: /home/zeus/miniconda3/envs/cloudspace/bin/python
2024-09-27 00:11:12.877 [info] Discovered env: /usr/bin/python3
2024-09-27 00:11:12.877 [info] Discovered env: /bin/python3
2024-09-27 00:11:12.877 [info] Locator Conda took 94.452516ms
2024-09-27 00:11:12.877 [info] Locator Homebrew took 677.314µs
2024-09-27 00:11:12.877 [info] Locator LinuxGlobal took 91.840802ms
2024-09-27 00:11:12.877 [info] Locator PipEnv took 2.162676ms
2024-09-27 00:11:12.877 [info] Locator Poetry took 2.684621ms
2024-09-27 00:11:12.877 [info] Locator PyEnv took 2.368119ms
2024-09-27 00:11:12.877 [info] Locator Venv took 2.146984ms
2024-09-27 00:11:12.877 [info] Locator VirtualEnv took 556.474µs
2024-09-27 00:11:12.877 [info] Locator VirtualEnvWrapper took 1.92702ms
2024-09-27 00:11:12.877 [info] Locator GlobalVirtualEnvs took 17.699109ms
2024-09-27 00:11:12.877 [info] Locator Locators took 94.889465ms
2024-09-27 00:11:12.877 [info] Locator Path took 169.261408ms
2024-09-27 00:11:12.877 [info] Locator Workspaces took 113.346504ms
2024-09-27 00:11:12.877 [info] Refresh completed in 169ms
