2024-09-26 11:47:36.779 [info] [main] Log level: Info
2024-09-26 11:47:36.779 [info] [main] Validating found git in: "git"
2024-09-26 11:47:36.780 [info] [main] Using git "2.42.0" from "git"
2024-09-26 11:47:36.780 [info] [Model][doInitialScan] Initial repository scan started
2024-09-26 11:47:36.794 [info] > git rev-parse --show-toplevel [21ms]
2024-09-26 11:47:36.795 [info] fatal: not a git repository (or any parent up to mount point /teamspace/studios)
Stopping at filesystem boundary (GIT_DISCOVERY_ACROSS_FILESYSTEM not set).
2024-09-26 11:47:36.801 [info] > git rev-parse --show-toplevel [3ms]
2024-09-26 11:47:36.802 [info] fatal: not a git repository (or any parent up to mount point /teamspace/studios)
Stopping at filesystem boundary (GIT_DISCOVERY_ACROSS_FILESYSTEM not set).
2024-09-26 11:47:36.825 [info] > git rev-parse --show-toplevel [4ms]
2024-09-26 11:47:36.826 [info] fatal: not a git repository (or any parent up to mount point /teamspace/studios)
Stopping at filesystem boundary (GIT_DISCOVERY_ACROSS_FILESYSTEM not set).
2024-09-26 11:47:36.832 [info] > git rev-parse --show-toplevel [2ms]
2024-09-26 11:47:36.832 [info] fatal: not a git repository (or any parent up to mount point /teamspace/studios)
Stopping at filesystem boundary (GIT_DISCOVERY_ACROSS_FILESYSTEM not set).
2024-09-26 11:47:36.840 [info] > git rev-parse --show-toplevel [5ms]
2024-09-26 11:47:36.841 [info] fatal: not a git repository (or any parent up to mount point /teamspace/studios)
Stopping at filesystem boundary (GIT_DISCOVERY_ACROSS_FILESYSTEM not set).
2024-09-26 11:47:36.853 [info] > git rev-parse --show-toplevel [2ms]
2024-09-26 11:47:36.853 [info] fatal: not a git repository (or any parent up to mount point /teamspace/studios)
Stopping at filesystem boundary (GIT_DISCOVERY_ACROSS_FILESYSTEM not set).
2024-09-26 11:47:36.870 [info] > git rev-parse --show-toplevel [14ms]
2024-09-26 11:47:36.870 [info] fatal: not a git repository (or any parent up to mount point /teamspace/studios)
Stopping at filesystem boundary (GIT_DISCOVERY_ACROSS_FILESYSTEM not set).
2024-09-26 11:47:36.879 [info] > git rev-parse --show-toplevel [5ms]
2024-09-26 11:47:36.879 [info] fatal: not a git repository (or any parent up to mount point /teamspace/studios)
Stopping at filesystem boundary (GIT_DISCOVERY_ACROSS_FILESYSTEM not set).
2024-09-26 11:47:36.886 [info] > git rev-parse --show-toplevel [4ms]
2024-09-26 11:47:36.887 [info] fatal: not a git repository (or any parent up to mount point /teamspace/studios)
Stopping at filesystem boundary (GIT_DISCOVERY_ACROSS_FILESYSTEM not set).
2024-09-26 11:47:36.905 [info] > git rev-parse --show-toplevel [11ms]
2024-09-26 11:47:36.905 [info] fatal: not a git repository (or any parent up to mount point /teamspace/studios)
Stopping at filesystem boundary (GIT_DISCOVERY_ACROSS_FILESYSTEM not set).
2024-09-26 11:47:36.912 [info] > git rev-parse --show-toplevel [5ms]
2024-09-26 11:47:36.912 [info] fatal: not a git repository (or any parent up to mount point /teamspace/studios)
Stopping at filesystem boundary (GIT_DISCOVERY_ACROSS_FILESYSTEM not set).
2024-09-26 11:47:36.918 [info] > git rev-parse --show-toplevel [3ms]
2024-09-26 11:47:36.918 [info] fatal: not a git repository (or any parent up to mount point /teamspace/studios)
Stopping at filesystem boundary (GIT_DISCOVERY_ACROSS_FILESYSTEM not set).
2024-09-26 11:47:36.920 [info] [Model][doInitialScan] Initial repository scan completed - repositories (0), closed repositories (0), parent repositories (0), unsafe repositories (0)
2024-09-26 11:49:39.320 [info] > git rev-parse --show-toplevel [3ms]
2024-09-26 11:49:39.321 [info] fatal: not a git repository (or any parent up to mount point /teamspace/studios)
Stopping at filesystem boundary (GIT_DISCOVERY_ACROSS_FILESYSTEM not set).
2024-09-26 11:49:48.001 [info] > git rev-parse --show-toplevel [2ms]
2024-09-26 11:49:48.001 [info] fatal: not a git repository (or any parent up to mount point /teamspace/studios)
Stopping at filesystem boundary (GIT_DISCOVERY_ACROSS_FILESYSTEM not set).
2024-09-26 11:49:55.634 [info] > git rev-parse --show-toplevel [2ms]
2024-09-26 11:49:55.635 [info] fatal: not a git repository (or any parent up to mount point /teamspace/studios)
Stopping at filesystem boundary (GIT_DISCOVERY_ACROSS_FILESYSTEM not set).
2024-09-26 11:50:01.575 [info] > git rev-parse --show-toplevel [3ms]
2024-09-26 11:50:01.575 [info] fatal: not a git repository (or any parent up to mount point /teamspace/studios)
Stopping at filesystem boundary (GIT_DISCOVERY_ACROSS_FILESYSTEM not set).
2024-09-26 11:50:04.254 [info] > git rev-parse --show-toplevel [6ms]
2024-09-26 11:50:04.257 [info] fatal: not a git repository (or any parent up to mount point /teamspace/studios)
Stopping at filesystem boundary (GIT_DISCOVERY_ACROSS_FILESYSTEM not set).
2024-09-26 11:58:03.549 [info] > git rev-parse --show-toplevel [3ms]
2024-09-26 11:58:03.549 [info] fatal: not a git repository (or any parent up to mount point /teamspace/studios)
Stopping at filesystem boundary (GIT_DISCOVERY_ACROSS_FILESYSTEM not set).
2024-09-26 11:58:09.090 [info] > git rev-parse --show-toplevel [3ms]
2024-09-26 11:58:09.090 [info] fatal: not a git repository (or any parent up to mount point /teamspace/studios)
Stopping at filesystem boundary (GIT_DISCOVERY_ACROSS_FILESYSTEM not set).
2024-09-26 12:00:58.635 [info] > git rev-parse --show-toplevel [3ms]
2024-09-26 12:00:58.636 [info] fatal: not a git repository (or any parent up to mount point /teamspace/studios)
Stopping at filesystem boundary (GIT_DISCOVERY_ACROSS_FILESYSTEM not set).
2024-09-26 12:01:11.829 [info] > git rev-parse --show-toplevel [3ms]
2024-09-26 12:01:11.830 [info] fatal: not a git repository (or any parent up to mount point /teamspace/studios)
Stopping at filesystem boundary (GIT_DISCOVERY_ACROSS_FILESYSTEM not set).
2024-09-26 12:01:23.483 [info] > git rev-parse --show-toplevel [2ms]
2024-09-26 12:01:23.484 [info] fatal: not a git repository (or any parent up to mount point /teamspace/studios)
Stopping at filesystem boundary (GIT_DISCOVERY_ACROSS_FILESYSTEM not set).
2024-09-26 12:03:28.549 [info] > git rev-parse --show-toplevel [4ms]
2024-09-26 12:03:28.549 [info] fatal: not a git repository (or any parent up to mount point /teamspace/studios)
Stopping at filesystem boundary (GIT_DISCOVERY_ACROSS_FILESYSTEM not set).
2024-09-26 12:03:40.112 [info] > git rev-parse --show-toplevel [2ms]
2024-09-26 12:03:40.113 [info] fatal: not a git repository (or any parent up to mount point /teamspace/studios)
Stopping at filesystem boundary (GIT_DISCOVERY_ACROSS_FILESYSTEM not set).
2024-09-26 12:04:24.860 [info] > git rev-parse --show-toplevel [2ms]
2024-09-26 12:04:24.861 [info] fatal: not a git repository (or any parent up to mount point /teamspace/studios)
Stopping at filesystem boundary (GIT_DISCOVERY_ACROSS_FILESYSTEM not set).
2024-09-26 12:04:26.060 [info] > git rev-parse --show-toplevel [3ms]
2024-09-26 12:04:26.060 [info] fatal: not a git repository (or any parent up to mount point /teamspace/studios)
Stopping at filesystem boundary (GIT_DISCOVERY_ACROSS_FILESYSTEM not set).
2024-09-26 12:04:58.787 [info] > git rev-parse --show-toplevel [3ms]
2024-09-26 12:04:58.788 [info] fatal: not a git repository (or any parent up to mount point /teamspace/studios)
Stopping at filesystem boundary (GIT_DISCOVERY_ACROSS_FILESYSTEM not set).
2024-09-26 12:05:01.059 [info] > git rev-parse --show-toplevel [3ms]
2024-09-26 12:05:01.059 [info] fatal: not a git repository (or any parent up to mount point /teamspace/studios)
Stopping at filesystem boundary (GIT_DISCOVERY_ACROSS_FILESYSTEM not set).
2024-09-26 12:05:29.960 [info] > git rev-parse --show-toplevel [3ms]
2024-09-26 12:05:29.961 [info] fatal: not a git repository (or any parent up to mount point /teamspace/studios)
Stopping at filesystem boundary (GIT_DISCOVERY_ACROSS_FILESYSTEM not set).
2024-09-26 12:05:30.734 [info] > git rev-parse --show-toplevel [2ms]
2024-09-26 12:05:30.734 [info] fatal: not a git repository (or any parent up to mount point /teamspace/studios)
Stopping at filesystem boundary (GIT_DISCOVERY_ACROSS_FILESYSTEM not set).
2024-09-26 12:05:34.223 [info] > git rev-parse --show-toplevel [2ms]
2024-09-26 12:05:34.224 [info] fatal: not a git repository (or any parent up to mount point /teamspace/studios)
Stopping at filesystem boundary (GIT_DISCOVERY_ACROSS_FILESYSTEM not set).
2024-09-26 12:05:45.048 [info] > git rev-parse --show-toplevel [2ms]
2024-09-26 12:05:45.049 [info] fatal: not a git repository (or any parent up to mount point /teamspace/studios)
Stopping at filesystem boundary (GIT_DISCOVERY_ACROSS_FILESYSTEM not set).
2024-09-26 12:05:49.929 [info] > git rev-parse --show-toplevel [2ms]
2024-09-26 12:05:49.929 [info] fatal: not a git repository (or any parent up to mount point /teamspace/studios)
Stopping at filesystem boundary (GIT_DISCOVERY_ACROSS_FILESYSTEM not set).
2024-09-26 12:05:57.944 [info] > git rev-parse --show-toplevel [2ms]
2024-09-26 12:05:57.945 [info] fatal: not a git repository (or any parent up to mount point /teamspace/studios)
Stopping at filesystem boundary (GIT_DISCOVERY_ACROSS_FILESYSTEM not set).
2024-09-26 12:06:06.860 [info] > git rev-parse --show-toplevel [3ms]
2024-09-26 12:06:06.860 [info] fatal: not a git repository (or any parent up to mount point /teamspace/studios)
Stopping at filesystem boundary (GIT_DISCOVERY_ACROSS_FILESYSTEM not set).
2024-09-26 12:06:11.728 [info] > git rev-parse --show-toplevel [5ms]
2024-09-26 12:06:11.728 [info] fatal: not a git repository (or any parent up to mount point /teamspace/studios)
Stopping at filesystem boundary (GIT_DISCOVERY_ACROSS_FILESYSTEM not set).
2024-09-26 12:07:24.734 [info] > git rev-parse --show-toplevel [2ms]
2024-09-26 12:07:24.734 [info] fatal: not a git repository (or any parent up to mount point /teamspace/studios)
Stopping at filesystem boundary (GIT_DISCOVERY_ACROSS_FILESYSTEM not set).
2024-09-26 12:07:59.952 [info] > git rev-parse --show-toplevel [2ms]
2024-09-26 12:07:59.953 [info] fatal: not a git repository (or any parent up to mount point /teamspace/studios)
Stopping at filesystem boundary (GIT_DISCOVERY_ACROSS_FILESYSTEM not set).
2024-09-26 12:09:08.024 [info] > git rev-parse --show-toplevel [2ms]
2024-09-26 12:09:08.025 [info] fatal: not a git repository (or any parent up to mount point /teamspace/studios)
Stopping at filesystem boundary (GIT_DISCOVERY_ACROSS_FILESYSTEM not set).
2024-09-26 12:09:40.367 [info] > git rev-parse --show-toplevel [2ms]
2024-09-26 12:09:40.368 [info] fatal: not a git repository (or any parent up to mount point /teamspace/studios)
Stopping at filesystem boundary (GIT_DISCOVERY_ACROSS_FILESYSTEM not set).
2024-09-26 12:10:31.097 [info] > git rev-parse --show-toplevel [2ms]
2024-09-26 12:10:31.097 [info] fatal: not a git repository (or any parent up to mount point /teamspace/studios)
Stopping at filesystem boundary (GIT_DISCOVERY_ACROSS_FILESYSTEM not set).
2024-09-26 12:12:29.020 [info] > git rev-parse --show-toplevel [2ms]
2024-09-26 12:12:29.020 [info] fatal: not a git repository (or any parent up to mount point /teamspace/studios)
Stopping at filesystem boundary (GIT_DISCOVERY_ACROSS_FILESYSTEM not set).
2024-09-26 12:14:35.143 [info] > git rev-parse --show-toplevel [2ms]
2024-09-26 12:14:35.144 [info] fatal: not a git repository (or any parent up to mount point /teamspace/studios)
Stopping at filesystem boundary (GIT_DISCOVERY_ACROSS_FILESYSTEM not set).
2024-09-26 12:14:55.096 [info] > git rev-parse --show-toplevel [2ms]
2024-09-26 12:14:55.097 [info] fatal: not a git repository (or any parent up to mount point /teamspace/studios)
Stopping at filesystem boundary (GIT_DISCOVERY_ACROSS_FILESYSTEM not set).
2024-09-26 12:15:16.355 [info] > git rev-parse --show-toplevel [3ms]
2024-09-26 12:15:16.356 [info] fatal: not a git repository (or any parent up to mount point /teamspace/studios)
Stopping at filesystem boundary (GIT_DISCOVERY_ACROSS_FILESYSTEM not set).
2024-09-26 12:15:23.159 [info] > git rev-parse --show-toplevel [2ms]
2024-09-26 12:15:23.159 [info] fatal: not a git repository (or any parent up to mount point /teamspace/studios)
Stopping at filesystem boundary (GIT_DISCOVERY_ACROSS_FILESYSTEM not set).
2024-09-26 12:15:23.956 [info] > git rev-parse --show-toplevel [2ms]
2024-09-26 12:15:23.956 [info] fatal: not a git repository (or any parent up to mount point /teamspace/studios)
Stopping at filesystem boundary (GIT_DISCOVERY_ACROSS_FILESYSTEM not set).
2024-09-26 12:15:27.969 [info] > git rev-parse --show-toplevel [3ms]
2024-09-26 12:15:27.970 [info] fatal: not a git repository (or any parent up to mount point /teamspace/studios)
Stopping at filesystem boundary (GIT_DISCOVERY_ACROSS_FILESYSTEM not set).
2024-09-26 12:15:36.711 [info] > git rev-parse --show-toplevel [2ms]
2024-09-26 12:15:36.712 [info] fatal: not a git repository (or any parent up to mount point /teamspace/studios)
Stopping at filesystem boundary (GIT_DISCOVERY_ACROSS_FILESYSTEM not set).
2024-09-26 12:15:58.735 [info] > git rev-parse --show-toplevel [3ms]
2024-09-26 12:15:58.735 [info] fatal: not a git repository (or any parent up to mount point /teamspace/studios)
Stopping at filesystem boundary (GIT_DISCOVERY_ACROSS_FILESYSTEM not set).
2024-09-26 12:16:09.283 [info] > git rev-parse --show-toplevel [2ms]
2024-09-26 12:16:09.283 [info] fatal: not a git repository (or any parent up to mount point /teamspace/studios)
Stopping at filesystem boundary (GIT_DISCOVERY_ACROSS_FILESYSTEM not set).
2024-09-26 12:16:10.083 [info] > git rev-parse --show-toplevel [3ms]
2024-09-26 12:16:10.083 [info] fatal: not a git repository (or any parent up to mount point /teamspace/studios)
Stopping at filesystem boundary (GIT_DISCOVERY_ACROSS_FILESYSTEM not set).
2024-09-26 12:16:10.705 [info] > git rev-parse --show-toplevel [3ms]
2024-09-26 12:16:10.705 [info] fatal: not a git repository (or any parent up to mount point /teamspace/studios)
Stopping at filesystem boundary (GIT_DISCOVERY_ACROSS_FILESYSTEM not set).
2024-09-26 12:16:13.425 [info] > git rev-parse --show-toplevel [2ms]
2024-09-26 12:16:13.425 [info] fatal: not a git repository (or any parent up to mount point /teamspace/studios)
Stopping at filesystem boundary (GIT_DISCOVERY_ACROSS_FILESYSTEM not set).
2024-09-26 12:16:44.769 [info] > git rev-parse --show-toplevel [4ms]
2024-09-26 12:16:44.769 [info] fatal: not a git repository (or any parent up to mount point /teamspace/studios)
Stopping at filesystem boundary (GIT_DISCOVERY_ACROSS_FILESYSTEM not set).
2024-09-26 12:16:45.362 [info] > git rev-parse --show-toplevel [3ms]
2024-09-26 12:16:45.362 [info] fatal: not a git repository (or any parent up to mount point /teamspace/studios)
Stopping at filesystem boundary (GIT_DISCOVERY_ACROSS_FILESYSTEM not set).
2024-09-26 12:16:47.551 [info] > git rev-parse --show-toplevel [2ms]
2024-09-26 12:16:47.551 [info] fatal: not a git repository (or any parent up to mount point /teamspace/studios)
Stopping at filesystem boundary (GIT_DISCOVERY_ACROSS_FILESYSTEM not set).
2024-09-26 12:19:12.720 [info] > git rev-parse --show-toplevel [2ms]
2024-09-26 12:19:12.721 [info] fatal: not a git repository (or any parent up to mount point /teamspace/studios)
Stopping at filesystem boundary (GIT_DISCOVERY_ACROSS_FILESYSTEM not set).
2024-09-26 12:19:57.379 [info] > git rev-parse --show-toplevel [2ms]
2024-09-26 12:19:57.380 [info] fatal: not a git repository (or any parent up to mount point /teamspace/studios)
Stopping at filesystem boundary (GIT_DISCOVERY_ACROSS_FILESYSTEM not set).
2024-09-26 12:20:16.814 [info] > git rev-parse --show-toplevel [2ms]
2024-09-26 12:20:16.815 [info] fatal: not a git repository (or any parent up to mount point /teamspace/studios)
Stopping at filesystem boundary (GIT_DISCOVERY_ACROSS_FILESYSTEM not set).
2024-09-26 12:21:24.675 [info] > git rev-parse --show-toplevel [2ms]
2024-09-26 12:21:24.676 [info] fatal: not a git repository (or any parent up to mount point /teamspace/studios)
Stopping at filesystem boundary (GIT_DISCOVERY_ACROSS_FILESYSTEM not set).
2024-09-26 12:23:18.056 [info] > git rev-parse --show-toplevel [3ms]
2024-09-26 12:23:18.056 [info] fatal: not a git repository (or any parent up to mount point /teamspace/studios)
Stopping at filesystem boundary (GIT_DISCOVERY_ACROSS_FILESYSTEM not set).
2024-09-26 12:24:04.418 [info] > git rev-parse --show-toplevel [2ms]
2024-09-26 12:24:04.419 [info] fatal: not a git repository (or any parent up to mount point /teamspace/studios)
Stopping at filesystem boundary (GIT_DISCOVERY_ACROSS_FILESYSTEM not set).
2024-09-26 12:24:07.910 [info] > git rev-parse --show-toplevel [2ms]
2024-09-26 12:24:07.911 [info] fatal: not a git repository (or any parent up to mount point /teamspace/studios)
Stopping at filesystem boundary (GIT_DISCOVERY_ACROSS_FILESYSTEM not set).
2024-09-26 12:26:18.873 [info] > git rev-parse --show-toplevel [4ms]
2024-09-26 12:26:18.873 [info] fatal: not a git repository (or any parent up to mount point /teamspace/studios)
Stopping at filesystem boundary (GIT_DISCOVERY_ACROSS_FILESYSTEM not set).
2024-09-26 12:26:35.099 [info] > git rev-parse --show-toplevel [2ms]
2024-09-26 12:26:35.100 [info] fatal: not a git repository (or any parent up to mount point /teamspace/studios)
Stopping at filesystem boundary (GIT_DISCOVERY_ACROSS_FILESYSTEM not set).
2024-09-26 12:30:41.264 [info] > git rev-parse --show-toplevel [2ms]
2024-09-26 12:30:41.265 [info] fatal: not a git repository (or any parent up to mount point /teamspace/studios)
Stopping at filesystem boundary (GIT_DISCOVERY_ACROSS_FILESYSTEM not set).
2024-09-26 12:31:25.038 [info] > git rev-parse --show-toplevel [2ms]
2024-09-26 12:31:25.039 [info] fatal: not a git repository (or any parent up to mount point /teamspace/studios)
Stopping at filesystem boundary (GIT_DISCOVERY_ACROSS_FILESYSTEM not set).
2024-09-26 12:31:33.384 [info] > git rev-parse --show-toplevel [1ms]
2024-09-26 12:31:33.384 [info] fatal: not a git repository (or any parent up to mount point /teamspace/studios)
Stopping at filesystem boundary (GIT_DISCOVERY_ACROSS_FILESYSTEM not set).
2024-09-26 12:31:46.235 [info] > git rev-parse --show-toplevel [2ms]
2024-09-26 12:31:46.236 [info] fatal: not a git repository (or any parent up to mount point /teamspace/studios)
Stopping at filesystem boundary (GIT_DISCOVERY_ACROSS_FILESYSTEM not set).
2024-09-26 12:31:47.485 [info] > git rev-parse --show-toplevel [2ms]
2024-09-26 12:31:47.486 [info] fatal: not a git repository (or any parent up to mount point /teamspace/studios)
Stopping at filesystem boundary (GIT_DISCOVERY_ACROSS_FILESYSTEM not set).
2024-09-26 12:32:04.530 [info] > git rev-parse --show-toplevel [2ms]
2024-09-26 12:32:04.531 [info] fatal: not a git repository (or any parent up to mount point /teamspace/studios)
Stopping at filesystem boundary (GIT_DISCOVERY_ACROSS_FILESYSTEM not set).
2024-09-26 12:33:08.707 [info] > git rev-parse --show-toplevel [2ms]
2024-09-26 12:33:08.708 [info] fatal: not a git repository (or any parent up to mount point /teamspace/studios)
Stopping at filesystem boundary (GIT_DISCOVERY_ACROSS_FILESYSTEM not set).
2024-09-26 12:33:10.436 [info] > git rev-parse --show-toplevel [2ms]
2024-09-26 12:33:10.436 [info] fatal: not a git repository (or any parent up to mount point /teamspace/studios)
Stopping at filesystem boundary (GIT_DISCOVERY_ACROSS_FILESYSTEM not set).
2024-09-26 12:33:11.610 [info] > git rev-parse --show-toplevel [3ms]
2024-09-26 12:33:11.610 [info] fatal: not a git repository (or any parent up to mount point /teamspace/studios)
Stopping at filesystem boundary (GIT_DISCOVERY_ACROSS_FILESYSTEM not set).
2024-09-26 12:33:15.090 [info] > git rev-parse --show-toplevel [2ms]
2024-09-26 12:33:15.091 [info] fatal: not a git repository (or any parent up to mount point /teamspace/studios)
Stopping at filesystem boundary (GIT_DISCOVERY_ACROSS_FILESYSTEM not set).
2024-09-26 12:33:21.094 [info] > git rev-parse --show-toplevel [2ms]
2024-09-26 12:33:21.094 [info] fatal: not a git repository (or any parent up to mount point /teamspace/studios)
Stopping at filesystem boundary (GIT_DISCOVERY_ACROSS_FILESYSTEM not set).
2024-09-26 12:34:03.747 [info] > git rev-parse --show-toplevel [2ms]
2024-09-26 12:34:03.748 [info] fatal: not a git repository (or any parent up to mount point /teamspace/studios)
Stopping at filesystem boundary (GIT_DISCOVERY_ACROSS_FILESYSTEM not set).
2024-09-26 12:34:39.383 [info] > git rev-parse --show-toplevel [3ms]
2024-09-26 12:34:39.383 [info] fatal: not a git repository (or any parent up to mount point /teamspace/studios)
Stopping at filesystem boundary (GIT_DISCOVERY_ACROSS_FILESYSTEM not set).
2024-09-26 12:34:40.142 [info] > git rev-parse --show-toplevel [2ms]
2024-09-26 12:34:40.142 [info] fatal: not a git repository (or any parent up to mount point /teamspace/studios)
Stopping at filesystem boundary (GIT_DISCOVERY_ACROSS_FILESYSTEM not set).
2024-09-26 12:38:47.420 [info] > git rev-parse --show-toplevel [2ms]
2024-09-26 12:38:47.421 [info] fatal: not a git repository (or any parent up to mount point /teamspace/studios)
Stopping at filesystem boundary (GIT_DISCOVERY_ACROSS_FILESYSTEM not set).
2024-09-26 12:38:49.748 [info] > git rev-parse --show-toplevel [2ms]
2024-09-26 12:38:49.748 [info] fatal: not a git repository (or any parent up to mount point /teamspace/studios)
Stopping at filesystem boundary (GIT_DISCOVERY_ACROSS_FILESYSTEM not set).
2024-09-26 12:39:35.381 [info] > git rev-parse --show-toplevel [2ms]
2024-09-26 12:39:35.382 [info] fatal: not a git repository (or any parent up to mount point /teamspace/studios)
Stopping at filesystem boundary (GIT_DISCOVERY_ACROSS_FILESYSTEM not set).
2024-09-26 12:39:41.364 [info] > git rev-parse --show-toplevel [3ms]
2024-09-26 12:39:41.364 [info] fatal: not a git repository (or any parent up to mount point /teamspace/studios)
Stopping at filesystem boundary (GIT_DISCOVERY_ACROSS_FILESYSTEM not set).
2024-09-26 12:57:13.198 [info] > git rev-parse --show-toplevel [4ms]
2024-09-26 12:57:13.200 [info] fatal: not a git repository (or any parent up to mount point /teamspace/studios)
Stopping at filesystem boundary (GIT_DISCOVERY_ACROSS_FILESYSTEM not set).
2024-09-26 12:58:43.592 [info] > git rev-parse --show-toplevel [3ms]
2024-09-26 12:58:43.593 [info] fatal: not a git repository (or any parent up to mount point /teamspace/studios)
Stopping at filesystem boundary (GIT_DISCOVERY_ACROSS_FILESYSTEM not set).
2024-09-26 13:01:08.371 [info] > git rev-parse --show-toplevel [2ms]
2024-09-26 13:01:08.372 [info] fatal: not a git repository (or any parent up to mount point /teamspace/studios)
Stopping at filesystem boundary (GIT_DISCOVERY_ACROSS_FILESYSTEM not set).
2024-09-26 13:01:44.584 [info] > git rev-parse --show-toplevel [2ms]
2024-09-26 13:01:44.584 [info] fatal: not a git repository (or any parent up to mount point /teamspace/studios)
Stopping at filesystem boundary (GIT_DISCOVERY_ACROSS_FILESYSTEM not set).
2024-09-26 13:01:50.883 [info] > git rev-parse --show-toplevel [3ms]
2024-09-26 13:01:50.884 [info] fatal: not a git repository (or any parent up to mount point /teamspace/studios)
Stopping at filesystem boundary (GIT_DISCOVERY_ACROSS_FILESYSTEM not set).
2024-09-26 13:04:37.157 [info] > git rev-parse --show-toplevel [2ms]
2024-09-26 13:04:37.158 [info] fatal: not a git repository (or any parent up to mount point /teamspace/studios)
Stopping at filesystem boundary (GIT_DISCOVERY_ACROSS_FILESYSTEM not set).
2024-09-26 13:04:38.173 [info] > git rev-parse --show-toplevel [2ms]
2024-09-26 13:04:38.173 [info] fatal: not a git repository (or any parent up to mount point /teamspace/studios)
Stopping at filesystem boundary (GIT_DISCOVERY_ACROSS_FILESYSTEM not set).
2024-09-26 13:04:58.840 [info] > git rev-parse --show-toplevel [2ms]
2024-09-26 13:04:58.841 [info] fatal: not a git repository (or any parent up to mount point /teamspace/studios)
Stopping at filesystem boundary (GIT_DISCOVERY_ACROSS_FILESYSTEM not set).
2024-09-26 13:06:04.776 [info] > git rev-parse --show-toplevel [2ms]
2024-09-26 13:06:04.778 [info] fatal: not a git repository (or any parent up to mount point /teamspace/studios)
Stopping at filesystem boundary (GIT_DISCOVERY_ACROSS_FILESYSTEM not set).
2024-09-26 13:10:31.138 [info] > git rev-parse --show-toplevel [4ms]
2024-09-26 13:10:31.139 [info] fatal: not a git repository (or any parent up to mount point /teamspace/studios)
Stopping at filesystem boundary (GIT_DISCOVERY_ACROSS_FILESYSTEM not set).
2024-09-26 13:11:09.437 [info] > git rev-parse --show-toplevel [2ms]
2024-09-26 13:11:09.438 [info] fatal: not a git repository (or any parent up to mount point /teamspace/studios)
Stopping at filesystem boundary (GIT_DISCOVERY_ACROSS_FILESYSTEM not set).
2024-09-26 13:11:16.268 [info] > git rev-parse --show-toplevel [2ms]
2024-09-26 13:11:16.268 [info] fatal: not a git repository (or any parent up to mount point /teamspace/studios)
Stopping at filesystem boundary (GIT_DISCOVERY_ACROSS_FILESYSTEM not set).
2024-09-26 13:11:32.827 [info] > git rev-parse --show-toplevel [2ms]
2024-09-26 13:11:32.828 [info] fatal: not a git repository (or any parent up to mount point /teamspace/studios)
Stopping at filesystem boundary (GIT_DISCOVERY_ACROSS_FILESYSTEM not set).
2024-09-26 13:11:40.940 [info] > git rev-parse --show-toplevel [2ms]
2024-09-26 13:11:40.941 [info] fatal: not a git repository (or any parent up to mount point /teamspace/studios)
Stopping at filesystem boundary (GIT_DISCOVERY_ACROSS_FILESYSTEM not set).
2024-09-26 13:11:54.036 [info] > git rev-parse --show-toplevel [2ms]
2024-09-26 13:11:54.037 [info] fatal: not a git repository (or any parent up to mount point /teamspace/studios)
Stopping at filesystem boundary (GIT_DISCOVERY_ACROSS_FILESYSTEM not set).
2024-09-26 13:11:56.016 [info] > git rev-parse --show-toplevel [2ms]
2024-09-26 13:11:56.016 [info] fatal: not a git repository (or any parent up to mount point /teamspace/studios)
Stopping at filesystem boundary (GIT_DISCOVERY_ACROSS_FILESYSTEM not set).
2024-09-26 13:11:58.073 [info] > git rev-parse --show-toplevel [2ms]
2024-09-26 13:11:58.074 [info] fatal: not a git repository (or any parent up to mount point /teamspace/studios)
Stopping at filesystem boundary (GIT_DISCOVERY_ACROSS_FILESYSTEM not set).
2024-09-26 13:11:59.499 [info] > git rev-parse --show-toplevel [2ms]
2024-09-26 13:11:59.499 [info] fatal: not a git repository (or any parent up to mount point /teamspace/studios)
Stopping at filesystem boundary (GIT_DISCOVERY_ACROSS_FILESYSTEM not set).
2024-09-26 13:12:19.415 [info] > git rev-parse --show-toplevel [3ms]
2024-09-26 13:12:19.416 [info] fatal: not a git repository (or any parent up to mount point /teamspace/studios)
Stopping at filesystem boundary (GIT_DISCOVERY_ACROSS_FILESYSTEM not set).
2024-09-26 13:12:23.874 [info] > git rev-parse --show-toplevel [4ms]
2024-09-26 13:12:23.875 [info] fatal: not a git repository (or any parent up to mount point /teamspace/studios)
Stopping at filesystem boundary (GIT_DISCOVERY_ACROSS_FILESYSTEM not set).
2024-09-26 13:12:26.882 [info] > git rev-parse --show-toplevel [3ms]
2024-09-26 13:12:26.883 [info] fatal: not a git repository (or any parent up to mount point /teamspace/studios)
Stopping at filesystem boundary (GIT_DISCOVERY_ACROSS_FILESYSTEM not set).
2024-09-26 13:14:51.573 [info] > git rev-parse --show-toplevel [2ms]
2024-09-26 13:14:51.574 [info] fatal: not a git repository (or any parent up to mount point /teamspace/studios)
Stopping at filesystem boundary (GIT_DISCOVERY_ACROSS_FILESYSTEM not set).
2024-09-26 13:15:33.022 [info] > git rev-parse --show-toplevel [2ms]
2024-09-26 13:15:33.022 [info] fatal: not a git repository (or any parent up to mount point /teamspace/studios)
Stopping at filesystem boundary (GIT_DISCOVERY_ACROSS_FILESYSTEM not set).
2024-09-26 13:38:15.820 [info] > git rev-parse --show-toplevel [3ms]
2024-09-26 13:38:15.820 [info] fatal: not a git repository (or any parent up to mount point /teamspace/studios)
Stopping at filesystem boundary (GIT_DISCOVERY_ACROSS_FILESYSTEM not set).
2024-09-26 13:39:58.593 [info] > git rev-parse --show-toplevel [4ms]
2024-09-26 13:39:58.593 [info] fatal: not a git repository (or any parent up to mount point /teamspace/studios)
Stopping at filesystem boundary (GIT_DISCOVERY_ACROSS_FILESYSTEM not set).
2024-09-26 13:40:08.065 [info] > git rev-parse --show-toplevel [3ms]
2024-09-26 13:40:08.065 [info] fatal: not a git repository (or any parent up to mount point /teamspace/studios)
Stopping at filesystem boundary (GIT_DISCOVERY_ACROSS_FILESYSTEM not set).
2024-09-26 13:40:09.466 [info] > git rev-parse --show-toplevel [2ms]
2024-09-26 13:40:09.466 [info] fatal: not a git repository (or any parent up to mount point /teamspace/studios)
Stopping at filesystem boundary (GIT_DISCOVERY_ACROSS_FILESYSTEM not set).
2024-09-26 13:40:11.765 [info] > git rev-parse --show-toplevel [3ms]
2024-09-26 13:40:11.765 [info] fatal: not a git repository (or any parent up to mount point /teamspace/studios)
Stopping at filesystem boundary (GIT_DISCOVERY_ACROSS_FILESYSTEM not set).
2024-09-26 13:40:13.970 [info] > git rev-parse --show-toplevel [2ms]
2024-09-26 13:40:13.970 [info] fatal: not a git repository (or any parent up to mount point /teamspace/studios)
Stopping at filesystem boundary (GIT_DISCOVERY_ACROSS_FILESYSTEM not set).
2024-09-26 13:40:15.968 [info] > git rev-parse --show-toplevel [2ms]
2024-09-26 13:40:15.968 [info] fatal: not a git repository (or any parent up to mount point /teamspace/studios)
Stopping at filesystem boundary (GIT_DISCOVERY_ACROSS_FILESYSTEM not set).
2024-09-26 13:40:16.621 [info] > git rev-parse --show-toplevel [1ms]
2024-09-26 13:40:16.621 [info] fatal: not a git repository (or any parent up to mount point /teamspace/studios)
Stopping at filesystem boundary (GIT_DISCOVERY_ACROSS_FILESYSTEM not set).
2024-09-26 13:41:36.227 [info] > git rev-parse --show-toplevel [2ms]
2024-09-26 13:41:36.228 [info] fatal: not a git repository (or any parent up to mount point /teamspace/studios)
Stopping at filesystem boundary (GIT_DISCOVERY_ACROSS_FILESYSTEM not set).
2024-09-26 13:53:29.994 [info] > git rev-parse --show-toplevel [2ms]
2024-09-26 13:53:29.995 [info] fatal: not a git repository (or any parent up to mount point /teamspace/studios)
Stopping at filesystem boundary (GIT_DISCOVERY_ACROSS_FILESYSTEM not set).
2024-09-26 14:00:13.220 [info] > git rev-parse --show-toplevel [2ms]
2024-09-26 14:00:13.221 [info] fatal: not a git repository (or any parent up to mount point /teamspace/studios)
Stopping at filesystem boundary (GIT_DISCOVERY_ACROSS_FILESYSTEM not set).
2024-09-26 14:00:37.544 [info] > git rev-parse --show-toplevel [2ms]
2024-09-26 14:00:37.545 [info] fatal: not a git repository (or any parent up to mount point /teamspace/studios)
Stopping at filesystem boundary (GIT_DISCOVERY_ACROSS_FILESYSTEM not set).
2024-09-26 14:05:27.305 [info] > git rev-parse --show-toplevel [2ms]
2024-09-26 14:05:27.306 [info] fatal: not a git repository (or any parent up to mount point /teamspace/studios)
Stopping at filesystem boundary (GIT_DISCOVERY_ACROSS_FILESYSTEM not set).
2024-09-26 14:05:29.861 [info] > git rev-parse --show-toplevel [2ms]
2024-09-26 14:05:29.861 [info] fatal: not a git repository (or any parent up to mount point /teamspace/studios)
Stopping at filesystem boundary (GIT_DISCOVERY_ACROSS_FILESYSTEM not set).
2024-09-26 14:05:31.574 [info] > git rev-parse --show-toplevel [3ms]
2024-09-26 14:05:31.574 [info] fatal: not a git repository (or any parent up to mount point /teamspace/studios)
Stopping at filesystem boundary (GIT_DISCOVERY_ACROSS_FILESYSTEM not set).
2024-09-26 14:05:36.523 [info] > git rev-parse --show-toplevel [3ms]
2024-09-26 14:05:36.525 [info] fatal: not a git repository (or any parent up to mount point /teamspace/studios)
Stopping at filesystem boundary (GIT_DISCOVERY_ACROSS_FILESYSTEM not set).
2024-09-26 14:05:37.354 [info] > git rev-parse --show-toplevel [3ms]
2024-09-26 14:05:37.355 [info] fatal: not a git repository (or any parent up to mount point /teamspace/studios)
Stopping at filesystem boundary (GIT_DISCOVERY_ACROSS_FILESYSTEM not set).
2024-09-26 14:05:58.461 [info] > git rev-parse --show-toplevel [3ms]
2024-09-26 14:05:58.461 [info] fatal: not a git repository (or any parent up to mount point /teamspace/studios)
Stopping at filesystem boundary (GIT_DISCOVERY_ACROSS_FILESYSTEM not set).
2024-09-26 14:06:46.484 [info] > git rev-parse --show-toplevel [2ms]
2024-09-26 14:06:46.485 [info] fatal: not a git repository (or any parent up to mount point /teamspace/studios)
Stopping at filesystem boundary (GIT_DISCOVERY_ACROSS_FILESYSTEM not set).
2024-09-26 14:06:53.265 [info] > git rev-parse --show-toplevel [3ms]
2024-09-26 14:06:53.265 [info] fatal: not a git repository (or any parent up to mount point /teamspace/studios)
Stopping at filesystem boundary (GIT_DISCOVERY_ACROSS_FILESYSTEM not set).
2024-09-26 14:07:20.848 [info] > git rev-parse --show-toplevel [2ms]
2024-09-26 14:07:20.849 [info] fatal: not a git repository (or any parent up to mount point /teamspace/studios)
Stopping at filesystem boundary (GIT_DISCOVERY_ACROSS_FILESYSTEM not set).
2024-09-26 14:07:23.251 [info] > git rev-parse --show-toplevel [2ms]
2024-09-26 14:07:23.251 [info] fatal: not a git repository (or any parent up to mount point /teamspace/studios)
Stopping at filesystem boundary (GIT_DISCOVERY_ACROSS_FILESYSTEM not set).
2024-09-26 14:07:28.199 [info] > git rev-parse --show-toplevel [2ms]
2024-09-26 14:07:28.200 [info] fatal: not a git repository (or any parent up to mount point /teamspace/studios)
Stopping at filesystem boundary (GIT_DISCOVERY_ACROSS_FILESYSTEM not set).
2024-09-26 14:08:20.684 [info] > git rev-parse --show-toplevel [2ms]
2024-09-26 14:08:20.685 [info] fatal: not a git repository (or any parent up to mount point /teamspace/studios)
Stopping at filesystem boundary (GIT_DISCOVERY_ACROSS_FILESYSTEM not set).
2024-09-26 14:08:21.532 [info] > git rev-parse --show-toplevel [4ms]
2024-09-26 14:08:21.532 [info] fatal: not a git repository (or any parent up to mount point /teamspace/studios)
Stopping at filesystem boundary (GIT_DISCOVERY_ACROSS_FILESYSTEM not set).
2024-09-26 14:08:23.262 [info] > git rev-parse --show-toplevel [3ms]
2024-09-26 14:08:23.262 [info] fatal: not a git repository (or any parent up to mount point /teamspace/studios)
Stopping at filesystem boundary (GIT_DISCOVERY_ACROSS_FILESYSTEM not set).
2024-09-26 14:08:24.289 [info] > git rev-parse --show-toplevel [2ms]
2024-09-26 14:08:24.289 [info] fatal: not a git repository (or any parent up to mount point /teamspace/studios)
Stopping at filesystem boundary (GIT_DISCOVERY_ACROSS_FILESYSTEM not set).
2024-09-26 14:08:24.857 [info] > git rev-parse --show-toplevel [2ms]
2024-09-26 14:08:24.857 [info] fatal: not a git repository (or any parent up to mount point /teamspace/studios)
Stopping at filesystem boundary (GIT_DISCOVERY_ACROSS_FILESYSTEM not set).
2024-09-26 14:08:44.067 [info] > git rev-parse --show-toplevel [3ms]
2024-09-26 14:08:44.067 [info] fatal: not a git repository (or any parent up to mount point /teamspace/studios)
Stopping at filesystem boundary (GIT_DISCOVERY_ACROSS_FILESYSTEM not set).
2024-09-26 14:08:44.398 [info] > git rev-parse --show-toplevel [5ms]
2024-09-26 14:08:44.398 [info] fatal: not a git repository (or any parent up to mount point /teamspace/studios)
Stopping at filesystem boundary (GIT_DISCOVERY_ACROSS_FILESYSTEM not set).
2024-09-26 14:09:03.861 [info] > git rev-parse --show-toplevel [2ms]
2024-09-26 14:09:03.862 [info] fatal: not a git repository (or any parent up to mount point /teamspace/studios)
Stopping at filesystem boundary (GIT_DISCOVERY_ACROSS_FILESYSTEM not set).
2024-09-26 14:09:06.622 [info] > git rev-parse --show-toplevel [2ms]
2024-09-26 14:09:06.622 [info] fatal: not a git repository (or any parent up to mount point /teamspace/studios)
Stopping at filesystem boundary (GIT_DISCOVERY_ACROSS_FILESYSTEM not set).
2024-09-26 14:09:14.846 [info] > git rev-parse --show-toplevel [2ms]
2024-09-26 14:09:14.847 [info] fatal: not a git repository (or any parent up to mount point /teamspace/studios)
Stopping at filesystem boundary (GIT_DISCOVERY_ACROSS_FILESYSTEM not set).
2024-09-26 14:09:55.060 [info] > git rev-parse --show-toplevel [2ms]
2024-09-26 14:09:55.061 [info] fatal: not a git repository (or any parent up to mount point /teamspace/studios)
Stopping at filesystem boundary (GIT_DISCOVERY_ACROSS_FILESYSTEM not set).
2024-09-26 14:09:56.221 [info] > git rev-parse --show-toplevel [2ms]
2024-09-26 14:09:56.222 [info] fatal: not a git repository (or any parent up to mount point /teamspace/studios)
Stopping at filesystem boundary (GIT_DISCOVERY_ACROSS_FILESYSTEM not set).
2024-09-26 14:09:57.008 [info] > git rev-parse --show-toplevel [4ms]
2024-09-26 14:09:57.009 [info] fatal: not a git repository (or any parent up to mount point /teamspace/studios)
Stopping at filesystem boundary (GIT_DISCOVERY_ACROSS_FILESYSTEM not set).
2024-09-26 14:10:21.440 [info] > git rev-parse --show-toplevel [3ms]
2024-09-26 14:10:21.441 [info] fatal: not a git repository (or any parent up to mount point /teamspace/studios)
Stopping at filesystem boundary (GIT_DISCOVERY_ACROSS_FILESYSTEM not set).
2024-09-26 14:10:22.168 [info] > git rev-parse --show-toplevel [3ms]
2024-09-26 14:10:22.168 [info] fatal: not a git repository (or any parent up to mount point /teamspace/studios)
Stopping at filesystem boundary (GIT_DISCOVERY_ACROSS_FILESYSTEM not set).
2024-09-26 14:16:23.755 [info] > git rev-parse --show-toplevel [2ms]
2024-09-26 14:16:23.756 [info] fatal: not a git repository (or any parent up to mount point /teamspace/studios)
Stopping at filesystem boundary (GIT_DISCOVERY_ACROSS_FILESYSTEM not set).
2024-09-26 14:16:41.293 [info] > git rev-parse --show-toplevel [10ms]
2024-09-26 14:16:41.295 [info] fatal: not a git repository (or any parent up to mount point /teamspace/studios)
Stopping at filesystem boundary (GIT_DISCOVERY_ACROSS_FILESYSTEM not set).
2024-09-26 14:18:30.024 [info] > git rev-parse --show-toplevel [0ms]
2024-09-26 14:18:30.024 [info] fatal: not a git repository (or any parent up to mount point /teamspace/studios)
Stopping at filesystem boundary (GIT_DISCOVERY_ACROSS_FILESYSTEM not set).
2024-09-26 14:18:35.541 [info] > git rev-parse --show-toplevel [2ms]
2024-09-26 14:18:35.542 [info] fatal: not a git repository (or any parent up to mount point /teamspace/studios)
Stopping at filesystem boundary (GIT_DISCOVERY_ACROSS_FILESYSTEM not set).
2024-09-26 14:19:11.359 [info] > git rev-parse --show-toplevel [3ms]
2024-09-26 14:19:11.360 [info] fatal: not a git repository (or any parent up to mount point /teamspace/studios)
Stopping at filesystem boundary (GIT_DISCOVERY_ACROSS_FILESYSTEM not set).
2024-09-26 14:19:12.180 [info] > git rev-parse --show-toplevel [6ms]
2024-09-26 14:19:12.181 [info] fatal: not a git repository (or any parent up to mount point /teamspace/studios)
Stopping at filesystem boundary (GIT_DISCOVERY_ACROSS_FILESYSTEM not set).
2024-09-26 14:20:40.322 [info] > git rev-parse --show-toplevel [2ms]
2024-09-26 14:20:40.323 [info] fatal: not a git repository (or any parent up to mount point /teamspace/studios)
Stopping at filesystem boundary (GIT_DISCOVERY_ACROSS_FILESYSTEM not set).
2024-09-26 14:20:49.346 [info] > git rev-parse --show-toplevel [2ms]
2024-09-26 14:20:49.347 [info] fatal: not a git repository (or any parent up to mount point /teamspace/studios)
Stopping at filesystem boundary (GIT_DISCOVERY_ACROSS_FILESYSTEM not set).
2024-09-26 14:21:41.980 [info] > git rev-parse --show-toplevel [3ms]
2024-09-26 14:21:41.981 [info] fatal: not a git repository (or any parent up to mount point /teamspace/studios)
Stopping at filesystem boundary (GIT_DISCOVERY_ACROSS_FILESYSTEM not set).
2024-09-26 14:21:43.310 [info] > git rev-parse --show-toplevel [3ms]
2024-09-26 14:21:43.310 [info] fatal: not a git repository (or any parent up to mount point /teamspace/studios)
Stopping at filesystem boundary (GIT_DISCOVERY_ACROSS_FILESYSTEM not set).
2024-09-26 14:21:44.419 [info] > git rev-parse --show-toplevel [3ms]
2024-09-26 14:21:44.419 [info] fatal: not a git repository (or any parent up to mount point /teamspace/studios)
Stopping at filesystem boundary (GIT_DISCOVERY_ACROSS_FILESYSTEM not set).
2024-09-26 14:21:45.373 [info] > git rev-parse --show-toplevel [4ms]
2024-09-26 14:21:45.373 [info] fatal: not a git repository (or any parent up to mount point /teamspace/studios)
Stopping at filesystem boundary (GIT_DISCOVERY_ACROSS_FILESYSTEM not set).
2024-09-26 14:21:50.696 [info] > git rev-parse --show-toplevel [3ms]
2024-09-26 14:21:50.697 [info] fatal: not a git repository (or any parent up to mount point /teamspace/studios)
Stopping at filesystem boundary (GIT_DISCOVERY_ACROSS_FILESYSTEM not set).
2024-09-26 14:22:59.843 [info] > git rev-parse --show-toplevel [5ms]
2024-09-26 14:22:59.844 [info] fatal: not a git repository (or any parent up to mount point /teamspace/studios)
Stopping at filesystem boundary (GIT_DISCOVERY_ACROSS_FILESYSTEM not set).
2024-09-26 14:23:00.719 [info] > git rev-parse --show-toplevel [3ms]
2024-09-26 14:23:00.719 [info] fatal: not a git repository (or any parent up to mount point /teamspace/studios)
Stopping at filesystem boundary (GIT_DISCOVERY_ACROSS_FILESYSTEM not set).
2024-09-26 14:23:03.275 [info] > git rev-parse --show-toplevel [2ms]
2024-09-26 14:23:03.276 [info] fatal: not a git repository (or any parent up to mount point /teamspace/studios)
Stopping at filesystem boundary (GIT_DISCOVERY_ACROSS_FILESYSTEM not set).
2024-09-26 14:23:05.602 [info] > git rev-parse --show-toplevel [3ms]
2024-09-26 14:23:05.602 [info] fatal: not a git repository (or any parent up to mount point /teamspace/studios)
Stopping at filesystem boundary (GIT_DISCOVERY_ACROSS_FILESYSTEM not set).
2024-09-26 14:23:22.742 [info] > git rev-parse --show-toplevel [2ms]
2024-09-26 14:23:22.743 [info] fatal: not a git repository (or any parent up to mount point /teamspace/studios)
Stopping at filesystem boundary (GIT_DISCOVERY_ACROSS_FILESYSTEM not set).
2024-09-26 14:23:24.327 [info] > git rev-parse --show-toplevel [2ms]
2024-09-26 14:23:24.327 [info] fatal: not a git repository (or any parent up to mount point /teamspace/studios)
Stopping at filesystem boundary (GIT_DISCOVERY_ACROSS_FILESYSTEM not set).
2024-09-26 14:23:25.570 [info] > git rev-parse --show-toplevel [4ms]
2024-09-26 14:23:25.571 [info] fatal: not a git repository (or any parent up to mount point /teamspace/studios)
Stopping at filesystem boundary (GIT_DISCOVERY_ACROSS_FILESYSTEM not set).
2024-09-26 14:23:26.574 [info] > git rev-parse --show-toplevel [3ms]
2024-09-26 14:23:26.575 [info] fatal: not a git repository (or any parent up to mount point /teamspace/studios)
Stopping at filesystem boundary (GIT_DISCOVERY_ACROSS_FILESYSTEM not set).
2024-09-26 14:25:00.360 [info] > git rev-parse --show-toplevel [3ms]
2024-09-26 14:25:00.361 [info] fatal: not a git repository (or any parent up to mount point /teamspace/studios)
Stopping at filesystem boundary (GIT_DISCOVERY_ACROSS_FILESYSTEM not set).
2024-09-26 14:25:02.267 [info] > git rev-parse --show-toplevel [2ms]
2024-09-26 14:25:02.267 [info] fatal: not a git repository (or any parent up to mount point /teamspace/studios)
Stopping at filesystem boundary (GIT_DISCOVERY_ACROSS_FILESYSTEM not set).
2024-09-26 14:25:13.853 [info] > git rev-parse --show-toplevel [3ms]
2024-09-26 14:25:13.853 [info] fatal: not a git repository (or any parent up to mount point /teamspace/studios)
Stopping at filesystem boundary (GIT_DISCOVERY_ACROSS_FILESYSTEM not set).
2024-09-26 14:25:15.761 [info] > git rev-parse --show-toplevel [3ms]
2024-09-26 14:25:15.762 [info] fatal: not a git repository (or any parent up to mount point /teamspace/studios)
Stopping at filesystem boundary (GIT_DISCOVERY_ACROSS_FILESYSTEM not set).
2024-09-26 14:25:30.630 [info] > git rev-parse --show-toplevel [3ms]
2024-09-26 14:25:30.631 [info] fatal: not a git repository (or any parent up to mount point /teamspace/studios)
Stopping at filesystem boundary (GIT_DISCOVERY_ACROSS_FILESYSTEM not set).
2024-09-26 14:25:32.886 [info] > git rev-parse --show-toplevel [2ms]
2024-09-26 14:25:32.886 [info] fatal: not a git repository (or any parent up to mount point /teamspace/studios)
Stopping at filesystem boundary (GIT_DISCOVERY_ACROSS_FILESYSTEM not set).
2024-09-26 14:26:35.881 [info] > git rev-parse --show-toplevel [2ms]
2024-09-26 14:26:35.882 [info] fatal: not a git repository (or any parent up to mount point /teamspace/studios)
Stopping at filesystem boundary (GIT_DISCOVERY_ACROSS_FILESYSTEM not set).
2024-09-26 14:26:36.737 [info] > git rev-parse --show-toplevel [2ms]
2024-09-26 14:26:36.737 [info] fatal: not a git repository (or any parent up to mount point /teamspace/studios)
Stopping at filesystem boundary (GIT_DISCOVERY_ACROSS_FILESYSTEM not set).
2024-09-26 14:26:37.500 [info] > git rev-parse --show-toplevel [1ms]
2024-09-26 14:26:37.500 [info] fatal: not a git repository (or any parent up to mount point /teamspace/studios)
Stopping at filesystem boundary (GIT_DISCOVERY_ACROSS_FILESYSTEM not set).
2024-09-26 14:26:40.354 [info] > git rev-parse --show-toplevel [3ms]
2024-09-26 14:26:40.354 [info] fatal: not a git repository (or any parent up to mount point /teamspace/studios)
Stopping at filesystem boundary (GIT_DISCOVERY_ACROSS_FILESYSTEM not set).
2024-09-26 14:28:11.196 [info] > git rev-parse --show-toplevel [2ms]
2024-09-26 14:28:11.197 [info] fatal: not a git repository (or any parent up to mount point /teamspace/studios)
Stopping at filesystem boundary (GIT_DISCOVERY_ACROSS_FILESYSTEM not set).
2024-09-26 14:28:28.460 [info] > git rev-parse --show-toplevel [3ms]
2024-09-26 14:28:28.460 [info] fatal: not a git repository (or any parent up to mount point /teamspace/studios)
Stopping at filesystem boundary (GIT_DISCOVERY_ACROSS_FILESYSTEM not set).
2024-09-26 14:28:43.051 [info] > git rev-parse --show-toplevel [3ms]
2024-09-26 14:28:43.051 [info] fatal: not a git repository (or any parent up to mount point /teamspace/studios)
Stopping at filesystem boundary (GIT_DISCOVERY_ACROSS_FILESYSTEM not set).
2024-09-26 14:28:54.824 [info] > git rev-parse --show-toplevel [2ms]
2024-09-26 14:28:54.825 [info] fatal: not a git repository (or any parent up to mount point /teamspace/studios)
Stopping at filesystem boundary (GIT_DISCOVERY_ACROSS_FILESYSTEM not set).
2024-09-26 14:30:58.261 [info] > git rev-parse --show-toplevel [2ms]
2024-09-26 14:30:58.262 [info] fatal: not a git repository (or any parent up to mount point /teamspace/studios)
Stopping at filesystem boundary (GIT_DISCOVERY_ACROSS_FILESYSTEM not set).
2024-09-26 14:30:58.846 [info] > git rev-parse --show-toplevel [2ms]
2024-09-26 14:30:58.846 [info] fatal: not a git repository (or any parent up to mount point /teamspace/studios)
Stopping at filesystem boundary (GIT_DISCOVERY_ACROSS_FILESYSTEM not set).
2024-09-26 14:30:59.524 [info] > git rev-parse --show-toplevel [2ms]
2024-09-26 14:30:59.524 [info] fatal: not a git repository (or any parent up to mount point /teamspace/studios)
Stopping at filesystem boundary (GIT_DISCOVERY_ACROSS_FILESYSTEM not set).
2024-09-26 14:31:11.478 [info] > git rev-parse --show-toplevel [3ms]
2024-09-26 14:31:11.478 [info] fatal: not a git repository (or any parent up to mount point /teamspace/studios)
Stopping at filesystem boundary (GIT_DISCOVERY_ACROSS_FILESYSTEM not set).
2024-09-26 14:31:32.207 [info] > git rev-parse --show-toplevel [2ms]
2024-09-26 14:31:32.207 [info] fatal: not a git repository (or any parent up to mount point /teamspace/studios)
Stopping at filesystem boundary (GIT_DISCOVERY_ACROSS_FILESYSTEM not set).
2024-09-26 14:31:44.171 [info] > git rev-parse --show-toplevel [2ms]
2024-09-26 14:31:44.172 [info] fatal: not a git repository (or any parent up to mount point /teamspace/studios)
Stopping at filesystem boundary (GIT_DISCOVERY_ACROSS_FILESYSTEM not set).
2024-09-26 14:32:03.694 [info] > git rev-parse --show-toplevel [5ms]
2024-09-26 14:32:03.695 [info] fatal: not a git repository (or any parent up to mount point /teamspace/studios)
Stopping at filesystem boundary (GIT_DISCOVERY_ACROSS_FILESYSTEM not set).
2024-09-26 14:32:09.406 [info] > git rev-parse --show-toplevel [2ms]
2024-09-26 14:32:09.407 [info] fatal: not a git repository (or any parent up to mount point /teamspace/studios)
Stopping at filesystem boundary (GIT_DISCOVERY_ACROSS_FILESYSTEM not set).
2024-09-26 14:49:47.445 [info] > git rev-parse --show-toplevel [3ms]
2024-09-26 14:49:47.446 [info] fatal: not a git repository (or any parent up to mount point /teamspace/studios)
Stopping at filesystem boundary (GIT_DISCOVERY_ACROSS_FILESYSTEM not set).
2024-09-26 15:09:28.855 [info] > git rev-parse --show-toplevel [5ms]
2024-09-26 15:09:28.856 [info] fatal: not a git repository (or any parent up to mount point /teamspace/studios)
Stopping at filesystem boundary (GIT_DISCOVERY_ACROSS_FILESYSTEM not set).
2024-09-26 15:10:08.245 [info] > git rev-parse --show-toplevel [2ms]
2024-09-26 15:10:08.246 [info] fatal: not a git repository (or any parent up to mount point /teamspace/studios)
Stopping at filesystem boundary (GIT_DISCOVERY_ACROSS_FILESYSTEM not set).
2024-09-26 15:11:24.991 [info] > git rev-parse --show-toplevel [3ms]
2024-09-26 15:11:24.991 [info] fatal: not a git repository (or any parent up to mount point /teamspace/studios)
Stopping at filesystem boundary (GIT_DISCOVERY_ACROSS_FILESYSTEM not set).
2024-09-26 15:11:33.370 [info] > git rev-parse --show-toplevel [4ms]
2024-09-26 15:11:33.371 [info] fatal: not a git repository (or any parent up to mount point /teamspace/studios)
Stopping at filesystem boundary (GIT_DISCOVERY_ACROSS_FILESYSTEM not set).
2024-09-26 15:38:28.236 [info] > git rev-parse --show-toplevel [2ms]
2024-09-26 15:38:28.237 [info] fatal: not a git repository (or any parent up to mount point /teamspace/studios)
Stopping at filesystem boundary (GIT_DISCOVERY_ACROSS_FILESYSTEM not set).
2024-09-26 15:38:46.623 [info] > git rev-parse --show-toplevel [2ms]
2024-09-26 15:38:46.623 [info] fatal: not a git repository (or any parent up to mount point /teamspace/studios)
Stopping at filesystem boundary (GIT_DISCOVERY_ACROSS_FILESYSTEM not set).
2024-09-26 15:41:15.134 [info] > git rev-parse --show-toplevel [2ms]
2024-09-26 15:41:15.135 [info] fatal: not a git repository (or any parent up to mount point /teamspace/studios)
Stopping at filesystem boundary (GIT_DISCOVERY_ACROSS_FILESYSTEM not set).
2024-09-26 15:41:18.204 [info] > git rev-parse --show-toplevel [2ms]
2024-09-26 15:41:18.205 [info] fatal: not a git repository (or any parent up to mount point /teamspace/studios)
Stopping at filesystem boundary (GIT_DISCOVERY_ACROSS_FILESYSTEM not set).
