2024-09-27 06:45:17.230 [info] Extension host with pid 2051 started
2024-09-27 06:45:17.230 [error] Error: EEXIST: file already exists, open '/teamspace/studios/this_studio/.vscode-server/data/User/workspaceStorage/60aa20e0dcf133be3fd05e0f1e205c8e/vscode.lock'
2024-09-27 06:45:17.234 [info] Lock '/teamspace/studios/this_studio/.vscode-server/data/User/workspaceStorage/60aa20e0dcf133be3fd05e0f1e205c8e/vscode.lock': Could not acquire lock, checking if the file is stale.
2024-09-27 06:45:17.237 [info] Lock '/teamspace/studios/this_studio/.vscode-server/data/User/workspaceStorage/60aa20e0dcf133be3fd05e0f1e205c8e/vscode.lock': The pid 2003 appears to be gone.
2024-09-27 06:45:17.237 [info] Lock '/teamspace/studios/this_studio/.vscode-server/data/User/workspaceStorage/60aa20e0dcf133be3fd05e0f1e205c8e/vscode.lock': Deleting a stale lock.
2024-09-27 06:45:17.252 [info] Lock '/teamspace/studios/this_studio/.vscode-server/data/User/workspaceStorage/60aa20e0dcf133be3fd05e0f1e205c8e/vscode.lock': Lock acquired.
2024-09-27 06:45:18.726 [info] ExtensionService#_doActivateExtension vscode.tunnel-forwarding, startup: false, activationEvent: 'onTunnel'
2024-09-27 06:45:18.727 [info] ExtensionService#_doActivateExtension vscode.git-base, startup: false, activationEvent: '*', root cause: vscode.git
2024-09-27 06:45:18.728 [info] ExtensionService#_doActivateExtension ms-python.python, startup: false, activationEvent: 'onLanguage:python', root cause: ms-python.debugpy
2024-09-27 06:45:18.729 [info] ExtensionService#_doActivateExtension vscode.emmet, startup: false, activationEvent: 'onLanguage'
2024-09-27 06:45:20.335 [info] ExtensionService#_doActivateExtension vscode.git, startup: false, activationEvent: '*'
2024-09-27 06:45:20.336 [info] ExtensionService#_doActivateExtension vscode.github, startup: false, activationEvent: '*'
2024-09-27 06:45:22.669 [info] ExtensionService#_doActivateExtension ms-python.debugpy, startup: false, activationEvent: 'onLanguage:python'
2024-09-27 06:45:22.670 [info] ExtensionService#_doActivateExtension ms-python.vscode-pylance, startup: false, activationEvent: 'onLanguage:python'
2024-09-27 06:45:22.972 [info] Eager extensions activated
2024-09-27 06:45:22.973 [info] ExtensionService#_doActivateExtension vscode.debug-auto-launch, startup: false, activationEvent: 'onStartupFinished'
2024-09-27 06:45:22.973 [info] ExtensionService#_doActivateExtension vscode.merge-conflict, startup: false, activationEvent: 'onStartupFinished'
2024-09-27 06:50:03.686 [info] ExtensionService#_doActivateExtension vscode.html-language-features, startup: false, activationEvent: 'onLanguage:html'
2024-09-27 06:50:03.788 [info] ExtensionService#_doActivateExtension vscode.configuration-editing, startup: false, activationEvent: 'onLanguage:json'
2024-09-27 06:50:03.788 [info] ExtensionService#_doActivateExtension vscode.extension-editing, startup: false, activationEvent: 'onLanguage:json'
2024-09-27 06:50:03.788 [info] ExtensionService#_doActivateExtension vscode.json-language-features, startup: false, activationEvent: 'onLanguage:json'
2024-09-27 06:50:03.788 [info] ExtensionService#_doActivateExtension vscode.npm, startup: false, activationEvent: 'onLanguage:json'
2024-09-27 07:28:46.345 [info] Extension host terminating: received terminate message from renderer
2024-09-27 07:28:46.346 [info] Lock '/teamspace/studios/this_studio/.vscode-server/data/User/workspaceStorage/60aa20e0dcf133be3fd05e0f1e205c8e/vscode.lock': Marking the lockfile as scheduled to be released in 6000 ms.
2024-09-27 07:28:46.381 [error] Canceled: Canceled
	at new D (/teamspace/studios/this_studio/.vscode-server/cli/servers/Stable-38c31bc77e0dd6ae88a4e9cc93428cc27a56ba40/server/out/vs/workbench/api/node/extensionHostProcess.js:151:35235)
	at y.U (/teamspace/studios/this_studio/.vscode-server/cli/servers/Stable-38c31bc77e0dd6ae88a4e9cc93428cc27a56ba40/server/out/vs/workbench/api/node/extensionHostProcess.js:158:6005)
	at V.<computed>.F.charCodeAt.A.CharCode.DollarSign.V.<computed> (/teamspace/studios/this_studio/.vscode-server/cli/servers/Stable-38c31bc77e0dd6ae88a4e9cc93428cc27a56ba40/server/out/vs/workbench/api/node/extensionHostProcess.js:158:3107)
	at h.g (/teamspace/studios/this_studio/.vscode-server/cli/servers/Stable-38c31bc77e0dd6ae88a4e9cc93428cc27a56ba40/server/out/vs/workbench/api/node/extensionHostProcess.js:161:210015)
	at h.executeCommand (/teamspace/studios/this_studio/.vscode-server/cli/servers/Stable-38c31bc77e0dd6ae88a4e9cc93428cc27a56ba40/server/out/vs/workbench/api/node/extensionHostProcess.js:161:209453)
	at C.registerCommand.description (/teamspace/studios/this_studio/.vscode-server/cli/servers/Stable-38c31bc77e0dd6ae88a4e9cc93428cc27a56ba40/server/out/vs/workbench/api/node/extensionHostProcess.js:161:208777)
	at h (/teamspace/studios/this_studio/.vscode-server/cli/servers/Stable-38c31bc77e0dd6ae88a4e9cc93428cc27a56ba40/server/out/vs/workbench/api/node/extensionHostProcess.js:161:210554)
	at h.g (/teamspace/studios/this_studio/.vscode-server/cli/servers/Stable-38c31bc77e0dd6ae88a4e9cc93428cc27a56ba40/server/out/vs/workbench/api/node/extensionHostProcess.js:161:209546)
	at h.executeCommand (/teamspace/studios/this_studio/.vscode-server/cli/servers/Stable-38c31bc77e0dd6ae88a4e9cc93428cc27a56ba40/server/out/vs/workbench/api/node/extensionHostProcess.js:161:209453)
	at Object.executeCommand (/teamspace/studios/this_studio/.vscode-server/cli/servers/Stable-38c31bc77e0dd6ae88a4e9cc93428cc27a56ba40/server/out/vs/workbench/api/node/extensionHostProcess.js:171:30683)
	at i.O [as value] (/teamspace/studios/this_studio/.vscode-server/cli/servers/Stable-38c31bc77e0dd6ae88a4e9cc93428cc27a56ba40/server/extensions/git/dist/main.js:2:952009)
	at r.B (/teamspace/studios/this_studio/.vscode-server/cli/servers/Stable-38c31bc77e0dd6ae88a4e9cc93428cc27a56ba40/server/out/vs/workbench/api/node/extensionHostProcess.js:90:732)
	at r.C (/teamspace/studios/this_studio/.vscode-server/cli/servers/Stable-38c31bc77e0dd6ae88a4e9cc93428cc27a56ba40/server/out/vs/workbench/api/node/extensionHostProcess.js:90:802)
	at r.fire (/teamspace/studios/this_studio/.vscode-server/cli/servers/Stable-38c31bc77e0dd6ae88a4e9cc93428cc27a56ba40/server/out/vs/workbench/api/node/extensionHostProcess.js:90:1018)
	at Object.p [as dispose] (/teamspace/studios/this_studio/.vscode-server/cli/servers/Stable-38c31bc77e0dd6ae88a4e9cc93428cc27a56ba40/server/extensions/git/dist/main.js:2:972587)
	at /teamspace/studios/this_studio/.vscode-server/cli/servers/Stable-38c31bc77e0dd6ae88a4e9cc93428cc27a56ba40/server/extensions/git/dist/main.js:2:978709
	at Array.forEach (<anonymous>)
	at f.dispose (/teamspace/studios/this_studio/.vscode-server/cli/servers/Stable-38c31bc77e0dd6ae88a4e9cc93428cc27a56ba40/server/extensions/git/dist/main.js:2:978695)
	at o.<anonymous> (/teamspace/studios/this_studio/.vscode-server/cli/servers/Stable-38c31bc77e0dd6ae88a4e9cc93428cc27a56ba40/server/out/vs/workbench/api/node/extensionHostProcess.js:159:4176)
	at o.dispose (/teamspace/studios/this_studio/.vscode-server/cli/servers/Stable-38c31bc77e0dd6ae88a4e9cc93428cc27a56ba40/server/out/vs/workbench/api/node/extensionHostProcess.js:159:4273)
	at o.<anonymous> (/teamspace/studios/this_studio/.vscode-server/cli/servers/Stable-38c31bc77e0dd6ae88a4e9cc93428cc27a56ba40/server/extensions/git/dist/main.js:2:954307)
	at o.dispose (/teamspace/studios/this_studio/.vscode-server/cli/servers/Stable-38c31bc77e0dd6ae88a4e9cc93428cc27a56ba40/server/out/vs/workbench/api/node/extensionHostProcess.js:159:4273)
	at $ (/teamspace/studios/this_studio/.vscode-server/cli/servers/Stable-38c31bc77e0dd6ae88a4e9cc93428cc27a56ba40/server/out/vs/workbench/api/node/extensionHostProcess.js:30:744)
	at /teamspace/studios/this_studio/.vscode-server/cli/servers/Stable-38c31bc77e0dd6ae88a4e9cc93428cc27a56ba40/server/out/vs/workbench/api/node/extensionHostProcess.js:167:13607
	at /teamspace/studios/this_studio/.vscode-server/cli/servers/Stable-38c31bc77e0dd6ae88a4e9cc93428cc27a56ba40/server/out/vs/workbench/api/node/extensionHostProcess.js:30:1112
	at Object.dispose (/teamspace/studios/this_studio/.vscode-server/cli/servers/Stable-38c31bc77e0dd6ae88a4e9cc93428cc27a56ba40/server/out/vs/workbench/api/node/extensionHostProcess.js:11:11463)
	at m.eb (/teamspace/studios/this_studio/.vscode-server/cli/servers/Stable-38c31bc77e0dd6ae88a4e9cc93428cc27a56ba40/server/out/vs/workbench/api/node/extensionHostProcess.js:167:10282)
	at /teamspace/studios/this_studio/.vscode-server/cli/servers/Stable-38c31bc77e0dd6ae88a4e9cc93428cc27a56ba40/server/out/vs/workbench/api/node/extensionHostProcess.js:167:8153
	at Array.map (<anonymous>)
	at m.$ (/teamspace/studios/this_studio/.vscode-server/cli/servers/Stable-38c31bc77e0dd6ae88a4e9cc93428cc27a56ba40/server/out/vs/workbench/api/node/extensionHostProcess.js:167:8140)
	at m.terminate (/teamspace/studios/this_studio/.vscode-server/cli/servers/Stable-38c31bc77e0dd6ae88a4e9cc93428cc27a56ba40/server/out/vs/workbench/api/node/extensionHostProcess.js:167:8413)
	at $.terminate (/teamspace/studios/this_studio/.vscode-server/cli/servers/Stable-38c31bc77e0dd6ae88a4e9cc93428cc27a56ba40/server/out/vs/workbench/api/node/extensionHostProcess.js:171:1513)
	at n (/teamspace/studios/this_studio/.vscode-server/cli/servers/Stable-38c31bc77e0dd6ae88a4e9cc93428cc27a56ba40/server/out/vs/workbench/api/node/extensionHostProcess.js:184:10613)
	at i.value (/teamspace/studios/this_studio/.vscode-server/cli/servers/Stable-38c31bc77e0dd6ae88a4e9cc93428cc27a56ba40/server/out/vs/workbench/api/node/extensionHostProcess.js:184:8581)
	at r.B (/teamspace/studios/this_studio/.vscode-server/cli/servers/Stable-38c31bc77e0dd6ae88a4e9cc93428cc27a56ba40/server/out/vs/workbench/api/node/extensionHostProcess.js:90:732)
	at r.fire (/teamspace/studios/this_studio/.vscode-server/cli/servers/Stable-38c31bc77e0dd6ae88a4e9cc93428cc27a56ba40/server/out/vs/workbench/api/node/extensionHostProcess.js:90:949)
	at a.fire (/teamspace/studios/this_studio/.vscode-server/cli/servers/Stable-38c31bc77e0dd6ae88a4e9cc93428cc27a56ba40/server/out/vs/workbench/api/node/extensionHostProcess.js:115:14463)
	at h.A (/teamspace/studios/this_studio/.vscode-server/cli/servers/Stable-38c31bc77e0dd6ae88a4e9cc93428cc27a56ba40/server/out/vs/workbench/api/node/extensionHostProcess.js:115:17622)
	at i.value (/teamspace/studios/this_studio/.vscode-server/cli/servers/Stable-38c31bc77e0dd6ae88a4e9cc93428cc27a56ba40/server/out/vs/workbench/api/node/extensionHostProcess.js:115:15980)
	at r.B (/teamspace/studios/this_studio/.vscode-server/cli/servers/Stable-38c31bc77e0dd6ae88a4e9cc93428cc27a56ba40/server/out/vs/workbench/api/node/extensionHostProcess.js:90:732)
	at r.fire (/teamspace/studios/this_studio/.vscode-server/cli/servers/Stable-38c31bc77e0dd6ae88a4e9cc93428cc27a56ba40/server/out/vs/workbench/api/node/extensionHostProcess.js:90:949)
	at m.acceptChunk (/teamspace/studios/this_studio/.vscode-server/cli/servers/Stable-38c31bc77e0dd6ae88a4e9cc93428cc27a56ba40/server/out/vs/workbench/api/node/extensionHostProcess.js:115:12209)
	at /teamspace/studios/this_studio/.vscode-server/cli/servers/Stable-38c31bc77e0dd6ae88a4e9cc93428cc27a56ba40/server/out/vs/workbench/api/node/extensionHostProcess.js:115:11479
	at Socket.b (/teamspace/studios/this_studio/.vscode-server/cli/servers/Stable-38c31bc77e0dd6ae88a4e9cc93428cc27a56ba40/server/out/vs/workbench/api/node/extensionHostProcess.js:181:14623)
	at Socket.emit (node:events:519:28)
	at addChunk (node:internal/streams/readable:559:12)
	at readableAddChunkPushByteMode (node:internal/streams/readable:510:3)
	at Readable.push (node:internal/streams/readable:390:5)
	at Pipe.onStreamRead (node:internal/stream_base_commons:191:23) setContext undefined
2024-09-27 07:28:46.382 [error] Canceled: Canceled
	at new D (/teamspace/studios/this_studio/.vscode-server/cli/servers/Stable-38c31bc77e0dd6ae88a4e9cc93428cc27a56ba40/server/out/vs/workbench/api/node/extensionHostProcess.js:151:35235)
	at y.U (/teamspace/studios/this_studio/.vscode-server/cli/servers/Stable-38c31bc77e0dd6ae88a4e9cc93428cc27a56ba40/server/out/vs/workbench/api/node/extensionHostProcess.js:158:6005)
	at V.<computed>.F.charCodeAt.A.CharCode.DollarSign.V.<computed> (/teamspace/studios/this_studio/.vscode-server/cli/servers/Stable-38c31bc77e0dd6ae88a4e9cc93428cc27a56ba40/server/out/vs/workbench/api/node/extensionHostProcess.js:158:3107)
	at h.g (/teamspace/studios/this_studio/.vscode-server/cli/servers/Stable-38c31bc77e0dd6ae88a4e9cc93428cc27a56ba40/server/out/vs/workbench/api/node/extensionHostProcess.js:161:210015)
	at h.executeCommand (/teamspace/studios/this_studio/.vscode-server/cli/servers/Stable-38c31bc77e0dd6ae88a4e9cc93428cc27a56ba40/server/out/vs/workbench/api/node/extensionHostProcess.js:161:209453)
	at C.registerCommand.description (/teamspace/studios/this_studio/.vscode-server/cli/servers/Stable-38c31bc77e0dd6ae88a4e9cc93428cc27a56ba40/server/out/vs/workbench/api/node/extensionHostProcess.js:161:208777)
	at h (/teamspace/studios/this_studio/.vscode-server/cli/servers/Stable-38c31bc77e0dd6ae88a4e9cc93428cc27a56ba40/server/out/vs/workbench/api/node/extensionHostProcess.js:161:210554)
	at h.g (/teamspace/studios/this_studio/.vscode-server/cli/servers/Stable-38c31bc77e0dd6ae88a4e9cc93428cc27a56ba40/server/out/vs/workbench/api/node/extensionHostProcess.js:161:209546)
	at h.executeCommand (/teamspace/studios/this_studio/.vscode-server/cli/servers/Stable-38c31bc77e0dd6ae88a4e9cc93428cc27a56ba40/server/out/vs/workbench/api/node/extensionHostProcess.js:161:209453)
	at Object.executeCommand (/teamspace/studios/this_studio/.vscode-server/cli/servers/Stable-38c31bc77e0dd6ae88a4e9cc93428cc27a56ba40/server/out/vs/workbench/api/node/extensionHostProcess.js:171:30683)
	at set hasGitHubRepositories [as hasGitHubRepositories] (/teamspace/studios/this_studio/.vscode-server/cli/servers/Stable-38c31bc77e0dd6ae88a4e9cc93428cc27a56ba40/server/extensions/github/dist/extension.js:2:322969)
	at /teamspace/studios/this_studio/.vscode-server/cli/servers/Stable-38c31bc77e0dd6ae88a4e9cc93428cc27a56ba40/server/extensions/github/dist/extension.js:2:323928
	at i.value (/teamspace/studios/this_studio/.vscode-server/cli/servers/Stable-38c31bc77e0dd6ae88a4e9cc93428cc27a56ba40/server/extensions/git/dist/main.js:2:1060944)
	at r.B (/teamspace/studios/this_studio/.vscode-server/cli/servers/Stable-38c31bc77e0dd6ae88a4e9cc93428cc27a56ba40/server/out/vs/workbench/api/node/extensionHostProcess.js:90:732)
	at r.C (/teamspace/studios/this_studio/.vscode-server/cli/servers/Stable-38c31bc77e0dd6ae88a4e9cc93428cc27a56ba40/server/out/vs/workbench/api/node/extensionHostProcess.js:90:802)
	at r.fire (/teamspace/studios/this_studio/.vscode-server/cli/servers/Stable-38c31bc77e0dd6ae88a4e9cc93428cc27a56ba40/server/out/vs/workbench/api/node/extensionHostProcess.js:90:1018)
	at Object.p [as dispose] (/teamspace/studios/this_studio/.vscode-server/cli/servers/Stable-38c31bc77e0dd6ae88a4e9cc93428cc27a56ba40/server/extensions/git/dist/main.js:2:972587)
	at /teamspace/studios/this_studio/.vscode-server/cli/servers/Stable-38c31bc77e0dd6ae88a4e9cc93428cc27a56ba40/server/extensions/git/dist/main.js:2:978709
	at Array.forEach (<anonymous>)
	at f.dispose (/teamspace/studios/this_studio/.vscode-server/cli/servers/Stable-38c31bc77e0dd6ae88a4e9cc93428cc27a56ba40/server/extensions/git/dist/main.js:2:978695)
	at o.<anonymous> (/teamspace/studios/this_studio/.vscode-server/cli/servers/Stable-38c31bc77e0dd6ae88a4e9cc93428cc27a56ba40/server/out/vs/workbench/api/node/extensionHostProcess.js:159:4176)
	at o.dispose (/teamspace/studios/this_studio/.vscode-server/cli/servers/Stable-38c31bc77e0dd6ae88a4e9cc93428cc27a56ba40/server/out/vs/workbench/api/node/extensionHostProcess.js:159:4273)
	at o.<anonymous> (/teamspace/studios/this_studio/.vscode-server/cli/servers/Stable-38c31bc77e0dd6ae88a4e9cc93428cc27a56ba40/server/extensions/git/dist/main.js:2:954307)
	at o.dispose (/teamspace/studios/this_studio/.vscode-server/cli/servers/Stable-38c31bc77e0dd6ae88a4e9cc93428cc27a56ba40/server/out/vs/workbench/api/node/extensionHostProcess.js:159:4273)
	at $ (/teamspace/studios/this_studio/.vscode-server/cli/servers/Stable-38c31bc77e0dd6ae88a4e9cc93428cc27a56ba40/server/out/vs/workbench/api/node/extensionHostProcess.js:30:744)
	at /teamspace/studios/this_studio/.vscode-server/cli/servers/Stable-38c31bc77e0dd6ae88a4e9cc93428cc27a56ba40/server/out/vs/workbench/api/node/extensionHostProcess.js:167:13607
	at /teamspace/studios/this_studio/.vscode-server/cli/servers/Stable-38c31bc77e0dd6ae88a4e9cc93428cc27a56ba40/server/out/vs/workbench/api/node/extensionHostProcess.js:30:1112
	at Object.dispose (/teamspace/studios/this_studio/.vscode-server/cli/servers/Stable-38c31bc77e0dd6ae88a4e9cc93428cc27a56ba40/server/out/vs/workbench/api/node/extensionHostProcess.js:11:11463)
	at m.eb (/teamspace/studios/this_studio/.vscode-server/cli/servers/Stable-38c31bc77e0dd6ae88a4e9cc93428cc27a56ba40/server/out/vs/workbench/api/node/extensionHostProcess.js:167:10282)
	at /teamspace/studios/this_studio/.vscode-server/cli/servers/Stable-38c31bc77e0dd6ae88a4e9cc93428cc27a56ba40/server/out/vs/workbench/api/node/extensionHostProcess.js:167:8153
	at Array.map (<anonymous>)
	at m.$ (/teamspace/studios/this_studio/.vscode-server/cli/servers/Stable-38c31bc77e0dd6ae88a4e9cc93428cc27a56ba40/server/out/vs/workbench/api/node/extensionHostProcess.js:167:8140)
	at m.terminate (/teamspace/studios/this_studio/.vscode-server/cli/servers/Stable-38c31bc77e0dd6ae88a4e9cc93428cc27a56ba40/server/out/vs/workbench/api/node/extensionHostProcess.js:167:8413)
	at $.terminate (/teamspace/studios/this_studio/.vscode-server/cli/servers/Stable-38c31bc77e0dd6ae88a4e9cc93428cc27a56ba40/server/out/vs/workbench/api/node/extensionHostProcess.js:171:1513)
	at n (/teamspace/studios/this_studio/.vscode-server/cli/servers/Stable-38c31bc77e0dd6ae88a4e9cc93428cc27a56ba40/server/out/vs/workbench/api/node/extensionHostProcess.js:184:10613)
	at i.value (/teamspace/studios/this_studio/.vscode-server/cli/servers/Stable-38c31bc77e0dd6ae88a4e9cc93428cc27a56ba40/server/out/vs/workbench/api/node/extensionHostProcess.js:184:8581)
	at r.B (/teamspace/studios/this_studio/.vscode-server/cli/servers/Stable-38c31bc77e0dd6ae88a4e9cc93428cc27a56ba40/server/out/vs/workbench/api/node/extensionHostProcess.js:90:732)
	at r.fire (/teamspace/studios/this_studio/.vscode-server/cli/servers/Stable-38c31bc77e0dd6ae88a4e9cc93428cc27a56ba40/server/out/vs/workbench/api/node/extensionHostProcess.js:90:949)
	at a.fire (/teamspace/studios/this_studio/.vscode-server/cli/servers/Stable-38c31bc77e0dd6ae88a4e9cc93428cc27a56ba40/server/out/vs/workbench/api/node/extensionHostProcess.js:115:14463)
	at h.A (/teamspace/studios/this_studio/.vscode-server/cli/servers/Stable-38c31bc77e0dd6ae88a4e9cc93428cc27a56ba40/server/out/vs/workbench/api/node/extensionHostProcess.js:115:17622)
	at i.value (/teamspace/studios/this_studio/.vscode-server/cli/servers/Stable-38c31bc77e0dd6ae88a4e9cc93428cc27a56ba40/server/out/vs/workbench/api/node/extensionHostProcess.js:115:15980)
	at r.B (/teamspace/studios/this_studio/.vscode-server/cli/servers/Stable-38c31bc77e0dd6ae88a4e9cc93428cc27a56ba40/server/out/vs/workbench/api/node/extensionHostProcess.js:90:732)
	at r.fire (/teamspace/studios/this_studio/.vscode-server/cli/servers/Stable-38c31bc77e0dd6ae88a4e9cc93428cc27a56ba40/server/out/vs/workbench/api/node/extensionHostProcess.js:90:949)
	at m.acceptChunk (/teamspace/studios/this_studio/.vscode-server/cli/servers/Stable-38c31bc77e0dd6ae88a4e9cc93428cc27a56ba40/server/out/vs/workbench/api/node/extensionHostProcess.js:115:12209)
	at /teamspace/studios/this_studio/.vscode-server/cli/servers/Stable-38c31bc77e0dd6ae88a4e9cc93428cc27a56ba40/server/out/vs/workbench/api/node/extensionHostProcess.js:115:11479
	at Socket.b (/teamspace/studios/this_studio/.vscode-server/cli/servers/Stable-38c31bc77e0dd6ae88a4e9cc93428cc27a56ba40/server/out/vs/workbench/api/node/extensionHostProcess.js:181:14623)
	at Socket.emit (node:events:519:28)
	at addChunk (node:internal/streams/readable:559:12)
	at readableAddChunkPushByteMode (node:internal/streams/readable:510:3)
	at Readable.push (node:internal/streams/readable:390:5)
	at Pipe.onStreamRead (node:internal/stream_base_commons:191:23) setContext undefined
2024-09-27 07:28:46.386 [info] Extension host with pid 2051 exiting with code 0
