2024-09-26 18:39:42.932 [info] [main] Log level: Info
2024-09-26 18:39:42.932 [info] [main] Validating found git in: "git"
2024-09-26 18:39:42.932 [info] [main] Using git "2.42.0" from "git"
2024-09-26 18:39:42.932 [info] [Model][doInitialScan] Initial repository scan started
2024-09-26 18:39:42.932 [info] > git rev-parse --show-toplevel [20ms]
2024-09-26 18:39:42.934 [info] > git rev-parse --git-dir --git-common-dir [7ms]
2024-09-26 18:39:42.947 [info] [Model][openRepository] Opened repository: /teamspace/studios/this_studio
2024-09-26 18:39:42.959 [info] > git config --get commit.template [4ms]
2024-09-26 18:39:42.964 [info] > git for-each-ref --format=%(refname)%00%(upstream:short)%00%(objectname)%00%(upstream:track)%00%(upstream:remotename)%00%(upstream:remoteref) refs/heads/main refs/remotes/main [7ms]
2024-09-26 18:39:42.992 [info] > git rev-parse --show-toplevel [6ms]
2024-09-26 18:39:43.000 [info] > git rev-parse --show-toplevel [3ms]
2024-09-26 18:39:43.013 [info] > git rev-parse --show-toplevel [3ms]
2024-09-26 18:39:43.022 [info] > git rev-parse --show-toplevel [3ms]
2024-09-26 18:39:43.034 [info] > git rev-parse --show-toplevel [4ms]
2024-09-26 18:39:43.041 [info] > git rev-parse --show-toplevel [4ms]
2024-09-26 18:39:43.047 [info] > git rev-parse --show-toplevel [3ms]
2024-09-26 18:39:43.054 [info] > git rev-parse --show-toplevel [4ms]
2024-09-26 18:39:43.060 [info] > git fetch [114ms]
2024-09-26 18:39:43.072 [info] > git status -z -uall [103ms] (cancelled)
2024-09-26 18:39:43.073 [info] > git rev-parse --show-toplevel [15ms]
2024-09-26 18:39:43.078 [info] > git config --get commit.template [6ms]
2024-09-26 18:39:43.079 [info] > git config --get commit.template [11ms]
2024-09-26 18:39:43.080 [info] > git rev-parse --show-toplevel [4ms]
2024-09-26 18:39:43.089 [info] > git for-each-ref --format=%(refname)%00%(upstream:short)%00%(objectname)%00%(upstream:track)%00%(upstream:remotename)%00%(upstream:remoteref) refs/heads/main refs/remotes/main [6ms]
2024-09-26 18:39:43.092 [info] > git rev-parse --show-toplevel [4ms]
2024-09-26 18:39:43.094 [info] [Model][doInitialScan] Initial repository scan completed - repositories (1), closed repositories (0), parent repositories (0), unsafe repositories (0)
2024-09-26 18:39:43.095 [info] > git for-each-ref --format=%(refname)%00%(upstream:short)%00%(objectname)%00%(upstream:track)%00%(upstream:remotename)%00%(upstream:remoteref) refs/heads/main refs/remotes/main [9ms]
2024-09-26 18:39:43.747 [info] > git check-ignore -v -z --stdin [10ms]
2024-09-26 18:39:45.203 [info] > git status -z -uall [2103ms]
2024-09-26 18:39:45.223 [info] > git for-each-ref --format=%(refname)%00%(upstream:short)%00%(objectname)%00%(upstream:track)%00%(upstream:remotename)%00%(upstream:remoteref) refs/heads/main refs/remotes/main [15ms]
2024-09-26 18:39:45.264 [info] > git config --local branch.main.vscode-merge-base [36ms]
2024-09-26 18:39:45.264 [warning] [Git][config] git config failed: Failed to execute git
2024-09-26 18:39:45.275 [info] > git reflog main --grep-reflog=branch: Created from *. [6ms]
2024-09-26 18:39:45.284 [info] > git symbolic-ref --short refs/remotes/origin/HEAD [5ms]
2024-09-26 18:39:45.284 [info] fatal: ref refs/remotes/origin/HEAD is not a symbolic ref
2024-09-26 18:39:45.296 [info] > git merge-base refs/heads/main refs/remotes/origin/main [8ms]
2024-09-26 18:39:45.335 [info] > git rev-list --count --left-right refs/heads/main...refs/remotes/origin/main [35ms]
2024-09-26 18:39:45.344 [info] > git diff --name-status -z --diff-filter=ADMR 34977bf32ae5caeacf2c4079037491f71a053183...refs/remotes/origin/main [5ms]
2024-09-26 18:39:46.762 [info] > git show --textconv :app.py [42ms]
2024-09-26 18:39:46.762 [info] > git ls-files --stage -- /teamspace/studios/this_studio/app.py [38ms]
2024-09-26 18:39:46.769 [info] > git cat-file -s 458aee0e11b4bca6f9521cdc5c9ef6643de5cdbb [4ms]
2024-09-26 18:39:48.714 [info] > git config --get commit.template [19ms]
2024-09-26 18:39:48.724 [info] > git for-each-ref --format=%(refname)%00%(upstream:short)%00%(objectname)%00%(upstream:track)%00%(upstream:remotename)%00%(upstream:remoteref) refs/heads/main refs/remotes/main [14ms]
2024-09-26 18:39:52.149 [info] > git status -z -uall [3408ms]
2024-09-26 18:39:52.174 [info] > git for-each-ref --format=%(refname)%00%(upstream:short)%00%(objectname)%00%(upstream:track)%00%(upstream:remotename)%00%(upstream:remoteref) refs/heads/main refs/remotes/main [19ms]
2024-09-26 18:39:52.181 [info] > git config --local branch.main.vscode-merge-base [2ms]
2024-09-26 18:39:52.181 [warning] [Git][config] git config failed: Failed to execute git
2024-09-26 18:39:52.190 [info] > git reflog main --grep-reflog=branch: Created from *. [4ms]
2024-09-26 18:39:52.197 [info] > git symbolic-ref --short refs/remotes/origin/HEAD [4ms]
2024-09-26 18:39:52.198 [info] fatal: ref refs/remotes/origin/HEAD is not a symbolic ref
2024-09-26 18:39:57.168 [info] > git config --get commit.template [3ms]
2024-09-26 18:39:57.170 [info] > git for-each-ref --format=%(refname)%00%(upstream:short)%00%(objectname)%00%(upstream:track)%00%(upstream:remotename)%00%(upstream:remoteref) refs/heads/main refs/remotes/main [3ms]
2024-09-26 18:39:57.609 [info] > git status -z -uall [436ms]
2024-09-26 18:39:57.616 [info] > git for-each-ref --format=%(refname)%00%(upstream:short)%00%(objectname)%00%(upstream:track)%00%(upstream:remotename)%00%(upstream:remoteref) refs/heads/main refs/remotes/main [4ms]
2024-09-26 18:39:57.620 [info] > git config --local branch.main.vscode-merge-base [2ms]
2024-09-26 18:39:57.620 [warning] [Git][config] git config failed: Failed to execute git
2024-09-26 18:39:57.625 [info] > git reflog main --grep-reflog=branch: Created from *. [3ms]
2024-09-26 18:39:57.631 [info] > git symbolic-ref --short refs/remotes/origin/HEAD [3ms]
2024-09-26 18:39:57.631 [info] fatal: ref refs/remotes/origin/HEAD is not a symbolic ref
2024-09-26 18:40:02.620 [info] > git config --get commit.template [3ms]
2024-09-26 18:40:02.623 [info] > git for-each-ref --format=%(refname)%00%(upstream:short)%00%(objectname)%00%(upstream:track)%00%(upstream:remotename)%00%(upstream:remoteref) refs/heads/main refs/remotes/main [4ms]
2024-09-26 18:40:03.751 [info] > git status -z -uall [1125ms]
2024-09-26 18:40:03.765 [info] > git for-each-ref --format=%(refname)%00%(upstream:short)%00%(objectname)%00%(upstream:track)%00%(upstream:remotename)%00%(upstream:remoteref) refs/heads/main refs/remotes/main [9ms]
2024-09-26 18:40:03.771 [info] > git config --local branch.main.vscode-merge-base [3ms]
2024-09-26 18:40:03.772 [warning] [Git][config] git config failed: Failed to execute git
2024-09-26 18:40:03.798 [info] > git reflog main --grep-reflog=branch: Created from *. [21ms]
2024-09-26 18:40:03.805 [info] > git symbolic-ref --short refs/remotes/origin/HEAD [5ms]
2024-09-26 18:40:03.806 [info] fatal: ref refs/remotes/origin/HEAD is not a symbolic ref
2024-09-26 18:40:08.766 [info] > git config --get commit.template [5ms]
2024-09-26 18:40:08.803 [info] > git for-each-ref --format=%(refname)%00%(upstream:short)%00%(objectname)%00%(upstream:track)%00%(upstream:remotename)%00%(upstream:remoteref) refs/heads/main refs/remotes/main [38ms]
2024-09-26 18:40:10.168 [info] > git status -z -uall [1362ms]
2024-09-26 18:40:10.197 [info] > git for-each-ref --format=%(refname)%00%(upstream:short)%00%(objectname)%00%(upstream:track)%00%(upstream:remotename)%00%(upstream:remoteref) refs/heads/main refs/remotes/main [26ms]
2024-09-26 18:40:10.203 [info] > git config --local branch.main.vscode-merge-base [1ms]
2024-09-26 18:40:10.203 [warning] [Git][config] git config failed: Failed to execute git
2024-09-26 18:40:10.211 [info] > git reflog main --grep-reflog=branch: Created from *. [4ms]
2024-09-26 18:40:10.216 [info] > git symbolic-ref --short refs/remotes/origin/HEAD [3ms]
2024-09-26 18:40:10.216 [info] fatal: ref refs/remotes/origin/HEAD is not a symbolic ref
2024-09-26 18:40:15.179 [info] > git config --get commit.template [3ms]
2024-09-26 18:40:15.198 [info] > git for-each-ref --format=%(refname)%00%(upstream:short)%00%(objectname)%00%(upstream:track)%00%(upstream:remotename)%00%(upstream:remoteref) refs/heads/main refs/remotes/main [20ms]
2024-09-26 18:40:15.973 [info] > git status -z -uall [772ms]
2024-09-26 18:40:15.980 [info] > git for-each-ref --format=%(refname)%00%(upstream:short)%00%(objectname)%00%(upstream:track)%00%(upstream:remotename)%00%(upstream:remoteref) refs/heads/main refs/remotes/main [4ms]
2024-09-26 18:40:15.984 [info] > git config --local branch.main.vscode-merge-base [2ms]
2024-09-26 18:40:15.984 [warning] [Git][config] git config failed: Failed to execute git
2024-09-26 18:40:15.990 [info] > git reflog main --grep-reflog=branch: Created from *. [4ms]
2024-09-26 18:40:15.994 [info] > git symbolic-ref --short refs/remotes/origin/HEAD [2ms]
2024-09-26 18:40:15.994 [info] fatal: ref refs/remotes/origin/HEAD is not a symbolic ref
2024-09-26 18:40:20.987 [info] > git config --get commit.template [4ms]
2024-09-26 18:40:20.990 [info] > git for-each-ref --format=%(refname)%00%(upstream:short)%00%(objectname)%00%(upstream:track)%00%(upstream:remotename)%00%(upstream:remoteref) refs/heads/main refs/remotes/main [4ms]
2024-09-26 18:40:21.475 [info] > git status -z -uall [482ms]
2024-09-26 18:40:21.482 [info] > git for-each-ref --format=%(refname)%00%(upstream:short)%00%(objectname)%00%(upstream:track)%00%(upstream:remotename)%00%(upstream:remoteref) refs/heads/main refs/remotes/main [3ms]
2024-09-26 18:40:21.488 [info] > git config --local branch.main.vscode-merge-base [3ms]
2024-09-26 18:40:21.488 [warning] [Git][config] git config failed: Failed to execute git
2024-09-26 18:40:21.494 [info] > git reflog main --grep-reflog=branch: Created from *. [3ms]
2024-09-26 18:40:21.499 [info] > git symbolic-ref --short refs/remotes/origin/HEAD [3ms]
2024-09-26 18:40:21.499 [info] fatal: ref refs/remotes/origin/HEAD is not a symbolic ref
2024-09-26 18:40:26.488 [info] > git config --get commit.template [3ms]
2024-09-26 18:40:26.491 [info] > git for-each-ref --format=%(refname)%00%(upstream:short)%00%(objectname)%00%(upstream:track)%00%(upstream:remotename)%00%(upstream:remoteref) refs/heads/main refs/remotes/main [3ms]
2024-09-26 18:40:26.972 [info] > git status -z -uall [477ms]
2024-09-26 18:40:26.979 [info] > git for-each-ref --format=%(refname)%00%(upstream:short)%00%(objectname)%00%(upstream:track)%00%(upstream:remotename)%00%(upstream:remoteref) refs/heads/main refs/remotes/main [4ms]
2024-09-26 18:40:26.984 [info] > git config --local branch.main.vscode-merge-base [2ms]
2024-09-26 18:40:26.984 [warning] [Git][config] git config failed: Failed to execute git
2024-09-26 18:40:26.990 [info] > git reflog main --grep-reflog=branch: Created from *. [3ms]
2024-09-26 18:40:26.994 [info] > git symbolic-ref --short refs/remotes/origin/HEAD [2ms]
2024-09-26 18:40:26.994 [info] fatal: ref refs/remotes/origin/HEAD is not a symbolic ref
2024-09-26 18:40:30.874 [info] > git ls-files --stage -- /teamspace/studios/this_studio/data_loader.py [5ms]
2024-09-26 18:40:30.878 [info] > git show --textconv :data_loader.py [12ms]
2024-09-26 18:40:30.881 [info] > git cat-file -s 648a2966598bcec3e8b088a89fefa25e818697d9 [4ms]
2024-09-26 18:40:31.985 [info] > git config --get commit.template [4ms]
2024-09-26 18:40:31.989 [info] > git for-each-ref --format=%(refname)%00%(upstream:short)%00%(objectname)%00%(upstream:track)%00%(upstream:remotename)%00%(upstream:remoteref) refs/heads/main refs/remotes/main [4ms]
2024-09-26 18:40:32.548 [info] > git status -z -uall [556ms]
2024-09-26 18:40:32.556 [info] > git for-each-ref --format=%(refname)%00%(upstream:short)%00%(objectname)%00%(upstream:track)%00%(upstream:remotename)%00%(upstream:remoteref) refs/heads/main refs/remotes/main [5ms]
2024-09-26 18:40:32.562 [info] > git config --local branch.main.vscode-merge-base [4ms]
2024-09-26 18:40:32.562 [warning] [Git][config] git config failed: Failed to execute git
2024-09-26 18:40:32.568 [info] > git reflog main --grep-reflog=branch: Created from *. [4ms]
2024-09-26 18:40:32.572 [info] > git symbolic-ref --short refs/remotes/origin/HEAD [2ms]
2024-09-26 18:40:32.572 [info] fatal: ref refs/remotes/origin/HEAD is not a symbolic ref
2024-09-26 18:43:57.601 [info] > git config --get commit.template [5ms]
2024-09-26 18:43:57.605 [info] > git for-each-ref --format=%(refname)%00%(upstream:short)%00%(objectname)%00%(upstream:track)%00%(upstream:remotename)%00%(upstream:remoteref) refs/heads/main refs/remotes/main [3ms]
2024-09-26 18:43:57.713 [info] > git fetch [122ms]
2024-09-26 18:43:57.721 [info] > git status -z -uall [112ms] (cancelled)
2024-09-26 18:43:57.725 [info] > git config --get commit.template [4ms]
2024-09-26 18:43:57.729 [info] > git for-each-ref --format=%(refname)%00%(upstream:short)%00%(objectname)%00%(upstream:track)%00%(upstream:remotename)%00%(upstream:remoteref) refs/heads/main refs/remotes/main [4ms]
2024-09-26 18:43:59.444 [info] > git ls-files --stage -- /teamspace/studios/this_studio/data_loader.py [5ms]
2024-09-26 18:43:59.452 [info] > git cat-file -s 648a2966598bcec3e8b088a89fefa25e818697d9 [5ms]
2024-09-26 18:43:59.659 [info] > git status -z -uall [1923ms]
2024-09-26 18:43:59.698 [info] > git for-each-ref --format=%(refname)%00%(upstream:short)%00%(objectname)%00%(upstream:track)%00%(upstream:remotename)%00%(upstream:remoteref) refs/heads/main refs/remotes/main [35ms]
2024-09-26 18:43:59.705 [info] > git config --local branch.main.vscode-merge-base [2ms]
2024-09-26 18:43:59.705 [warning] [Git][config] git config failed: Failed to execute git
2024-09-26 18:43:59.716 [info] > git reflog main --grep-reflog=branch: Created from *. [7ms]
2024-09-26 18:43:59.721 [info] > git show --textconv :data_loader.py [8ms]
2024-09-26 18:43:59.723 [info] > git symbolic-ref --short refs/remotes/origin/HEAD [3ms]
2024-09-26 18:43:59.724 [info] fatal: ref refs/remotes/origin/HEAD is not a symbolic ref
2024-09-26 18:44:00.596 [info] > git ls-files --stage -- /teamspace/studios/this_studio/app.py [4ms]
2024-09-26 18:44:00.600 [info] > git show --textconv :app.py [11ms]
2024-09-26 18:44:00.607 [info] > git cat-file -s 458aee0e11b4bca6f9521cdc5c9ef6643de5cdbb [8ms]
2024-09-26 18:44:16.194 [info] > git config --get commit.template [3ms]
2024-09-26 18:44:16.198 [info] > git for-each-ref --format=%(refname)%00%(upstream:short)%00%(objectname)%00%(upstream:track)%00%(upstream:remotename)%00%(upstream:remoteref) refs/heads/main refs/remotes/main [5ms]
2024-09-26 18:44:16.722 [info] > git status -z -uall [520ms]
2024-09-26 18:44:16.730 [info] > git for-each-ref --format=%(refname)%00%(upstream:short)%00%(objectname)%00%(upstream:track)%00%(upstream:remotename)%00%(upstream:remoteref) refs/heads/main refs/remotes/main [3ms]
2024-09-26 18:44:16.734 [info] > git config --local branch.main.vscode-merge-base [2ms]
2024-09-26 18:44:16.734 [warning] [Git][config] git config failed: Failed to execute git
2024-09-26 18:44:16.740 [info] > git reflog main --grep-reflog=branch: Created from *. [3ms]
2024-09-26 18:44:16.745 [info] > git symbolic-ref --short refs/remotes/origin/HEAD [2ms]
2024-09-26 18:44:16.745 [info] fatal: ref refs/remotes/origin/HEAD is not a symbolic ref
2024-09-26 18:44:22.916 [info] > git config --get commit.template [3ms]
2024-09-26 18:44:22.918 [info] > git for-each-ref --format=%(refname)%00%(upstream:short)%00%(objectname)%00%(upstream:track)%00%(upstream:remotename)%00%(upstream:remoteref) refs/heads/main refs/remotes/main [3ms]
2024-09-26 18:44:23.374 [info] > git status -z -uall [453ms]
2024-09-26 18:44:23.382 [info] > git for-each-ref --format=%(refname)%00%(upstream:short)%00%(objectname)%00%(upstream:track)%00%(upstream:remotename)%00%(upstream:remoteref) refs/heads/main refs/remotes/main [4ms]
2024-09-26 18:44:23.387 [info] > git config --local branch.main.vscode-merge-base [2ms]
2024-09-26 18:44:23.387 [warning] [Git][config] git config failed: Failed to execute git
2024-09-26 18:44:23.393 [info] > git reflog main --grep-reflog=branch: Created from *. [4ms]
2024-09-26 18:44:23.397 [info] > git symbolic-ref --short refs/remotes/origin/HEAD [2ms]
2024-09-26 18:44:23.397 [info] fatal: ref refs/remotes/origin/HEAD is not a symbolic ref
2024-09-26 18:44:24.781 [info] > git show --textconv :data_loader.py [4ms]
2024-09-26 18:44:24.784 [info] > git ls-files --stage -- /teamspace/studios/this_studio/data_loader.py [6ms]
2024-09-26 18:44:24.789 [info] > git cat-file -s 648a2966598bcec3e8b088a89fefa25e818697d9 [3ms]
2024-09-26 18:44:35.239 [info] > git config --get commit.template [3ms]
2024-09-26 18:44:35.242 [info] > git for-each-ref --format=%(refname)%00%(upstream:short)%00%(objectname)%00%(upstream:track)%00%(upstream:remotename)%00%(upstream:remoteref) refs/heads/main refs/remotes/main [4ms]
2024-09-26 18:44:35.697 [info] > git status -z -uall [451ms]
2024-09-26 18:44:35.704 [info] > git for-each-ref --format=%(refname)%00%(upstream:short)%00%(objectname)%00%(upstream:track)%00%(upstream:remotename)%00%(upstream:remoteref) refs/heads/main refs/remotes/main [3ms]
2024-09-26 18:44:35.708 [info] > git config --local branch.main.vscode-merge-base [2ms]
2024-09-26 18:44:35.708 [warning] [Git][config] git config failed: Failed to execute git
2024-09-26 18:44:35.713 [info] > git reflog main --grep-reflog=branch: Created from *. [3ms]
2024-09-26 18:44:35.717 [info] > git symbolic-ref --short refs/remotes/origin/HEAD [1ms]
2024-09-26 18:44:35.717 [info] fatal: ref refs/remotes/origin/HEAD is not a symbolic ref
2024-09-26 18:44:37.141 [info] > git show --textconv :models.py [5ms]
2024-09-26 18:44:37.143 [info] > git ls-files --stage -- /teamspace/studios/this_studio/models.py [4ms]
2024-09-26 18:44:37.149 [info] > git cat-file -s c327bc8d89e5b6979b0fb059007a3688b7b57981 [2ms]
2024-09-26 18:44:44.991 [info] > git config --get commit.template [4ms]
2024-09-26 18:44:44.995 [info] > git for-each-ref --format=%(refname)%00%(upstream:short)%00%(objectname)%00%(upstream:track)%00%(upstream:remotename)%00%(upstream:remoteref) refs/heads/main refs/remotes/main [4ms]
2024-09-26 18:44:45.670 [info] > git status -z -uall [672ms]
2024-09-26 18:44:45.678 [info] > git for-each-ref --format=%(refname)%00%(upstream:short)%00%(objectname)%00%(upstream:track)%00%(upstream:remotename)%00%(upstream:remoteref) refs/heads/main refs/remotes/main [4ms]
2024-09-26 18:44:45.684 [info] > git config --local branch.main.vscode-merge-base [3ms]
2024-09-26 18:44:45.684 [warning] [Git][config] git config failed: Failed to execute git
2024-09-26 18:44:45.691 [info] > git reflog main --grep-reflog=branch: Created from *. [4ms]
2024-09-26 18:44:45.696 [info] > git symbolic-ref --short refs/remotes/origin/HEAD [3ms]
2024-09-26 18:44:45.696 [info] fatal: ref refs/remotes/origin/HEAD is not a symbolic ref
2024-09-26 18:45:00.743 [info] > git show --textconv :templates/base.html [6ms]
2024-09-26 18:45:00.746 [info] > git ls-files --stage -- /teamspace/studios/this_studio/templates/base.html [6ms]
2024-09-26 18:45:00.752 [info] > git cat-file -s 13ed29b0ca57a19c20ece5f93e8cc37f14033607 [3ms]
2024-09-26 18:45:10.481 [info] > git config --get commit.template [4ms]
2024-09-26 18:45:10.485 [info] > git for-each-ref --format=%(refname)%00%(upstream:short)%00%(objectname)%00%(upstream:track)%00%(upstream:remotename)%00%(upstream:remoteref) refs/heads/main refs/remotes/main [4ms]
2024-09-26 18:45:11.142 [info] > git status -z -uall [654ms]
2024-09-26 18:45:11.150 [info] > git for-each-ref --format=%(refname)%00%(upstream:short)%00%(objectname)%00%(upstream:track)%00%(upstream:remotename)%00%(upstream:remoteref) refs/heads/main refs/remotes/main [5ms]
2024-09-26 18:45:11.155 [info] > git config --local branch.main.vscode-merge-base [2ms]
2024-09-26 18:45:11.155 [warning] [Git][config] git config failed: Failed to execute git
2024-09-26 18:45:11.161 [info] > git reflog main --grep-reflog=branch: Created from *. [4ms]
2024-09-26 18:45:11.165 [info] > git symbolic-ref --short refs/remotes/origin/HEAD [2ms]
2024-09-26 18:45:11.165 [info] fatal: ref refs/remotes/origin/HEAD is not a symbolic ref
2024-09-26 18:45:15.769 [info] > git show --textconv :app.py [5ms]
2024-09-26 18:45:15.771 [info] > git ls-files --stage -- /teamspace/studios/this_studio/app.py [4ms]
2024-09-26 18:45:15.777 [info] > git cat-file -s 458aee0e11b4bca6f9521cdc5c9ef6643de5cdbb [3ms]
2024-09-26 18:45:16.155 [info] > git config --get commit.template [3ms]
2024-09-26 18:45:16.159 [info] > git for-each-ref --format=%(refname)%00%(upstream:short)%00%(objectname)%00%(upstream:track)%00%(upstream:remotename)%00%(upstream:remoteref) refs/heads/main refs/remotes/main [5ms]
2024-09-26 18:45:16.631 [info] > git status -z -uall [469ms]
2024-09-26 18:45:16.637 [info] > git for-each-ref --format=%(refname)%00%(upstream:short)%00%(objectname)%00%(upstream:track)%00%(upstream:remotename)%00%(upstream:remoteref) refs/heads/main refs/remotes/main [3ms]
2024-09-26 18:45:16.642 [info] > git config --local branch.main.vscode-merge-base [2ms]
2024-09-26 18:45:16.642 [warning] [Git][config] git config failed: Failed to execute git
2024-09-26 18:45:16.648 [info] > git reflog main --grep-reflog=branch: Created from *. [3ms]
2024-09-26 18:45:16.653 [info] > git symbolic-ref --short refs/remotes/origin/HEAD [2ms]
2024-09-26 18:45:16.653 [info] fatal: ref refs/remotes/origin/HEAD is not a symbolic ref
2024-09-26 18:46:33.746 [info] > git config --get commit.template [3ms]
2024-09-26 18:46:33.750 [info] > git for-each-ref --format=%(refname)%00%(upstream:short)%00%(objectname)%00%(upstream:track)%00%(upstream:remotename)%00%(upstream:remoteref) refs/heads/main refs/remotes/main [4ms]
2024-09-26 18:46:34.360 [info] > git status -z -uall [607ms]
2024-09-26 18:46:34.367 [info] > git for-each-ref --format=%(refname)%00%(upstream:short)%00%(objectname)%00%(upstream:track)%00%(upstream:remotename)%00%(upstream:remoteref) refs/heads/main refs/remotes/main [3ms]
2024-09-26 18:46:34.372 [info] > git config --local branch.main.vscode-merge-base [2ms]
2024-09-26 18:46:34.372 [warning] [Git][config] git config failed: Failed to execute git
2024-09-26 18:46:34.378 [info] > git reflog main --grep-reflog=branch: Created from *. [4ms]
2024-09-26 18:46:34.382 [info] > git symbolic-ref --short refs/remotes/origin/HEAD [2ms]
2024-09-26 18:46:34.382 [info] fatal: ref refs/remotes/origin/HEAD is not a symbolic ref
2024-09-26 18:46:35.693 [info] > git show --textconv :templates/base.html [5ms]
2024-09-26 18:46:35.694 [info] > git ls-files --stage -- /teamspace/studios/this_studio/templates/base.html [5ms]
2024-09-26 18:46:35.699 [info] > git cat-file -s 13ed29b0ca57a19c20ece5f93e8cc37f14033607 [2ms]
2024-09-26 18:46:36.285 [info] > git show --textconv :models.py [5ms]
2024-09-26 18:46:36.289 [info] > git ls-files --stage -- /teamspace/studios/this_studio/models.py [5ms]
2024-09-26 18:46:36.295 [info] > git cat-file -s c327bc8d89e5b6979b0fb059007a3688b7b57981 [2ms]
2024-09-26 18:46:39.375 [info] > git config --get commit.template [2ms]
2024-09-26 18:46:39.399 [info] > git for-each-ref --format=%(refname)%00%(upstream:short)%00%(objectname)%00%(upstream:track)%00%(upstream:remotename)%00%(upstream:remoteref) refs/heads/main refs/remotes/main [20ms]
2024-09-26 18:46:40.814 [info] > git status -z -uall [1411ms]
2024-09-26 18:46:40.821 [info] > git for-each-ref --format=%(refname)%00%(upstream:short)%00%(objectname)%00%(upstream:track)%00%(upstream:remotename)%00%(upstream:remoteref) refs/heads/main refs/remotes/main [3ms]
2024-09-26 18:46:40.826 [info] > git config --local branch.main.vscode-merge-base [2ms]
2024-09-26 18:46:40.826 [warning] [Git][config] git config failed: Failed to execute git
2024-09-26 18:46:40.832 [info] > git reflog main --grep-reflog=branch: Created from *. [3ms]
2024-09-26 18:46:40.837 [info] > git symbolic-ref --short refs/remotes/origin/HEAD [2ms]
2024-09-26 18:46:40.837 [info] fatal: ref refs/remotes/origin/HEAD is not a symbolic ref
2024-09-26 18:46:43.057 [info] > git show --textconv :data_loader.py [7ms]
2024-09-26 18:46:43.063 [info] > git ls-files --stage -- /teamspace/studios/this_studio/data_loader.py [7ms]
2024-09-26 18:46:43.098 [info] > git cat-file -s 648a2966598bcec3e8b088a89fefa25e818697d9 [31ms]
2024-09-26 18:46:45.827 [info] > git config --get commit.template [3ms]
2024-09-26 18:46:45.831 [info] > git for-each-ref --format=%(refname)%00%(upstream:short)%00%(objectname)%00%(upstream:track)%00%(upstream:remotename)%00%(upstream:remoteref) refs/heads/main refs/remotes/main [4ms]
2024-09-26 18:46:46.342 [info] > git status -z -uall [509ms]
2024-09-26 18:46:46.349 [info] > git for-each-ref --format=%(refname)%00%(upstream:short)%00%(objectname)%00%(upstream:track)%00%(upstream:remotename)%00%(upstream:remoteref) refs/heads/main refs/remotes/main [3ms]
2024-09-26 18:46:46.354 [info] > git config --local branch.main.vscode-merge-base [2ms]
2024-09-26 18:46:46.355 [warning] [Git][config] git config failed: Failed to execute git
2024-09-26 18:46:46.360 [info] > git reflog main --grep-reflog=branch: Created from *. [3ms]
2024-09-26 18:46:46.365 [info] > git symbolic-ref --short refs/remotes/origin/HEAD [2ms]
2024-09-26 18:46:46.365 [info] fatal: ref refs/remotes/origin/HEAD is not a symbolic ref
2024-09-26 18:46:50.114 [info] > git show --textconv :app.py [6ms]
2024-09-26 18:46:50.117 [info] > git ls-files --stage -- /teamspace/studios/this_studio/app.py [4ms]
2024-09-26 18:46:50.127 [info] > git cat-file -s 458aee0e11b4bca6f9521cdc5c9ef6643de5cdbb [7ms]
2024-09-26 18:46:51.355 [info] > git config --get commit.template [2ms]
2024-09-26 18:46:51.358 [info] > git for-each-ref --format=%(refname)%00%(upstream:short)%00%(objectname)%00%(upstream:track)%00%(upstream:remotename)%00%(upstream:remoteref) refs/heads/main refs/remotes/main [4ms]
2024-09-26 18:46:51.936 [info] > git status -z -uall [575ms]
2024-09-26 18:46:51.947 [info] > git for-each-ref --format=%(refname)%00%(upstream:short)%00%(objectname)%00%(upstream:track)%00%(upstream:remotename)%00%(upstream:remoteref) refs/heads/main refs/remotes/main [5ms]
2024-09-26 18:46:51.953 [info] > git config --local branch.main.vscode-merge-base [2ms]
2024-09-26 18:46:51.953 [warning] [Git][config] git config failed: Failed to execute git
2024-09-26 18:46:51.960 [info] > git reflog main --grep-reflog=branch: Created from *. [3ms]
2024-09-26 18:46:51.965 [info] > git symbolic-ref --short refs/remotes/origin/HEAD [2ms]
2024-09-26 18:46:51.965 [info] fatal: ref refs/remotes/origin/HEAD is not a symbolic ref
2024-09-26 18:46:56.951 [info] > git config --get commit.template [4ms]
2024-09-26 18:46:56.954 [info] > git for-each-ref --format=%(refname)%00%(upstream:short)%00%(objectname)%00%(upstream:track)%00%(upstream:remotename)%00%(upstream:remoteref) refs/heads/main refs/remotes/main [4ms]
2024-09-26 18:46:57.449 [info] > git status -z -uall [491ms]
2024-09-26 18:46:57.456 [info] > git for-each-ref --format=%(refname)%00%(upstream:short)%00%(objectname)%00%(upstream:track)%00%(upstream:remotename)%00%(upstream:remoteref) refs/heads/main refs/remotes/main [3ms]
2024-09-26 18:46:57.461 [info] > git config --local branch.main.vscode-merge-base [2ms]
2024-09-26 18:46:57.461 [warning] [Git][config] git config failed: Failed to execute git
2024-09-26 18:46:57.467 [info] > git reflog main --grep-reflog=branch: Created from *. [3ms]
2024-09-26 18:46:57.471 [info] > git symbolic-ref --short refs/remotes/origin/HEAD [2ms]
2024-09-26 18:46:57.471 [info] fatal: ref refs/remotes/origin/HEAD is not a symbolic ref
2024-09-26 18:46:59.807 [info] > git fetch [138ms]
2024-09-26 18:46:59.814 [info] > git config --get commit.template [3ms]
2024-09-26 18:46:59.827 [info] > git for-each-ref --format=%(refname)%00%(upstream:short)%00%(objectname)%00%(upstream:track)%00%(upstream:remotename)%00%(upstream:remoteref) refs/heads/main refs/remotes/main [13ms]
2024-09-26 18:47:00.918 [info] > git status -z -uall [1086ms]
2024-09-26 18:47:00.925 [info] > git for-each-ref --format=%(refname)%00%(upstream:short)%00%(objectname)%00%(upstream:track)%00%(upstream:remotename)%00%(upstream:remoteref) refs/heads/main refs/remotes/main [3ms]
2024-09-26 18:47:00.929 [info] > git config --local branch.main.vscode-merge-base [2ms]
2024-09-26 18:47:00.929 [warning] [Git][config] git config failed: Failed to execute git
2024-09-26 18:47:00.935 [info] > git reflog main --grep-reflog=branch: Created from *. [3ms]
2024-09-26 18:47:00.939 [info] > git symbolic-ref --short refs/remotes/origin/HEAD [2ms]
2024-09-26 18:47:00.939 [info] fatal: ref refs/remotes/origin/HEAD is not a symbolic ref
2024-09-26 18:47:01.535 [info] > git ls-files --stage -- /teamspace/studios/this_studio/app.py [4ms]
2024-09-26 18:47:01.541 [info] > git cat-file -s 458aee0e11b4bca6f9521cdc5c9ef6643de5cdbb [3ms]
2024-09-26 18:47:01.810 [info] > git show --textconv :app.py [5ms]
2024-09-26 18:47:02.463 [info] > git config --get commit.template [4ms]
2024-09-26 18:47:02.466 [info] > git for-each-ref --format=%(refname)%00%(upstream:short)%00%(objectname)%00%(upstream:track)%00%(upstream:remotename)%00%(upstream:remoteref) refs/heads/main refs/remotes/main [3ms]
2024-09-26 18:47:03.660 [info] > git status -z -uall [1190ms]
2024-09-26 18:47:03.669 [info] > git for-each-ref --format=%(refname)%00%(upstream:short)%00%(objectname)%00%(upstream:track)%00%(upstream:remotename)%00%(upstream:remoteref) refs/heads/main refs/remotes/main [5ms]
2024-09-26 18:47:03.676 [info] > git config --local branch.main.vscode-merge-base [4ms]
2024-09-26 18:47:03.676 [warning] [Git][config] git config failed: Failed to execute git
2024-09-26 18:47:03.704 [info] > git reflog main --grep-reflog=branch: Created from *. [25ms]
2024-09-26 18:47:03.710 [info] > git symbolic-ref --short refs/remotes/origin/HEAD [3ms]
2024-09-26 18:47:03.710 [info] fatal: ref refs/remotes/origin/HEAD is not a symbolic ref
2024-09-26 18:47:08.672 [info] > git config --get commit.template [3ms]
2024-09-26 18:47:08.699 [info] > git for-each-ref --format=%(refname)%00%(upstream:short)%00%(objectname)%00%(upstream:track)%00%(upstream:remotename)%00%(upstream:remoteref) refs/heads/main refs/remotes/main [27ms]
2024-09-26 18:47:10.200 [info] > git status -z -uall [1497ms]
2024-09-26 18:47:10.221 [info] > git for-each-ref --format=%(refname)%00%(upstream:short)%00%(objectname)%00%(upstream:track)%00%(upstream:remotename)%00%(upstream:remoteref) refs/heads/main refs/remotes/main [16ms]
2024-09-26 18:47:10.227 [info] > git config --local branch.main.vscode-merge-base [3ms]
2024-09-26 18:47:10.228 [warning] [Git][config] git config failed: Failed to execute git
2024-09-26 18:47:10.237 [info] > git reflog main --grep-reflog=branch: Created from *. [6ms]
2024-09-26 18:47:10.244 [info] > git symbolic-ref --short refs/remotes/origin/HEAD [3ms]
2024-09-26 18:47:10.244 [info] fatal: ref refs/remotes/origin/HEAD is not a symbolic ref
2024-09-26 18:50:56.638 [info] > git config --get commit.template [3ms]
2024-09-26 18:50:56.640 [info] > git for-each-ref --format=%(refname)%00%(upstream:short)%00%(objectname)%00%(upstream:track)%00%(upstream:remotename)%00%(upstream:remoteref) refs/heads/main refs/remotes/main [4ms]
2024-09-26 18:50:56.715 [info] > git fetch [84ms]
2024-09-26 18:50:56.719 [info] > git status -z -uall [75ms] (cancelled)
2024-09-26 18:50:56.722 [info] > git config --get commit.template [3ms]
2024-09-26 18:50:56.726 [info] > git for-each-ref --format=%(refname)%00%(upstream:short)%00%(objectname)%00%(upstream:track)%00%(upstream:remotename)%00%(upstream:remoteref) refs/heads/main refs/remotes/main [4ms]
2024-09-26 18:50:57.395 [info] > git status -z -uall [666ms]
2024-09-26 18:50:57.402 [info] > git for-each-ref --format=%(refname)%00%(upstream:short)%00%(objectname)%00%(upstream:track)%00%(upstream:remotename)%00%(upstream:remoteref) refs/heads/main refs/remotes/main [3ms]
2024-09-26 18:50:57.407 [info] > git config --local branch.main.vscode-merge-base [2ms]
2024-09-26 18:50:57.407 [warning] [Git][config] git config failed: Failed to execute git
2024-09-26 18:50:57.413 [info] > git reflog main --grep-reflog=branch: Created from *. [4ms]
2024-09-26 18:50:57.417 [info] > git symbolic-ref --short refs/remotes/origin/HEAD [2ms]
2024-09-26 18:50:57.418 [info] fatal: ref refs/remotes/origin/HEAD is not a symbolic ref
2024-09-26 18:50:58.405 [info] > git ls-files --stage -- /teamspace/studios/this_studio/app.py [5ms]
2024-09-26 18:50:58.415 [info] > git cat-file -s 458aee0e11b4bca6f9521cdc5c9ef6643de5cdbb [6ms]
2024-09-26 18:50:58.723 [info] > git show --textconv :app.py [10ms]
2024-09-26 18:50:59.077 [info] > git ls-files --stage -- /teamspace/studios/this_studio/templates/index.html [5ms]
2024-09-26 18:50:59.099 [info] > git show --textconv :templates/index.html [31ms]
2024-09-26 18:50:59.101 [info] > git cat-file -s f46c4a9570c6f3df2a7f4abf8f701d061c882321 [21ms]
2024-09-26 18:51:59.044 [info] > git config --get commit.template [4ms]
2024-09-26 18:51:59.049 [info] > git for-each-ref --format=%(refname)%00%(upstream:short)%00%(objectname)%00%(upstream:track)%00%(upstream:remotename)%00%(upstream:remoteref) refs/heads/main refs/remotes/main [6ms]
2024-09-26 18:51:59.899 [info] > git status -z -uall [845ms]
2024-09-26 18:51:59.911 [info] > git for-each-ref --format=%(refname)%00%(upstream:short)%00%(objectname)%00%(upstream:track)%00%(upstream:remotename)%00%(upstream:remoteref) refs/heads/main refs/remotes/main [8ms]
2024-09-26 18:51:59.921 [info] > git config --local branch.main.vscode-merge-base [4ms]
2024-09-26 18:51:59.922 [warning] [Git][config] git config failed: Failed to execute git
2024-09-26 18:51:59.934 [info] > git reflog main --grep-reflog=branch: Created from *. [9ms]
2024-09-26 18:51:59.943 [info] > git symbolic-ref --short refs/remotes/origin/HEAD [4ms]
2024-09-26 18:51:59.943 [info] fatal: ref refs/remotes/origin/HEAD is not a symbolic ref
2024-09-26 18:52:04.915 [info] > git config --get commit.template [4ms]
2024-09-26 18:52:04.919 [info] > git for-each-ref --format=%(refname)%00%(upstream:short)%00%(objectname)%00%(upstream:track)%00%(upstream:remotename)%00%(upstream:remoteref) refs/heads/main refs/remotes/main [4ms]
2024-09-26 18:52:06.355 [info] > git status -z -uall [1433ms]
2024-09-26 18:52:06.363 [info] > git for-each-ref --format=%(refname)%00%(upstream:short)%00%(objectname)%00%(upstream:track)%00%(upstream:remotename)%00%(upstream:remoteref) refs/heads/main refs/remotes/main [4ms]
2024-09-26 18:52:06.368 [info] > git config --local branch.main.vscode-merge-base [2ms]
2024-09-26 18:52:06.368 [warning] [Git][config] git config failed: Failed to execute git
2024-09-26 18:52:06.374 [info] > git reflog main --grep-reflog=branch: Created from *. [3ms]
2024-09-26 18:52:06.383 [info] > git symbolic-ref --short refs/remotes/origin/HEAD [5ms]
2024-09-26 18:52:06.383 [info] fatal: ref refs/remotes/origin/HEAD is not a symbolic ref
2024-09-26 18:52:11.371 [info] > git config --get commit.template [4ms]
2024-09-26 18:52:11.374 [info] > git for-each-ref --format=%(refname)%00%(upstream:short)%00%(objectname)%00%(upstream:track)%00%(upstream:remotename)%00%(upstream:remoteref) refs/heads/main refs/remotes/main [4ms]
2024-09-26 18:52:12.143 [info] > git status -z -uall [766ms]
2024-09-26 18:52:12.153 [info] > git for-each-ref --format=%(refname)%00%(upstream:short)%00%(objectname)%00%(upstream:track)%00%(upstream:remotename)%00%(upstream:remoteref) refs/heads/main refs/remotes/main [5ms]
2024-09-26 18:52:12.164 [info] > git config --local branch.main.vscode-merge-base [1ms]
2024-09-26 18:52:12.165 [warning] [Git][config] git config failed: Failed to execute git
2024-09-26 18:52:12.174 [info] > git reflog main --grep-reflog=branch: Created from *. [6ms]
2024-09-26 18:52:12.180 [info] > git symbolic-ref --short refs/remotes/origin/HEAD [2ms]
2024-09-26 18:52:12.181 [info] fatal: ref refs/remotes/origin/HEAD is not a symbolic ref
2024-09-26 18:52:21.380 [info] > git config --get commit.template [4ms]
2024-09-26 18:52:21.384 [info] > git for-each-ref --format=%(refname)%00%(upstream:short)%00%(objectname)%00%(upstream:track)%00%(upstream:remotename)%00%(upstream:remoteref) refs/heads/main refs/remotes/main [6ms]
2024-09-26 18:52:22.099 [info] > git status -z -uall [712ms]
2024-09-26 18:52:22.121 [info] > git for-each-ref --format=%(refname)%00%(upstream:short)%00%(objectname)%00%(upstream:track)%00%(upstream:remotename)%00%(upstream:remoteref) refs/heads/main refs/remotes/main [18ms]
2024-09-26 18:52:22.127 [info] > git config --local branch.main.vscode-merge-base [3ms]
2024-09-26 18:52:22.127 [warning] [Git][config] git config failed: Failed to execute git
2024-09-26 18:52:22.134 [info] > git reflog main --grep-reflog=branch: Created from *. [3ms]
2024-09-26 18:52:22.143 [info] > git symbolic-ref --short refs/remotes/origin/HEAD [6ms]
2024-09-26 18:52:22.143 [info] fatal: ref refs/remotes/origin/HEAD is not a symbolic ref
2024-09-26 18:52:57.633 [info] > git config --get commit.template [5ms]
2024-09-26 18:52:57.637 [info] > git for-each-ref --format=%(refname)%00%(upstream:short)%00%(objectname)%00%(upstream:track)%00%(upstream:remotename)%00%(upstream:remoteref) refs/heads/main refs/remotes/main [5ms]
2024-09-26 18:52:59.960 [info] > git status -z -uall [2317ms]
2024-09-26 18:52:59.972 [info] > git for-each-ref --format=%(refname)%00%(upstream:short)%00%(objectname)%00%(upstream:track)%00%(upstream:remotename)%00%(upstream:remoteref) refs/heads/main refs/remotes/main [8ms]
2024-09-26 18:52:59.978 [info] > git config --local branch.main.vscode-merge-base [3ms]
2024-09-26 18:52:59.979 [warning] [Git][config] git config failed: Failed to execute git
2024-09-26 18:52:59.998 [info] > git reflog main --grep-reflog=branch: Created from *. [16ms]
2024-09-26 18:53:00.012 [info] > git symbolic-ref --short refs/remotes/origin/HEAD [11ms]
2024-09-26 18:53:00.013 [info] fatal: ref refs/remotes/origin/HEAD is not a symbolic ref
2024-09-26 18:53:31.964 [info] > git config --get commit.template [7ms]
2024-09-26 18:53:31.968 [info] > git for-each-ref --format=%(refname)%00%(upstream:short)%00%(objectname)%00%(upstream:track)%00%(upstream:remotename)%00%(upstream:remoteref) refs/heads/main refs/remotes/main [8ms]
2024-09-26 18:53:32.683 [info] > git status -z -uall [710ms]
2024-09-26 18:53:32.693 [info] > git for-each-ref --format=%(refname)%00%(upstream:short)%00%(objectname)%00%(upstream:track)%00%(upstream:remotename)%00%(upstream:remoteref) refs/heads/main refs/remotes/main [4ms]
2024-09-26 18:53:32.699 [info] > git config --local branch.main.vscode-merge-base [3ms]
2024-09-26 18:53:32.699 [warning] [Git][config] git config failed: Failed to execute git
2024-09-26 18:53:32.707 [info] > git reflog main --grep-reflog=branch: Created from *. [4ms]
2024-09-26 18:53:32.713 [info] > git symbolic-ref --short refs/remotes/origin/HEAD [3ms]
2024-09-26 18:53:32.714 [info] fatal: ref refs/remotes/origin/HEAD is not a symbolic ref
2024-09-26 18:53:37.699 [info] > git config --get commit.template [4ms]
2024-09-26 18:53:37.701 [info] > git for-each-ref --format=%(refname)%00%(upstream:short)%00%(objectname)%00%(upstream:track)%00%(upstream:remotename)%00%(upstream:remoteref) refs/heads/main refs/remotes/main [4ms]
2024-09-26 18:53:39.519 [info] > git status -z -uall [1815ms]
2024-09-26 18:53:39.530 [info] > git for-each-ref --format=%(refname)%00%(upstream:short)%00%(objectname)%00%(upstream:track)%00%(upstream:remotename)%00%(upstream:remoteref) refs/heads/main refs/remotes/main [6ms]
2024-09-26 18:53:39.538 [info] > git config --local branch.main.vscode-merge-base [3ms]
2024-09-26 18:53:39.539 [warning] [Git][config] git config failed: Failed to execute git
2024-09-26 18:53:39.548 [info] > git reflog main --grep-reflog=branch: Created from *. [5ms]
2024-09-26 18:53:39.555 [info] > git symbolic-ref --short refs/remotes/origin/HEAD [3ms]
2024-09-26 18:53:39.556 [info] fatal: ref refs/remotes/origin/HEAD is not a symbolic ref
2024-09-26 18:53:39.938 [info] > git check-ignore -v -z --stdin [6ms]
2024-09-26 18:53:40.693 [info] > git show --textconv :templates/cart.html [5ms]
2024-09-26 18:53:40.698 [info] > git ls-files --stage -- /teamspace/studios/this_studio/templates/cart.html [7ms]
2024-09-26 18:53:44.538 [info] > git config --get commit.template [4ms]
2024-09-26 18:53:44.550 [info] > git for-each-ref --format=%(refname)%00%(upstream:short)%00%(objectname)%00%(upstream:track)%00%(upstream:remotename)%00%(upstream:remoteref) refs/heads/main refs/remotes/main [13ms]
2024-09-26 18:53:46.353 [info] > git status -z -uall [1799ms]
2024-09-26 18:53:46.362 [info] > git for-each-ref --format=%(refname)%00%(upstream:short)%00%(objectname)%00%(upstream:track)%00%(upstream:remotename)%00%(upstream:remoteref) refs/heads/main refs/remotes/main [4ms]
2024-09-26 18:53:46.369 [info] > git config --local branch.main.vscode-merge-base [3ms]
2024-09-26 18:53:46.369 [warning] [Git][config] git config failed: Failed to execute git
2024-09-26 18:53:46.376 [info] > git reflog main --grep-reflog=branch: Created from *. [4ms]
2024-09-26 18:53:46.381 [info] > git symbolic-ref --short refs/remotes/origin/HEAD [3ms]
2024-09-26 18:53:46.381 [info] fatal: ref refs/remotes/origin/HEAD is not a symbolic ref
2024-09-26 18:53:46.888 [info] > git show --textconv :templates/index.html [5ms]
2024-09-26 18:53:46.891 [info] > git ls-files --stage -- /teamspace/studios/this_studio/templates/index.html [5ms]
2024-09-26 18:53:46.897 [info] > git cat-file -s f46c4a9570c6f3df2a7f4abf8f701d061c882321 [3ms]
2024-09-26 18:53:54.645 [info] > git config --get commit.template [3ms]
2024-09-26 18:53:54.648 [info] > git for-each-ref --format=%(refname)%00%(upstream:short)%00%(objectname)%00%(upstream:track)%00%(upstream:remotename)%00%(upstream:remoteref) refs/heads/main refs/remotes/main [4ms]
2024-09-26 18:53:55.617 [info] > git status -z -uall [965ms]
2024-09-26 18:53:55.631 [info] > git for-each-ref --format=%(refname)%00%(upstream:short)%00%(objectname)%00%(upstream:track)%00%(upstream:remotename)%00%(upstream:remoteref) refs/heads/main refs/remotes/main [6ms]
2024-09-26 18:53:55.642 [info] > git config --local branch.main.vscode-merge-base [6ms]
2024-09-26 18:53:55.642 [warning] [Git][config] git config failed: Failed to execute git
2024-09-26 18:53:55.660 [info] > git reflog main --grep-reflog=branch: Created from *. [12ms]
2024-09-26 18:53:55.673 [info] > git symbolic-ref --short refs/remotes/origin/HEAD [4ms]
2024-09-26 18:53:55.673 [info] fatal: ref refs/remotes/origin/HEAD is not a symbolic ref
2024-09-26 18:53:56.453 [info] > git show --textconv :models.py [7ms]
2024-09-26 18:53:56.457 [info] > git ls-files --stage -- /teamspace/studios/this_studio/models.py [5ms]
2024-09-26 18:53:56.467 [info] > git cat-file -s c327bc8d89e5b6979b0fb059007a3688b7b57981 [6ms]
2024-09-26 18:53:57.503 [info] > git fetch [99ms]
2024-09-26 18:53:57.514 [info] > git config --get commit.template [5ms]
2024-09-26 18:53:57.522 [info] > git for-each-ref --format=%(refname)%00%(upstream:short)%00%(objectname)%00%(upstream:track)%00%(upstream:remotename)%00%(upstream:remoteref) refs/heads/main refs/remotes/main [9ms]
2024-09-26 18:53:59.202 [info] > git ls-files --stage -- /teamspace/studios/this_studio/models.py [7ms]
2024-09-26 18:53:59.212 [info] > git cat-file -s c327bc8d89e5b6979b0fb059007a3688b7b57981 [6ms]
2024-09-26 18:53:59.458 [info] > git show --textconv :models.py [12ms]
2024-09-26 18:53:59.718 [info] > git status -z -uall [2189ms]
2024-09-26 18:53:59.734 [info] > git for-each-ref --format=%(refname)%00%(upstream:short)%00%(objectname)%00%(upstream:track)%00%(upstream:remotename)%00%(upstream:remoteref) refs/heads/main refs/remotes/main [12ms]
2024-09-26 18:53:59.742 [info] > git config --local branch.main.vscode-merge-base [3ms]
2024-09-26 18:53:59.742 [warning] [Git][config] git config failed: Failed to execute git
2024-09-26 18:53:59.759 [info] > git reflog main --grep-reflog=branch: Created from *. [14ms]
2024-09-26 18:53:59.766 [info] > git symbolic-ref --short refs/remotes/origin/HEAD [3ms]
2024-09-26 18:53:59.766 [info] fatal: ref refs/remotes/origin/HEAD is not a symbolic ref
2024-09-26 18:54:00.636 [info] > git config --get commit.template [5ms]
2024-09-26 18:54:00.641 [info] > git for-each-ref --format=%(refname)%00%(upstream:short)%00%(objectname)%00%(upstream:track)%00%(upstream:remotename)%00%(upstream:remoteref) refs/heads/main refs/remotes/main [7ms]
2024-09-26 18:54:01.763 [info] > git status -z -uall [1117ms]
2024-09-26 18:54:01.771 [info] > git for-each-ref --format=%(refname)%00%(upstream:short)%00%(objectname)%00%(upstream:track)%00%(upstream:remotename)%00%(upstream:remoteref) refs/heads/main refs/remotes/main [4ms]
2024-09-26 18:54:01.776 [info] > git config --local branch.main.vscode-merge-base [2ms]
2024-09-26 18:54:01.777 [warning] [Git][config] git config failed: Failed to execute git
2024-09-26 18:54:01.784 [info] > git reflog main --grep-reflog=branch: Created from *. [4ms]
2024-09-26 18:54:01.789 [info] > git symbolic-ref --short refs/remotes/origin/HEAD [3ms]
2024-09-26 18:54:01.789 [info] fatal: ref refs/remotes/origin/HEAD is not a symbolic ref
2024-09-26 18:54:10.728 [info] > git config --get commit.template [3ms]
2024-09-26 18:54:10.732 [info] > git for-each-ref --format=%(refname)%00%(upstream:short)%00%(objectname)%00%(upstream:track)%00%(upstream:remotename)%00%(upstream:remoteref) refs/heads/main refs/remotes/main [4ms]
2024-09-26 18:54:11.521 [info] > git status -z -uall [785ms]
2024-09-26 18:54:11.539 [info] > git for-each-ref --format=%(refname)%00%(upstream:short)%00%(objectname)%00%(upstream:track)%00%(upstream:remotename)%00%(upstream:remoteref) refs/heads/main refs/remotes/main [7ms]
2024-09-26 18:54:11.549 [info] > git config --local branch.main.vscode-merge-base [3ms]
2024-09-26 18:54:11.550 [warning] [Git][config] git config failed: Failed to execute git
2024-09-26 18:54:11.562 [info] > git reflog main --grep-reflog=branch: Created from *. [8ms]
2024-09-26 18:54:11.574 [info] > git symbolic-ref --short refs/remotes/origin/HEAD [3ms]
2024-09-26 18:54:11.574 [info] fatal: ref refs/remotes/origin/HEAD is not a symbolic ref
2024-09-26 18:54:16.545 [info] > git config --get commit.template [5ms]
2024-09-26 18:54:16.552 [info] > git for-each-ref --format=%(refname)%00%(upstream:short)%00%(objectname)%00%(upstream:track)%00%(upstream:remotename)%00%(upstream:remoteref) refs/heads/main refs/remotes/main [8ms]
2024-09-26 18:54:17.233 [info] > git status -z -uall [672ms]
2024-09-26 18:54:17.246 [info] > git for-each-ref --format=%(refname)%00%(upstream:short)%00%(objectname)%00%(upstream:track)%00%(upstream:remotename)%00%(upstream:remoteref) refs/heads/main refs/remotes/main [8ms]
2024-09-26 18:54:17.253 [info] > git config --local branch.main.vscode-merge-base [3ms]
2024-09-26 18:54:17.253 [warning] [Git][config] git config failed: Failed to execute git
2024-09-26 18:54:17.261 [info] > git reflog main --grep-reflog=branch: Created from *. [4ms]
2024-09-26 18:54:17.267 [info] > git symbolic-ref --short refs/remotes/origin/HEAD [2ms]
2024-09-26 18:54:17.267 [info] fatal: ref refs/remotes/origin/HEAD is not a symbolic ref
2024-09-26 18:54:31.868 [info] > git config --get commit.template [4ms]
2024-09-26 18:54:31.873 [info] > git for-each-ref --format=%(refname)%00%(upstream:short)%00%(objectname)%00%(upstream:track)%00%(upstream:remotename)%00%(upstream:remoteref) refs/heads/main refs/remotes/main [6ms]
2024-09-26 18:54:32.581 [info] > git status -z -uall [703ms]
2024-09-26 18:54:32.589 [info] > git for-each-ref --format=%(refname)%00%(upstream:short)%00%(objectname)%00%(upstream:track)%00%(upstream:remotename)%00%(upstream:remoteref) refs/heads/main refs/remotes/main [4ms]
2024-09-26 18:54:32.596 [info] > git config --local branch.main.vscode-merge-base [3ms]
2024-09-26 18:54:32.596 [warning] [Git][config] git config failed: Failed to execute git
2024-09-26 18:54:32.604 [info] > git reflog main --grep-reflog=branch: Created from *. [5ms]
2024-09-26 18:54:32.611 [info] > git symbolic-ref --short refs/remotes/origin/HEAD [3ms]
2024-09-26 18:54:32.611 [info] fatal: ref refs/remotes/origin/HEAD is not a symbolic ref
2024-09-26 18:54:34.113 [info] > git show --textconv :templates/index.html [9ms]
2024-09-26 18:54:34.115 [info] > git ls-files --stage -- /teamspace/studios/this_studio/templates/index.html [6ms]
2024-09-26 18:54:34.125 [info] > git cat-file -s f46c4a9570c6f3df2a7f4abf8f701d061c882321 [6ms]
2024-09-26 18:54:35.417 [info] > git show --textconv :app.py [12ms]
2024-09-26 18:54:35.418 [info] > git ls-files --stage -- /teamspace/studios/this_studio/app.py [8ms]
2024-09-26 18:54:35.425 [info] > git cat-file -s 458aee0e11b4bca6f9521cdc5c9ef6643de5cdbb [4ms]
2024-09-26 18:54:37.595 [info] > git config --get commit.template [4ms]
2024-09-26 18:54:37.598 [info] > git for-each-ref --format=%(refname)%00%(upstream:short)%00%(objectname)%00%(upstream:track)%00%(upstream:remotename)%00%(upstream:remoteref) refs/heads/main refs/remotes/main [4ms]
2024-09-26 18:54:39.155 [info] > git status -z -uall [1553ms]
2024-09-26 18:54:39.163 [info] > git for-each-ref --format=%(refname)%00%(upstream:short)%00%(objectname)%00%(upstream:track)%00%(upstream:remotename)%00%(upstream:remoteref) refs/heads/main refs/remotes/main [4ms]
2024-09-26 18:54:39.175 [info] > git config --local branch.main.vscode-merge-base [4ms]
2024-09-26 18:54:39.176 [warning] [Git][config] git config failed: Failed to execute git
2024-09-26 18:54:39.200 [info] > git reflog main --grep-reflog=branch: Created from *. [22ms]
2024-09-26 18:54:39.208 [info] > git symbolic-ref --short refs/remotes/origin/HEAD [5ms]
2024-09-26 18:54:39.208 [info] fatal: ref refs/remotes/origin/HEAD is not a symbolic ref
2024-09-26 18:54:44.175 [info] > git config --get commit.template [8ms]
2024-09-26 18:54:44.180 [info] > git for-each-ref --format=%(refname)%00%(upstream:short)%00%(objectname)%00%(upstream:track)%00%(upstream:remotename)%00%(upstream:remoteref) refs/heads/main refs/remotes/main [7ms]
2024-09-26 18:54:45.629 [info] > git status -z -uall [1442ms]
2024-09-26 18:54:45.638 [info] > git for-each-ref --format=%(refname)%00%(upstream:short)%00%(objectname)%00%(upstream:track)%00%(upstream:remotename)%00%(upstream:remoteref) refs/heads/main refs/remotes/main [5ms]
2024-09-26 18:54:45.644 [info] > git config --local branch.main.vscode-merge-base [3ms]
2024-09-26 18:54:45.644 [warning] [Git][config] git config failed: Failed to execute git
2024-09-26 18:54:45.659 [info] > git reflog main --grep-reflog=branch: Created from *. [11ms]
2024-09-26 18:54:45.665 [info] > git symbolic-ref --short refs/remotes/origin/HEAD [3ms]
2024-09-26 18:54:45.666 [info] fatal: ref refs/remotes/origin/HEAD is not a symbolic ref
2024-09-26 18:54:50.648 [info] > git config --get commit.template [4ms]
2024-09-26 18:54:50.654 [info] > git for-each-ref --format=%(refname)%00%(upstream:short)%00%(objectname)%00%(upstream:track)%00%(upstream:remotename)%00%(upstream:remoteref) refs/heads/main refs/remotes/main [8ms]
2024-09-26 18:54:51.469 [info] > git status -z -uall [811ms]
2024-09-26 18:54:51.477 [info] > git for-each-ref --format=%(refname)%00%(upstream:short)%00%(objectname)%00%(upstream:track)%00%(upstream:remotename)%00%(upstream:remoteref) refs/heads/main refs/remotes/main [4ms]
2024-09-26 18:54:51.482 [info] > git config --local branch.main.vscode-merge-base [2ms]
2024-09-26 18:54:51.482 [warning] [Git][config] git config failed: Failed to execute git
2024-09-26 18:54:51.493 [info] > git reflog main --grep-reflog=branch: Created from *. [8ms]
2024-09-26 18:54:51.499 [info] > git symbolic-ref --short refs/remotes/origin/HEAD [3ms]
2024-09-26 18:54:51.499 [info] fatal: ref refs/remotes/origin/HEAD is not a symbolic ref
2024-09-26 18:54:56.483 [info] > git config --get commit.template [3ms]
2024-09-26 18:54:56.487 [info] > git for-each-ref --format=%(refname)%00%(upstream:short)%00%(objectname)%00%(upstream:track)%00%(upstream:remotename)%00%(upstream:remoteref) refs/heads/main refs/remotes/main [5ms]
2024-09-26 18:54:57.231 [info] > git status -z -uall [735ms]
2024-09-26 18:54:57.239 [info] > git for-each-ref --format=%(refname)%00%(upstream:short)%00%(objectname)%00%(upstream:track)%00%(upstream:remotename)%00%(upstream:remoteref) refs/heads/main refs/remotes/main [4ms]
2024-09-26 18:54:57.246 [info] > git config --local branch.main.vscode-merge-base [2ms]
2024-09-26 18:54:57.246 [warning] [Git][config] git config failed: Failed to execute git
2024-09-26 18:54:57.254 [info] > git reflog main --grep-reflog=branch: Created from *. [4ms]
2024-09-26 18:54:57.259 [info] > git symbolic-ref --short refs/remotes/origin/HEAD [2ms]
2024-09-26 18:54:57.260 [info] fatal: ref refs/remotes/origin/HEAD is not a symbolic ref
2024-09-26 18:55:02.246 [info] > git config --get commit.template [5ms]
2024-09-26 18:55:02.253 [info] > git for-each-ref --format=%(refname)%00%(upstream:short)%00%(objectname)%00%(upstream:track)%00%(upstream:remotename)%00%(upstream:remoteref) refs/heads/main refs/remotes/main [8ms]
2024-09-26 18:55:03.178 [info] > git status -z -uall [920ms]
2024-09-26 18:55:03.205 [info] > git for-each-ref --format=%(refname)%00%(upstream:short)%00%(objectname)%00%(upstream:track)%00%(upstream:remotename)%00%(upstream:remoteref) refs/heads/main refs/remotes/main [23ms]
2024-09-26 18:55:03.213 [info] > git config --local branch.main.vscode-merge-base [3ms]
2024-09-26 18:55:03.215 [warning] [Git][config] git config failed: Failed to execute git
2024-09-26 18:55:03.225 [info] > git reflog main --grep-reflog=branch: Created from *. [5ms]
2024-09-26 18:55:03.233 [info] > git symbolic-ref --short refs/remotes/origin/HEAD [4ms]
2024-09-26 18:55:03.233 [info] fatal: ref refs/remotes/origin/HEAD is not a symbolic ref
2024-09-26 18:55:05.931 [info] > git show --textconv :models.py [18ms]
2024-09-26 18:55:05.936 [info] > git ls-files --stage -- /teamspace/studios/this_studio/models.py [9ms]
2024-09-26 18:55:05.947 [info] > git cat-file -s c327bc8d89e5b6979b0fb059007a3688b7b57981 [4ms]
2024-09-26 18:55:08.191 [info] > git config --get commit.template [4ms]
2024-09-26 18:55:08.202 [info] > git for-each-ref --format=%(refname)%00%(upstream:short)%00%(objectname)%00%(upstream:track)%00%(upstream:remotename)%00%(upstream:remoteref) refs/heads/main refs/remotes/main [12ms]
2024-09-26 18:55:10.001 [info] > git status -z -uall [1794ms]
2024-09-26 18:55:10.015 [info] > git for-each-ref --format=%(refname)%00%(upstream:short)%00%(objectname)%00%(upstream:track)%00%(upstream:remotename)%00%(upstream:remoteref) refs/heads/main refs/remotes/main [8ms]
2024-09-26 18:55:10.032 [info] > git config --local branch.main.vscode-merge-base [3ms]
2024-09-26 18:55:10.032 [warning] [Git][config] git config failed: Failed to execute git
2024-09-26 18:55:10.051 [info] > git reflog main --grep-reflog=branch: Created from *. [16ms]
2024-09-26 18:55:10.059 [info] > git symbolic-ref --short refs/remotes/origin/HEAD [4ms]
2024-09-26 18:55:10.059 [info] fatal: ref refs/remotes/origin/HEAD is not a symbolic ref
2024-09-26 18:55:12.971 [info] > git ls-files --stage -- /teamspace/studios/this_studio/app.py [5ms]
2024-09-26 18:55:13.002 [info] > git show --textconv :app.py [39ms]
2024-09-26 18:55:13.003 [info] > git cat-file -s 458aee0e11b4bca6f9521cdc5c9ef6643de5cdbb [28ms]
2024-09-26 18:55:15.020 [info] > git config --get commit.template [5ms]
2024-09-26 18:55:15.025 [info] > git for-each-ref --format=%(refname)%00%(upstream:short)%00%(objectname)%00%(upstream:track)%00%(upstream:remotename)%00%(upstream:remoteref) refs/heads/main refs/remotes/main [6ms]
2024-09-26 18:55:16.538 [info] > git status -z -uall [1509ms]
2024-09-26 18:55:16.545 [info] > git for-each-ref --format=%(refname)%00%(upstream:short)%00%(objectname)%00%(upstream:track)%00%(upstream:remotename)%00%(upstream:remoteref) refs/heads/main refs/remotes/main [3ms]
2024-09-26 18:55:16.550 [info] > git config --local branch.main.vscode-merge-base [2ms]
2024-09-26 18:55:16.551 [warning] [Git][config] git config failed: Failed to execute git
2024-09-26 18:55:16.556 [info] > git reflog main --grep-reflog=branch: Created from *. [3ms]
2024-09-26 18:55:16.561 [info] > git symbolic-ref --short refs/remotes/origin/HEAD [2ms]
2024-09-26 18:55:16.561 [info] fatal: ref refs/remotes/origin/HEAD is not a symbolic ref
2024-09-26 18:55:25.658 [info] > git config --get commit.template [10ms]
2024-09-26 18:55:25.662 [info] > git for-each-ref --format=%(refname)%00%(upstream:short)%00%(objectname)%00%(upstream:track)%00%(upstream:remotename)%00%(upstream:remoteref) refs/heads/main refs/remotes/main [9ms]
2024-09-26 18:55:26.320 [info] > git status -z -uall [654ms]
2024-09-26 18:55:26.327 [info] > git for-each-ref --format=%(refname)%00%(upstream:short)%00%(objectname)%00%(upstream:track)%00%(upstream:remotename)%00%(upstream:remoteref) refs/heads/main refs/remotes/main [3ms]
2024-09-26 18:55:26.332 [info] > git config --local branch.main.vscode-merge-base [2ms]
2024-09-26 18:55:26.332 [warning] [Git][config] git config failed: Failed to execute git
2024-09-26 18:55:26.338 [info] > git reflog main --grep-reflog=branch: Created from *. [3ms]
2024-09-26 18:55:26.343 [info] > git symbolic-ref --short refs/remotes/origin/HEAD [2ms]
2024-09-26 18:55:26.343 [info] fatal: ref refs/remotes/origin/HEAD is not a symbolic ref
2024-09-26 18:55:31.334 [info] > git config --get commit.template [5ms]
2024-09-26 18:55:31.339 [info] > git for-each-ref --format=%(refname)%00%(upstream:short)%00%(objectname)%00%(upstream:track)%00%(upstream:remotename)%00%(upstream:remoteref) refs/heads/main refs/remotes/main [6ms]
2024-09-26 18:55:31.948 [info] > git status -z -uall [606ms]
2024-09-26 18:55:31.956 [info] > git for-each-ref --format=%(refname)%00%(upstream:short)%00%(objectname)%00%(upstream:track)%00%(upstream:remotename)%00%(upstream:remoteref) refs/heads/main refs/remotes/main [4ms]
2024-09-26 18:55:31.962 [info] > git config --local branch.main.vscode-merge-base [2ms]
2024-09-26 18:55:31.962 [warning] [Git][config] git config failed: Failed to execute git
2024-09-26 18:55:31.969 [info] > git reflog main --grep-reflog=branch: Created from *. [4ms]
2024-09-26 18:55:31.974 [info] > git symbolic-ref --short refs/remotes/origin/HEAD [2ms]
2024-09-26 18:55:31.975 [info] fatal: ref refs/remotes/origin/HEAD is not a symbolic ref
2024-09-26 18:55:36.963 [info] > git config --get commit.template [3ms]
2024-09-26 18:55:36.966 [info] > git for-each-ref --format=%(refname)%00%(upstream:short)%00%(objectname)%00%(upstream:track)%00%(upstream:remotename)%00%(upstream:remoteref) refs/heads/main refs/remotes/main [4ms]
2024-09-26 18:55:37.779 [info] > git status -z -uall [809ms]
2024-09-26 18:55:37.794 [info] > git for-each-ref --format=%(refname)%00%(upstream:short)%00%(objectname)%00%(upstream:track)%00%(upstream:remotename)%00%(upstream:remoteref) refs/heads/main refs/remotes/main [4ms]
2024-09-26 18:55:37.800 [info] > git config --local branch.main.vscode-merge-base [3ms]
2024-09-26 18:55:37.800 [warning] [Git][config] git config failed: Failed to execute git
2024-09-26 18:55:37.807 [info] > git reflog main --grep-reflog=branch: Created from *. [4ms]
2024-09-26 18:55:37.818 [info] > git symbolic-ref --short refs/remotes/origin/HEAD [6ms]
2024-09-26 18:55:37.818 [info] fatal: ref refs/remotes/origin/HEAD is not a symbolic ref
2024-09-26 18:55:42.800 [info] > git config --get commit.template [2ms]
2024-09-26 18:55:42.814 [info] > git for-each-ref --format=%(refname)%00%(upstream:short)%00%(objectname)%00%(upstream:track)%00%(upstream:remotename)%00%(upstream:remoteref) refs/heads/main refs/remotes/main [8ms]
2024-09-26 18:55:45.262 [info] > git status -z -uall [2442ms]
2024-09-26 18:55:45.304 [info] > git for-each-ref --format=%(refname)%00%(upstream:short)%00%(objectname)%00%(upstream:track)%00%(upstream:remotename)%00%(upstream:remoteref) refs/heads/main refs/remotes/main [38ms]
2024-09-26 18:55:45.310 [info] > git config --local branch.main.vscode-merge-base [3ms]
2024-09-26 18:55:45.311 [warning] [Git][config] git config failed: Failed to execute git
2024-09-26 18:55:45.320 [info] > git reflog main --grep-reflog=branch: Created from *. [5ms]
2024-09-26 18:55:45.326 [info] > git symbolic-ref --short refs/remotes/origin/HEAD [4ms]
2024-09-26 18:55:45.327 [info] fatal: ref refs/remotes/origin/HEAD is not a symbolic ref
2024-09-26 18:55:50.276 [info] > git config --get commit.template [4ms]
2024-09-26 18:55:50.302 [info] > git for-each-ref --format=%(refname)%00%(upstream:short)%00%(objectname)%00%(upstream:track)%00%(upstream:remotename)%00%(upstream:remoteref) refs/heads/main refs/remotes/main [25ms]
2024-09-26 18:55:51.624 [info] > git status -z -uall [1316ms]
2024-09-26 18:55:51.634 [info] > git for-each-ref --format=%(refname)%00%(upstream:short)%00%(objectname)%00%(upstream:track)%00%(upstream:remotename)%00%(upstream:remoteref) refs/heads/main refs/remotes/main [4ms]
2024-09-26 18:55:51.640 [info] > git config --local branch.main.vscode-merge-base [3ms]
2024-09-26 18:55:51.640 [warning] [Git][config] git config failed: Failed to execute git
2024-09-26 18:55:51.648 [info] > git reflog main --grep-reflog=branch: Created from *. [3ms]
2024-09-26 18:55:51.653 [info] > git symbolic-ref --short refs/remotes/origin/HEAD [2ms]
2024-09-26 18:55:51.654 [info] fatal: ref refs/remotes/origin/HEAD is not a symbolic ref
2024-09-26 18:55:53.948 [info] > git ls-files --stage -- /teamspace/studios/this_studio/models.py [15ms]
2024-09-26 18:55:53.952 [info] > git show --textconv :models.py [22ms]
2024-09-26 18:55:53.957 [info] > git cat-file -s c327bc8d89e5b6979b0fb059007a3688b7b57981 [5ms]
2024-09-26 18:55:56.639 [info] > git config --get commit.template [3ms]
2024-09-26 18:55:56.642 [info] > git for-each-ref --format=%(refname)%00%(upstream:short)%00%(objectname)%00%(upstream:track)%00%(upstream:remotename)%00%(upstream:remoteref) refs/heads/main refs/remotes/main [4ms]
2024-09-26 18:55:57.230 [info] > git status -z -uall [584ms]
2024-09-26 18:55:57.241 [info] > git for-each-ref --format=%(refname)%00%(upstream:short)%00%(objectname)%00%(upstream:track)%00%(upstream:remotename)%00%(upstream:remoteref) refs/heads/main refs/remotes/main [5ms]
2024-09-26 18:55:57.248 [info] > git config --local branch.main.vscode-merge-base [3ms]
2024-09-26 18:55:57.248 [warning] [Git][config] git config failed: Failed to execute git
2024-09-26 18:55:57.256 [info] > git reflog main --grep-reflog=branch: Created from *. [4ms]
2024-09-26 18:55:57.262 [info] > git symbolic-ref --short refs/remotes/origin/HEAD [3ms]
2024-09-26 18:55:57.262 [info] fatal: ref refs/remotes/origin/HEAD is not a symbolic ref
2024-09-26 18:56:02.245 [info] > git config --get commit.template [2ms]
2024-09-26 18:56:02.248 [info] > git for-each-ref --format=%(refname)%00%(upstream:short)%00%(objectname)%00%(upstream:track)%00%(upstream:remotename)%00%(upstream:remoteref) refs/heads/main refs/remotes/main [4ms]
2024-09-26 18:56:02.827 [info] > git status -z -uall [576ms]
2024-09-26 18:56:02.840 [info] > git for-each-ref --format=%(refname)%00%(upstream:short)%00%(objectname)%00%(upstream:track)%00%(upstream:remotename)%00%(upstream:remoteref) refs/heads/main refs/remotes/main [10ms]
2024-09-26 18:56:02.845 [info] > git config --local branch.main.vscode-merge-base [2ms]
2024-09-26 18:56:02.845 [warning] [Git][config] git config failed: Failed to execute git
2024-09-26 18:56:02.851 [info] > git reflog main --grep-reflog=branch: Created from *. [3ms]
2024-09-26 18:56:02.856 [info] > git symbolic-ref --short refs/remotes/origin/HEAD [3ms]
2024-09-26 18:56:02.856 [info] fatal: ref refs/remotes/origin/HEAD is not a symbolic ref
2024-09-26 18:56:07.839 [info] > git config --get commit.template [3ms]
2024-09-26 18:56:07.843 [info] > git for-each-ref --format=%(refname)%00%(upstream:short)%00%(objectname)%00%(upstream:track)%00%(upstream:remotename)%00%(upstream:remoteref) refs/heads/main refs/remotes/main [5ms]
2024-09-26 18:56:07.902 [info] > git show --textconv :app.py [11ms]
2024-09-26 18:56:07.904 [info] > git ls-files --stage -- /teamspace/studios/this_studio/app.py [10ms]
2024-09-26 18:56:07.912 [info] > git cat-file -s 458aee0e11b4bca6f9521cdc5c9ef6643de5cdbb [4ms]
2024-09-26 18:56:09.700 [info] > git status -z -uall [1853ms]
2024-09-26 18:56:09.710 [info] > git for-each-ref --format=%(refname)%00%(upstream:short)%00%(objectname)%00%(upstream:track)%00%(upstream:remotename)%00%(upstream:remoteref) refs/heads/main refs/remotes/main [6ms]
2024-09-26 18:56:09.717 [info] > git config --local branch.main.vscode-merge-base [3ms]
2024-09-26 18:56:09.717 [warning] [Git][config] git config failed: Failed to execute git
2024-09-26 18:56:09.727 [info] > git reflog main --grep-reflog=branch: Created from *. [7ms]
2024-09-26 18:56:09.733 [info] > git symbolic-ref --short refs/remotes/origin/HEAD [3ms]
2024-09-26 18:56:09.734 [info] fatal: ref refs/remotes/origin/HEAD is not a symbolic ref
2024-09-26 18:56:14.715 [info] > git config --get commit.template [5ms]
2024-09-26 18:56:14.725 [info] > git for-each-ref --format=%(refname)%00%(upstream:short)%00%(objectname)%00%(upstream:track)%00%(upstream:remotename)%00%(upstream:remoteref) refs/heads/main refs/remotes/main [10ms]
2024-09-26 18:56:16.342 [info] > git status -z -uall [1614ms]
2024-09-26 18:56:16.352 [info] > git for-each-ref --format=%(refname)%00%(upstream:short)%00%(objectname)%00%(upstream:track)%00%(upstream:remotename)%00%(upstream:remoteref) refs/heads/main refs/remotes/main [4ms]
2024-09-26 18:56:16.358 [info] > git config --local branch.main.vscode-merge-base [3ms]
2024-09-26 18:56:16.358 [warning] [Git][config] git config failed: Failed to execute git
2024-09-26 18:56:16.365 [info] > git reflog main --grep-reflog=branch: Created from *. [4ms]
2024-09-26 18:56:16.371 [info] > git symbolic-ref --short refs/remotes/origin/HEAD [2ms]
2024-09-26 18:56:16.371 [info] fatal: ref refs/remotes/origin/HEAD is not a symbolic ref
2024-09-26 18:56:21.362 [info] > git config --get commit.template [6ms]
2024-09-26 18:56:21.365 [info] > git for-each-ref --format=%(refname)%00%(upstream:short)%00%(objectname)%00%(upstream:track)%00%(upstream:remotename)%00%(upstream:remoteref) refs/heads/main refs/remotes/main [4ms]
2024-09-26 18:56:22.053 [info] > git status -z -uall [683ms]
2024-09-26 18:56:22.062 [info] > git for-each-ref --format=%(refname)%00%(upstream:short)%00%(objectname)%00%(upstream:track)%00%(upstream:remotename)%00%(upstream:remoteref) refs/heads/main refs/remotes/main [3ms]
2024-09-26 18:56:22.067 [info] > git config --local branch.main.vscode-merge-base [2ms]
2024-09-26 18:56:22.068 [warning] [Git][config] git config failed: Failed to execute git
2024-09-26 18:56:22.075 [info] > git reflog main --grep-reflog=branch: Created from *. [4ms]
2024-09-26 18:56:22.080 [info] > git symbolic-ref --short refs/remotes/origin/HEAD [3ms]
2024-09-26 18:56:22.080 [info] fatal: ref refs/remotes/origin/HEAD is not a symbolic ref
2024-09-26 18:56:31.950 [info] > git config --get commit.template [8ms]
2024-09-26 18:56:31.953 [info] > git for-each-ref --format=%(refname)%00%(upstream:short)%00%(objectname)%00%(upstream:track)%00%(upstream:remotename)%00%(upstream:remoteref) refs/heads/main refs/remotes/main [7ms]
2024-09-26 18:56:32.803 [info] > git status -z -uall [844ms]
2024-09-26 18:56:32.811 [info] > git for-each-ref --format=%(refname)%00%(upstream:short)%00%(objectname)%00%(upstream:track)%00%(upstream:remotename)%00%(upstream:remoteref) refs/heads/main refs/remotes/main [4ms]
2024-09-26 18:56:32.818 [info] > git config --local branch.main.vscode-merge-base [2ms]
2024-09-26 18:56:32.818 [warning] [Git][config] git config failed: Failed to execute git
2024-09-26 18:56:32.826 [info] > git reflog main --grep-reflog=branch: Created from *. [4ms]
2024-09-26 18:56:32.832 [info] > git symbolic-ref --short refs/remotes/origin/HEAD [3ms]
2024-09-26 18:56:32.832 [info] fatal: ref refs/remotes/origin/HEAD is not a symbolic ref
2024-09-26 18:56:37.817 [info] > git config --get commit.template [4ms]
2024-09-26 18:56:37.820 [info] > git for-each-ref --format=%(refname)%00%(upstream:short)%00%(objectname)%00%(upstream:track)%00%(upstream:remotename)%00%(upstream:remoteref) refs/heads/main refs/remotes/main [4ms]
2024-09-26 18:56:38.887 [info] > git check-ignore -v -z --stdin [5ms]
2024-09-26 18:56:39.080 [info] > git show --textconv :templates/transaction_history.html [4ms]
2024-09-26 18:56:39.083 [info] > git ls-files --stage -- /teamspace/studios/this_studio/templates/transaction_history.html [4ms]
2024-09-26 18:56:39.633 [info] > git status -z -uall [1810ms]
2024-09-26 18:56:39.645 [info] > git for-each-ref --format=%(refname)%00%(upstream:short)%00%(objectname)%00%(upstream:track)%00%(upstream:remotename)%00%(upstream:remoteref) refs/heads/main refs/remotes/main [7ms]
2024-09-26 18:56:39.653 [info] > git config --local branch.main.vscode-merge-base [4ms]
2024-09-26 18:56:39.654 [warning] [Git][config] git config failed: Failed to execute git
2024-09-26 18:56:39.699 [info] > git reflog main --grep-reflog=branch: Created from *. [42ms]
2024-09-26 18:56:39.706 [info] > git symbolic-ref --short refs/remotes/origin/HEAD [2ms]
2024-09-26 18:56:39.706 [info] fatal: ref refs/remotes/origin/HEAD is not a symbolic ref
2024-09-26 18:56:44.651 [info] > git config --get commit.template [6ms]
2024-09-26 18:56:44.659 [info] > git for-each-ref --format=%(refname)%00%(upstream:short)%00%(objectname)%00%(upstream:track)%00%(upstream:remotename)%00%(upstream:remoteref) refs/heads/main refs/remotes/main [10ms]
2024-09-26 18:56:45.581 [info] > git show --textconv :app.py [10ms]
2024-09-26 18:56:45.582 [info] > git ls-files --stage -- /teamspace/studios/this_studio/app.py [8ms]
2024-09-26 18:56:45.598 [info] > git cat-file -s 458aee0e11b4bca6f9521cdc5c9ef6643de5cdbb [13ms]
2024-09-26 18:56:46.841 [info] > git status -z -uall [2176ms]
2024-09-26 18:56:46.851 [info] > git for-each-ref --format=%(refname)%00%(upstream:short)%00%(objectname)%00%(upstream:track)%00%(upstream:remotename)%00%(upstream:remoteref) refs/heads/main refs/remotes/main [5ms]
2024-09-26 18:56:46.858 [info] > git config --local branch.main.vscode-merge-base [3ms]
2024-09-26 18:56:46.858 [warning] [Git][config] git config failed: Failed to execute git
2024-09-26 18:56:46.867 [info] > git reflog main --grep-reflog=branch: Created from *. [5ms]
2024-09-26 18:56:46.872 [info] > git symbolic-ref --short refs/remotes/origin/HEAD [2ms]
2024-09-26 18:56:46.872 [info] fatal: ref refs/remotes/origin/HEAD is not a symbolic ref
2024-09-26 18:56:51.854 [info] > git config --get commit.template [3ms]
2024-09-26 18:56:51.861 [info] > git for-each-ref --format=%(refname)%00%(upstream:short)%00%(objectname)%00%(upstream:track)%00%(upstream:remotename)%00%(upstream:remoteref) refs/heads/main refs/remotes/main [8ms]
2024-09-26 18:56:52.524 [info] > git status -z -uall [652ms]
2024-09-26 18:56:52.531 [info] > git for-each-ref --format=%(refname)%00%(upstream:short)%00%(objectname)%00%(upstream:track)%00%(upstream:remotename)%00%(upstream:remoteref) refs/heads/main refs/remotes/main [3ms]
2024-09-26 18:56:52.536 [info] > git config --local branch.main.vscode-merge-base [2ms]
2024-09-26 18:56:52.536 [warning] [Git][config] git config failed: Failed to execute git
2024-09-26 18:56:52.543 [info] > git reflog main --grep-reflog=branch: Created from *. [5ms]
2024-09-26 18:56:52.549 [info] > git symbolic-ref --short refs/remotes/origin/HEAD [2ms]
2024-09-26 18:56:52.549 [info] fatal: ref refs/remotes/origin/HEAD is not a symbolic ref
2024-09-26 18:56:57.282 [info] > git show --textconv :models.py [6ms]
2024-09-26 18:56:57.286 [info] > git ls-files --stage -- /teamspace/studios/this_studio/models.py [8ms]
2024-09-26 18:56:57.292 [info] > git cat-file -s c327bc8d89e5b6979b0fb059007a3688b7b57981 [3ms]
2024-09-26 18:56:57.537 [info] > git config --get commit.template [3ms]
2024-09-26 18:56:57.544 [info] > git for-each-ref --format=%(refname)%00%(upstream:short)%00%(objectname)%00%(upstream:track)%00%(upstream:remotename)%00%(upstream:remoteref) refs/heads/main refs/remotes/main [7ms]
2024-09-26 18:56:59.446 [info] > git status -z -uall [1898ms]
2024-09-26 18:56:59.456 [info] > git for-each-ref --format=%(refname)%00%(upstream:short)%00%(objectname)%00%(upstream:track)%00%(upstream:remotename)%00%(upstream:remoteref) refs/heads/main refs/remotes/main [5ms]
2024-09-26 18:56:59.463 [info] > git config --local branch.main.vscode-merge-base [3ms]
2024-09-26 18:56:59.463 [warning] [Git][config] git config failed: Failed to execute git
2024-09-26 18:56:59.502 [info] > git reflog main --grep-reflog=branch: Created from *. [35ms]
2024-09-26 18:56:59.509 [info] > git symbolic-ref --short refs/remotes/origin/HEAD [4ms]
2024-09-26 18:56:59.510 [info] fatal: ref refs/remotes/origin/HEAD is not a symbolic ref
2024-09-26 18:56:59.836 [info] > git fetch [104ms]
2024-09-26 18:56:59.848 [info] > git config --get commit.template [8ms]
2024-09-26 18:56:59.852 [info] > git for-each-ref --format=%(refname)%00%(upstream:short)%00%(objectname)%00%(upstream:track)%00%(upstream:remotename)%00%(upstream:remoteref) refs/heads/main refs/remotes/main [9ms]
2024-09-26 18:57:01.552 [info] > git ls-files --stage -- /teamspace/studios/this_studio/models.py [8ms]
2024-09-26 18:57:01.597 [info] > git cat-file -s c327bc8d89e5b6979b0fb059007a3688b7b57981 [38ms]
2024-09-26 18:57:01.754 [info] > git status -z -uall [1897ms]
2024-09-26 18:57:01.761 [info] > git for-each-ref --format=%(refname)%00%(upstream:short)%00%(objectname)%00%(upstream:track)%00%(upstream:remotename)%00%(upstream:remoteref) refs/heads/main refs/remotes/main [3ms]
2024-09-26 18:57:01.767 [info] > git config --local branch.main.vscode-merge-base [2ms]
2024-09-26 18:57:01.767 [warning] [Git][config] git config failed: Failed to execute git
2024-09-26 18:57:01.775 [info] > git reflog main --grep-reflog=branch: Created from *. [5ms]
2024-09-26 18:57:01.781 [info] > git symbolic-ref --short refs/remotes/origin/HEAD [2ms]
2024-09-26 18:57:01.781 [info] fatal: ref refs/remotes/origin/HEAD is not a symbolic ref
2024-09-26 18:57:01.837 [info] > git show --textconv :models.py [7ms]
2024-09-26 18:57:02.625 [info] > git show --textconv :app.py [7ms]
2024-09-26 18:57:02.627 [info] > git ls-files --stage -- /teamspace/studios/this_studio/app.py [6ms]
2024-09-26 18:57:02.634 [info] > git cat-file -s 458aee0e11b4bca6f9521cdc5c9ef6643de5cdbb [3ms]
2024-09-26 18:57:04.464 [info] > git config --get commit.template [6ms]
2024-09-26 18:57:04.499 [info] > git for-each-ref --format=%(refname)%00%(upstream:short)%00%(objectname)%00%(upstream:track)%00%(upstream:remotename)%00%(upstream:remoteref) refs/heads/main refs/remotes/main [39ms]
2024-09-26 18:57:06.168 [info] > git status -z -uall [1665ms]
2024-09-26 18:57:06.175 [info] > git for-each-ref --format=%(refname)%00%(upstream:short)%00%(objectname)%00%(upstream:track)%00%(upstream:remotename)%00%(upstream:remoteref) refs/heads/main refs/remotes/main [3ms]
2024-09-26 18:57:06.184 [info] > git config --local branch.main.vscode-merge-base [6ms]
2024-09-26 18:57:06.184 [warning] [Git][config] git config failed: Failed to execute git
2024-09-26 18:57:06.228 [info] > git reflog main --grep-reflog=branch: Created from *. [32ms]
2024-09-26 18:57:06.235 [info] > git symbolic-ref --short refs/remotes/origin/HEAD [2ms]
2024-09-26 18:57:06.236 [info] fatal: ref refs/remotes/origin/HEAD is not a symbolic ref
2024-09-26 18:57:11.181 [info] > git config --get commit.template [3ms]
2024-09-26 18:57:11.184 [info] > git for-each-ref --format=%(refname)%00%(upstream:short)%00%(objectname)%00%(upstream:track)%00%(upstream:remotename)%00%(upstream:remoteref) refs/heads/main refs/remotes/main [3ms]
2024-09-26 18:57:11.740 [info] > git status -z -uall [550ms]
2024-09-26 18:57:11.747 [info] > git for-each-ref --format=%(refname)%00%(upstream:short)%00%(objectname)%00%(upstream:track)%00%(upstream:remotename)%00%(upstream:remoteref) refs/heads/main refs/remotes/main [4ms]
2024-09-26 18:57:11.753 [info] > git config --local branch.main.vscode-merge-base [2ms]
2024-09-26 18:57:11.754 [warning] [Git][config] git config failed: Failed to execute git
2024-09-26 18:57:11.761 [info] > git reflog main --grep-reflog=branch: Created from *. [4ms]
2024-09-26 18:57:11.767 [info] > git symbolic-ref --short refs/remotes/origin/HEAD [3ms]
2024-09-26 18:57:11.767 [info] fatal: ref refs/remotes/origin/HEAD is not a symbolic ref
2024-09-26 18:57:16.752 [info] > git config --get commit.template [4ms]
2024-09-26 18:57:16.755 [info] > git for-each-ref --format=%(refname)%00%(upstream:short)%00%(objectname)%00%(upstream:track)%00%(upstream:remotename)%00%(upstream:remoteref) refs/heads/main refs/remotes/main [4ms]
2024-09-26 18:57:17.323 [info] > git status -z -uall [565ms]
2024-09-26 18:57:17.330 [info] > git for-each-ref --format=%(refname)%00%(upstream:short)%00%(objectname)%00%(upstream:track)%00%(upstream:remotename)%00%(upstream:remoteref) refs/heads/main refs/remotes/main [3ms]
2024-09-26 18:57:17.336 [info] > git config --local branch.main.vscode-merge-base [3ms]
2024-09-26 18:57:17.336 [warning] [Git][config] git config failed: Failed to execute git
2024-09-26 18:57:17.343 [info] > git reflog main --grep-reflog=branch: Created from *. [4ms]
2024-09-26 18:57:17.349 [info] > git symbolic-ref --short refs/remotes/origin/HEAD [3ms]
2024-09-26 18:57:17.349 [info] fatal: ref refs/remotes/origin/HEAD is not a symbolic ref
2024-09-26 18:57:22.336 [info] > git config --get commit.template [4ms]
2024-09-26 18:57:22.340 [info] > git for-each-ref --format=%(refname)%00%(upstream:short)%00%(objectname)%00%(upstream:track)%00%(upstream:remotename)%00%(upstream:remoteref) refs/heads/main refs/remotes/main [4ms]
2024-09-26 18:57:23.747 [info] > git status -z -uall [1401ms]
2024-09-26 18:57:23.757 [info] > git for-each-ref --format=%(refname)%00%(upstream:short)%00%(objectname)%00%(upstream:track)%00%(upstream:remotename)%00%(upstream:remoteref) refs/heads/main refs/remotes/main [6ms]
2024-09-26 18:57:23.763 [info] > git config --local branch.main.vscode-merge-base [2ms]
2024-09-26 18:57:23.764 [warning] [Git][config] git config failed: Failed to execute git
2024-09-26 18:57:23.772 [info] > git reflog main --grep-reflog=branch: Created from *. [4ms]
2024-09-26 18:57:23.777 [info] > git symbolic-ref --short refs/remotes/origin/HEAD [3ms]
2024-09-26 18:57:23.777 [info] fatal: ref refs/remotes/origin/HEAD is not a symbolic ref
2024-09-26 18:58:07.639 [info] > git config --get commit.template [3ms]
2024-09-26 18:58:07.642 [info] > git for-each-ref --format=%(refname)%00%(upstream:short)%00%(objectname)%00%(upstream:track)%00%(upstream:remotename)%00%(upstream:remoteref) refs/heads/main refs/remotes/main [4ms]
2024-09-26 18:58:09.130 [info] > git status -z -uall [1483ms]
2024-09-26 18:58:09.141 [info] > git for-each-ref --format=%(refname)%00%(upstream:short)%00%(objectname)%00%(upstream:track)%00%(upstream:remotename)%00%(upstream:remoteref) refs/heads/main refs/remotes/main [7ms]
2024-09-26 18:58:09.148 [info] > git config --local branch.main.vscode-merge-base [3ms]
2024-09-26 18:58:09.148 [warning] [Git][config] git config failed: Failed to execute git
2024-09-26 18:58:09.157 [info] > git reflog main --grep-reflog=branch: Created from *. [6ms]
2024-09-26 18:58:09.163 [info] > git symbolic-ref --short refs/remotes/origin/HEAD [3ms]
2024-09-26 18:58:09.164 [info] fatal: ref refs/remotes/origin/HEAD is not a symbolic ref
2024-09-26 18:58:17.357 [info] > git show --textconv :templates/transaction_history.html [4ms]
2024-09-26 18:58:17.360 [info] > git ls-files --stage -- /teamspace/studios/this_studio/templates/transaction_history.html [5ms]
2024-09-26 18:58:23.183 [info] > git ls-files --stage -- /teamspace/studios/this_studio/templates/index.html [5ms]
2024-09-26 18:58:23.186 [info] > git show --textconv :templates/index.html [12ms]
2024-09-26 18:58:23.189 [info] > git cat-file -s f46c4a9570c6f3df2a7f4abf8f701d061c882321 [3ms]
2024-09-26 18:58:37.724 [info] > git config --get commit.template [7ms]
2024-09-26 18:58:37.731 [info] > git for-each-ref --format=%(refname)%00%(upstream:short)%00%(objectname)%00%(upstream:track)%00%(upstream:remotename)%00%(upstream:remoteref) refs/heads/main refs/remotes/main [10ms]
2024-09-26 18:58:39.707 [info] > git status -z -uall [1971ms]
2024-09-26 18:58:39.721 [info] > git for-each-ref --format=%(refname)%00%(upstream:short)%00%(objectname)%00%(upstream:track)%00%(upstream:remotename)%00%(upstream:remoteref) refs/heads/main refs/remotes/main [9ms]
2024-09-26 18:58:39.728 [info] > git config --local branch.main.vscode-merge-base [2ms]
2024-09-26 18:58:39.728 [warning] [Git][config] git config failed: Failed to execute git
2024-09-26 18:58:39.737 [info] > git reflog main --grep-reflog=branch: Created from *. [4ms]
2024-09-26 18:58:39.743 [info] > git symbolic-ref --short refs/remotes/origin/HEAD [3ms]
2024-09-26 18:58:39.743 [info] fatal: ref refs/remotes/origin/HEAD is not a symbolic ref
2024-09-26 18:58:40.039 [info] > git show --textconv :app.py [7ms]
2024-09-26 18:58:40.047 [info] > git ls-files --stage -- /teamspace/studios/this_studio/app.py [9ms]
2024-09-26 18:58:40.061 [info] > git cat-file -s 458aee0e11b4bca6f9521cdc5c9ef6643de5cdbb [10ms]
2024-09-26 19:00:01.897 [info] > git fetch [124ms]
2024-09-26 19:00:01.908 [info] > git config --get commit.template [5ms]
2024-09-26 19:00:01.914 [info] > git for-each-ref --format=%(refname)%00%(upstream:short)%00%(objectname)%00%(upstream:track)%00%(upstream:remotename)%00%(upstream:remoteref) refs/heads/main refs/remotes/main [6ms]
2024-09-26 19:00:03.824 [info] > git status -z -uall [1901ms]
2024-09-26 19:00:03.835 [info] > git for-each-ref --format=%(refname)%00%(upstream:short)%00%(objectname)%00%(upstream:track)%00%(upstream:remotename)%00%(upstream:remoteref) refs/heads/main refs/remotes/main [5ms]
2024-09-26 19:00:03.840 [info] > git config --local branch.main.vscode-merge-base [2ms]
2024-09-26 19:00:03.840 [warning] [Git][config] git config failed: Failed to execute git
2024-09-26 19:00:03.850 [info] > git reflog main --grep-reflog=branch: Created from *. [6ms]
2024-09-26 19:00:03.856 [info] > git symbolic-ref --short refs/remotes/origin/HEAD [3ms]
2024-09-26 19:00:03.856 [info] fatal: ref refs/remotes/origin/HEAD is not a symbolic ref
2024-09-26 19:00:07.725 [info] > git ls-files --stage -- /teamspace/studios/this_studio/app.py [6ms]
2024-09-26 19:00:07.733 [info] > git cat-file -s 458aee0e11b4bca6f9521cdc5c9ef6643de5cdbb [4ms]
2024-09-26 19:00:08.000 [info] > git show --textconv :app.py [8ms]
2024-09-26 19:00:10.883 [info] > git ls-files --stage -- /teamspace/studios/this_studio/data_loader.py [6ms]
2024-09-26 19:00:10.899 [info] > git show --textconv :data_loader.py [25ms]
2024-09-26 19:00:10.900 [info] > git cat-file -s 648a2966598bcec3e8b088a89fefa25e818697d9 [14ms]
2024-09-26 19:00:13.338 [info] > git show --textconv :app.py [8ms]
2024-09-26 19:00:13.340 [info] > git ls-files --stage -- /teamspace/studios/this_studio/app.py [6ms]
2024-09-26 19:00:13.353 [info] > git cat-file -s 458aee0e11b4bca6f9521cdc5c9ef6643de5cdbb [9ms]
2024-09-26 19:00:42.185 [info] > git show --textconv :data_loader.py [8ms]
2024-09-26 19:00:42.190 [info] > git ls-files --stage -- /teamspace/studios/this_studio/data_loader.py [10ms]
2024-09-26 19:00:42.197 [info] > git cat-file -s 648a2966598bcec3e8b088a89fefa25e818697d9 [5ms]
2024-09-26 19:01:36.676 [info] > git show --textconv :app.py [9ms]
2024-09-26 19:01:36.680 [info] > git ls-files --stage -- /teamspace/studios/this_studio/app.py [7ms]
2024-09-26 19:01:36.688 [info] > git cat-file -s 458aee0e11b4bca6f9521cdc5c9ef6643de5cdbb [5ms]
2024-09-26 19:03:04.200 [info] > git fetch [87ms]
2024-09-26 19:03:04.208 [info] > git config --get commit.template [3ms]
2024-09-26 19:03:04.212 [info] > git for-each-ref --format=%(refname)%00%(upstream:short)%00%(objectname)%00%(upstream:track)%00%(upstream:remotename)%00%(upstream:remoteref) refs/heads/main refs/remotes/main [5ms]
2024-09-26 19:03:05.087 [info] > git status -z -uall [872ms]
2024-09-26 19:03:05.100 [info] > git for-each-ref --format=%(refname)%00%(upstream:short)%00%(objectname)%00%(upstream:track)%00%(upstream:remotename)%00%(upstream:remoteref) refs/heads/main refs/remotes/main [9ms]
2024-09-26 19:03:05.106 [info] > git config --local branch.main.vscode-merge-base [3ms]
2024-09-26 19:03:05.106 [warning] [Git][config] git config failed: Failed to execute git
2024-09-26 19:03:05.115 [info] > git reflog main --grep-reflog=branch: Created from *. [5ms]
2024-09-26 19:03:05.121 [info] > git symbolic-ref --short refs/remotes/origin/HEAD [3ms]
2024-09-26 19:03:05.121 [info] fatal: ref refs/remotes/origin/HEAD is not a symbolic ref
2024-09-26 19:03:05.927 [info] > git ls-files --stage -- /teamspace/studios/this_studio/app.py [7ms]
2024-09-26 19:03:05.943 [info] > git cat-file -s 458aee0e11b4bca6f9521cdc5c9ef6643de5cdbb [13ms]
2024-09-26 19:03:06.192 [info] > git show --textconv :app.py [16ms]
2024-09-26 19:05:05.307 [info] > git config --get commit.template [4ms]
2024-09-26 19:05:05.311 [info] > git for-each-ref --format=%(refname)%00%(upstream:short)%00%(objectname)%00%(upstream:track)%00%(upstream:remotename)%00%(upstream:remoteref) refs/heads/main refs/remotes/main [5ms]
2024-09-26 19:05:05.817 [info] > git status -z -uall [503ms]
2024-09-26 19:05:05.825 [info] > git for-each-ref --format=%(refname)%00%(upstream:short)%00%(objectname)%00%(upstream:track)%00%(upstream:remotename)%00%(upstream:remoteref) refs/heads/main refs/remotes/main [4ms]
2024-09-26 19:05:05.831 [info] > git config --local branch.main.vscode-merge-base [2ms]
2024-09-26 19:05:05.831 [warning] [Git][config] git config failed: Failed to execute git
2024-09-26 19:05:05.837 [info] > git reflog main --grep-reflog=branch: Created from *. [4ms]
2024-09-26 19:05:05.841 [info] > git symbolic-ref --short refs/remotes/origin/HEAD [2ms]
2024-09-26 19:05:05.841 [info] fatal: ref refs/remotes/origin/HEAD is not a symbolic ref
2024-09-26 19:05:11.637 [info] > git show --textconv :templates/sitemanager.html [5ms]
2024-09-26 19:05:11.640 [info] > git ls-files --stage -- /teamspace/studios/this_studio/templates/sitemanager.html [4ms]
2024-09-26 19:05:11.646 [info] > git cat-file -s 31a58ad1711e83ed9a3c3edddf774c5a2aa3ba3f [3ms]
2024-09-26 19:05:28.833 [info] > git show --textconv :app.py [6ms]
2024-09-26 19:05:28.835 [info] > git ls-files --stage -- /teamspace/studios/this_studio/app.py [6ms]
2024-09-26 19:05:28.841 [info] > git cat-file -s 458aee0e11b4bca6f9521cdc5c9ef6643de5cdbb [3ms]
2024-09-26 19:06:08.844 [info] > git fetch [97ms]
2024-09-26 19:06:08.853 [info] > git config --get commit.template [3ms]
2024-09-26 19:06:08.856 [info] > git for-each-ref --format=%(refname)%00%(upstream:short)%00%(objectname)%00%(upstream:track)%00%(upstream:remotename)%00%(upstream:remoteref) refs/heads/main refs/remotes/main [4ms]
2024-09-26 19:06:09.580 [info] > git status -z -uall [719ms]
2024-09-26 19:06:09.589 [info] > git for-each-ref --format=%(refname)%00%(upstream:short)%00%(objectname)%00%(upstream:track)%00%(upstream:remotename)%00%(upstream:remoteref) refs/heads/main refs/remotes/main [4ms]
2024-09-26 19:06:09.595 [info] > git config --local branch.main.vscode-merge-base [3ms]
2024-09-26 19:06:09.595 [warning] [Git][config] git config failed: Failed to execute git
2024-09-26 19:06:09.607 [info] > git reflog main --grep-reflog=branch: Created from *. [9ms]
2024-09-26 19:06:09.613 [info] > git symbolic-ref --short refs/remotes/origin/HEAD [3ms]
2024-09-26 19:06:09.613 [info] fatal: ref refs/remotes/origin/HEAD is not a symbolic ref
2024-09-26 19:06:10.562 [info] > git ls-files --stage -- /teamspace/studios/this_studio/app.py [5ms]
2024-09-26 19:06:10.568 [info] > git cat-file -s 458aee0e11b4bca6f9521cdc5c9ef6643de5cdbb [3ms]
2024-09-26 19:06:10.802 [info] > git show --textconv :app.py [5ms]
2024-09-26 19:07:18.939 [info] > git show --textconv :templates/base.html [7ms]
2024-09-26 19:07:18.942 [info] > git ls-files --stage -- /teamspace/studios/this_studio/templates/base.html [7ms]
2024-09-26 19:07:18.947 [info] > git cat-file -s 13ed29b0ca57a19c20ece5f93e8cc37f14033607 [3ms]
2024-09-26 19:07:43.659 [info] > git ls-files --stage -- /teamspace/studios/this_studio/app.py [6ms]
2024-09-26 19:07:43.666 [info] > git show --textconv :app.py [17ms]
2024-09-26 19:07:43.698 [info] > git cat-file -s 458aee0e11b4bca6f9521cdc5c9ef6643de5cdbb [33ms]
2024-09-26 19:07:43.862 [info] > git config --get commit.template [6ms]
2024-09-26 19:07:43.865 [info] > git for-each-ref --format=%(refname)%00%(upstream:short)%00%(objectname)%00%(upstream:track)%00%(upstream:remotename)%00%(upstream:remoteref) refs/heads/main refs/remotes/main [5ms]
2024-09-26 19:07:45.698 [info] > git status -z -uall [1829ms]
2024-09-26 19:07:45.716 [info] > git for-each-ref --format=%(refname)%00%(upstream:short)%00%(objectname)%00%(upstream:track)%00%(upstream:remotename)%00%(upstream:remoteref) refs/heads/main refs/remotes/main [12ms]
2024-09-26 19:07:45.724 [info] > git config --local branch.main.vscode-merge-base [3ms]
2024-09-26 19:07:45.724 [warning] [Git][config] git config failed: Failed to execute git
2024-09-26 19:07:45.741 [info] > git reflog main --grep-reflog=branch: Created from *. [14ms]
2024-09-26 19:07:45.752 [info] > git symbolic-ref --short refs/remotes/origin/HEAD [7ms]
2024-09-26 19:07:45.753 [info] fatal: ref refs/remotes/origin/HEAD is not a symbolic ref
2024-09-26 19:08:43.406 [info] > git show --textconv :templates/transaction_history.html [6ms]
2024-09-26 19:08:43.408 [info] > git ls-files --stage -- /teamspace/studios/this_studio/templates/transaction_history.html [6ms]
2024-09-26 19:09:12.747 [info] > git fetch [108ms]
2024-09-26 19:09:12.760 [info] > git config --get commit.template [5ms]
2024-09-26 19:09:12.763 [info] > git for-each-ref --format=%(refname)%00%(upstream:short)%00%(objectname)%00%(upstream:track)%00%(upstream:remotename)%00%(upstream:remoteref) refs/heads/main refs/remotes/main [4ms]
2024-09-26 19:09:14.466 [info] > git ls-files --stage -- /teamspace/studios/this_studio/templates/transaction_history.html [5ms]
2024-09-26 19:09:14.710 [info] > git show --textconv :templates/transaction_history.html [7ms]
2024-09-26 19:09:14.813 [info] > git status -z -uall [2046ms]
2024-09-26 19:09:14.822 [info] > git for-each-ref --format=%(refname)%00%(upstream:short)%00%(objectname)%00%(upstream:track)%00%(upstream:remotename)%00%(upstream:remoteref) refs/heads/main refs/remotes/main [5ms]
2024-09-26 19:09:14.829 [info] > git config --local branch.main.vscode-merge-base [3ms]
2024-09-26 19:09:14.829 [warning] [Git][config] git config failed: Failed to execute git
2024-09-26 19:09:14.839 [info] > git reflog main --grep-reflog=branch: Created from *. [6ms]
2024-09-26 19:09:14.852 [info] > git symbolic-ref --short refs/remotes/origin/HEAD [7ms]
2024-09-26 19:09:14.852 [info] fatal: ref refs/remotes/origin/HEAD is not a symbolic ref
2024-09-26 19:09:17.348 [info] > git show --textconv :app.py [7ms]
2024-09-26 19:09:17.349 [info] > git ls-files --stage -- /teamspace/studios/this_studio/app.py [6ms]
2024-09-26 19:09:17.355 [info] > git cat-file -s 458aee0e11b4bca6f9521cdc5c9ef6643de5cdbb [3ms]
2024-09-26 19:09:44.349 [info] > git show --textconv :templates/base.html [7ms]
2024-09-26 19:09:44.352 [info] > git ls-files --stage -- /teamspace/studios/this_studio/templates/base.html [7ms]
2024-09-26 19:09:44.360 [info] > git cat-file -s 13ed29b0ca57a19c20ece5f93e8cc37f14033607 [5ms]
2024-09-26 19:10:35.075 [info] > git show --textconv :app.py [10ms]
2024-09-26 19:10:35.076 [info] > git ls-files --stage -- /teamspace/studios/this_studio/app.py [7ms]
2024-09-26 19:10:35.082 [info] > git cat-file -s 458aee0e11b4bca6f9521cdc5c9ef6643de5cdbb [3ms]
2024-09-26 19:10:35.896 [info] > git config --get commit.template [8ms]
2024-09-26 19:10:35.902 [info] > git for-each-ref --format=%(refname)%00%(upstream:short)%00%(objectname)%00%(upstream:track)%00%(upstream:remotename)%00%(upstream:remoteref) refs/heads/main refs/remotes/main [6ms]
2024-09-26 19:10:36.599 [info] > git status -z -uall [690ms]
2024-09-26 19:10:36.617 [info] > git for-each-ref --format=%(refname)%00%(upstream:short)%00%(objectname)%00%(upstream:track)%00%(upstream:remotename)%00%(upstream:remoteref) refs/heads/main refs/remotes/main [12ms]
2024-09-26 19:10:36.624 [info] > git config --local branch.main.vscode-merge-base [2ms]
2024-09-26 19:10:36.624 [warning] [Git][config] git config failed: Failed to execute git
2024-09-26 19:10:36.631 [info] > git reflog main --grep-reflog=branch: Created from *. [5ms]
2024-09-26 19:10:36.636 [info] > git symbolic-ref --short refs/remotes/origin/HEAD [2ms]
2024-09-26 19:10:36.636 [info] fatal: ref refs/remotes/origin/HEAD is not a symbolic ref
2024-09-26 19:11:56.803 [info] > git check-ignore -v -z --stdin [17ms]
2024-09-26 19:11:58.069 [info] > git log --format=%H%n%aN%n%aE%n%at%n%ct%n%P%n%D%n%B -z --shortstat --diff-merges=first-parent -n50 --skip=0 --topo-order --decorate=full 34977bf32ae5caeacf2c4079037491f71a053183 [1810ms]
2024-09-26 19:12:00.847 [info] > git log --format=%H%n%aN%n%aE%n%at%n%ct%n%P%n%D%n%B -z --shortstat --diff-merges=first-parent -n50 --skip=0 --topo-order --decorate=full 34977bf32ae5caeacf2c4079037491f71a053183 [2185ms]
2024-09-26 19:12:17.447 [info] > git fetch [83ms]
2024-09-26 19:12:17.456 [info] > git config --get commit.template [5ms]
2024-09-26 19:12:17.459 [info] > git for-each-ref --format=%(refname)%00%(upstream:short)%00%(objectname)%00%(upstream:track)%00%(upstream:remotename)%00%(upstream:remoteref) refs/heads/main refs/remotes/main [4ms]
2024-09-26 19:12:18.801 [info] > git status -z -uall [1338ms]
2024-09-26 19:12:18.815 [info] > git for-each-ref --format=%(refname)%00%(upstream:short)%00%(objectname)%00%(upstream:track)%00%(upstream:remotename)%00%(upstream:remoteref) refs/heads/main refs/remotes/main [6ms]
2024-09-26 19:12:18.824 [info] > git config --local branch.main.vscode-merge-base [4ms]
2024-09-26 19:12:18.824 [warning] [Git][config] git config failed: Failed to execute git
2024-09-26 19:12:18.834 [info] > git reflog main --grep-reflog=branch: Created from *. [6ms]
2024-09-26 19:12:18.841 [info] > git symbolic-ref --short refs/remotes/origin/HEAD [4ms]
2024-09-26 19:12:18.841 [info] fatal: ref refs/remotes/origin/HEAD is not a symbolic ref
