2024-10-02 17:26:10.618 [info] Extension host with pid 16849 started
2024-10-02 17:26:10.618 [error] Error: EEXIST: file already exists, open '/teamspace/studios/this_studio/.vscode-server/data/User/workspaceStorage/60aa20e0dcf133be3fd05e0f1e205c8e/vscode.lock'
2024-10-02 17:26:10.626 [info] Lock '/teamspace/studios/this_studio/.vscode-server/data/User/workspaceStorage/60aa20e0dcf133be3fd05e0f1e205c8e/vscode.lock': Could not acquire lock, checking if the file is stale.
2024-10-02 17:26:10.632 [info] Lock '/teamspace/studios/this_studio/.vscode-server/data/User/workspaceStorage/60aa20e0dcf133be3fd05e0f1e205c8e/vscode.lock': The pid 1642 appears to be gone.
2024-10-02 17:26:10.632 [info] Lock '/teamspace/studios/this_studio/.vscode-server/data/User/workspaceStorage/60aa20e0dcf133be3fd05e0f1e205c8e/vscode.lock': Deleting a stale lock.
2024-10-02 17:26:10.645 [info] Lock '/teamspace/studios/this_studio/.vscode-server/data/User/workspaceStorage/60aa20e0dcf133be3fd05e0f1e205c8e/vscode.lock': Lock acquired.
2024-10-02 17:26:10.959 [info] ExtensionService#_doActivateExtension vscode.tunnel-forwarding, startup: false, activationEvent: 'onTunnel'
2024-10-02 17:26:10.960 [info] ExtensionService#_doActivateExtension vscode.git-base, startup: false, activationEvent: '*', root cause: vscode.git
2024-10-02 17:26:11.628 [info] ExtensionService#_doActivateExtension vscode.git, startup: false, activationEvent: '*'
2024-10-02 17:26:11.636 [info] ExtensionService#_doActivateExtension vscode.github, startup: false, activationEvent: '*'
2024-10-02 17:26:12.069 [info] Eager extensions activated
2024-10-02 17:26:12.069 [info] ExtensionService#_doActivateExtension vscode.debug-auto-launch, startup: false, activationEvent: 'onStartupFinished'
2024-10-02 17:26:12.070 [info] ExtensionService#_doActivateExtension vscode.merge-conflict, startup: false, activationEvent: 'onStartupFinished'
2024-10-02 17:26:12.412 [info] ExtensionService#_doActivateExtension vscode.emmet, startup: false, activationEvent: 'onLanguage'
2024-10-02 17:27:52.309 [info] ExtensionService#_doActivateExtension vscode.configuration-editing, startup: false, activationEvent: 'onLanguage:jsonc'
2024-10-02 17:27:52.310 [info] ExtensionService#_doActivateExtension vscode.json-language-features, startup: false, activationEvent: 'onLanguage:jsonc'
2024-10-02 17:27:52.310 [info] ExtensionService#_doActivateExtension vscode.typescript-language-features, startup: false, activationEvent: 'onLanguage:jsonc'
2024-10-02 17:28:09.937 [info] ExtensionService#_doActivateExtension ms-python.python, startup: false, activationEvent: 'onLanguage:python', root cause: ms-python.debugpy
2024-10-02 17:28:11.101 [info] ExtensionService#_doActivateExtension ms-python.debugpy, startup: false, activationEvent: 'onLanguage:python'
2024-10-02 17:28:11.102 [info] ExtensionService#_doActivateExtension ms-python.vscode-pylance, startup: false, activationEvent: 'onLanguage:python'
