2024-09-28 06:55:13.269 [info] Starting Python Locator /teamspace/studios/this_studio/.vscode-server/extensions/ms-python.python-2024.14.1-linux-x64/python-env-tools/bin/pet server
2024-09-28 06:55:13.269 [info] Discovered manager: (Poetry) /commands/poetry
2024-09-28 06:55:13.269 [info] Discovered manager: (Conda) /home/zeus/miniconda3/bin/conda
2024-09-28 06:55:13.269 [info] Discovered env: /home/zeus/miniconda3/envs/cloudspace/bin/python
2024-09-28 06:55:13.270 [info] Discovered env: /bin/python3
2024-09-28 06:55:13.270 [info] Discovered env: /usr/bin/python3
2024-09-28 06:55:13.270 [info] Locator Conda took 91.857205ms
2024-09-28 06:55:13.270 [info] Locator Homebrew took 156.132µs
2024-09-28 06:55:13.271 [info] Locator LinuxGlobal took 116.532925ms
2024-09-28 06:55:13.271 [info] Locator PipEnv took 347.494µs
2024-09-28 06:55:13.271 [info] Locator Poetry took 1.591424ms
2024-09-28 06:55:13.271 [info] Locator PyEnv took 620.67µs
2024-09-28 06:55:13.272 [info] Locator Venv took 27.084µs
2024-09-28 06:55:13.272 [info] Locator VirtualEnv took 5.355458ms
2024-09-28 06:55:13.272 [info] Locator VirtualEnvWrapper took 21.994µs
2024-09-28 06:55:13.272 [info] Locator GlobalVirtualEnvs took 5.060334ms
2024-09-28 06:55:13.272 [info] Locator Locators took 120.406428ms
2024-09-28 06:55:13.272 [info] Locator Path took 173.95408ms
2024-09-28 06:55:13.272 [info] Locator Workspaces took 101.127005ms
2024-09-28 06:55:13.272 [info] Refresh completed in 174ms
