2024-09-27 06:45:24.608 [info] [Info  - 6:45:24 AM] (2455) Server root directory: file:///teamspace/studios/this_studio/.vscode-server/extensions/ms-python.vscode-pylance-2024.9.2/dist
2024-09-27 06:45:24.608 [info] [Info  - 6:45:24 AM] (2455) Pylance language server 2024.9.2 (pyright version 1.1.378, commit ce64adc1) starting
2024-09-27 06:45:24.610 [info] [Info  - 6:45:24 AM] (2455) Starting service instance "this_studio"
2024-09-27 06:45:24.706 [info] [Info  - 6:45:24 AM] (2455) Setting environmentName for service "this_studio": "3.10.10 (cloudspace conda)"
2024-09-27 06:45:24.707 [info] [Info  - 6:45:24 AM] (2455) Setting pythonPath for service "this_studio": "/home/zeus/miniconda3/envs/cloudspace/bin/python"
2024-09-27 06:45:24.708 [info] [Info  - 6:45:24 AM] (2455) No include entries specified; assuming /teamspace/studios/this_studio
2024-09-27 06:45:24.708 [info] [Info  - 6:45:24 AM] (2455) Auto-excluding **/node_modules
2024-09-27 06:45:24.709 [info] [Info  - 6:45:24 AM] (2455) Auto-excluding **/__pycache__
2024-09-27 06:45:24.709 [info] [Info  - 6:45:24 AM] (2455) Auto-excluding **/.*
2024-09-27 06:45:24.738 [info] [Info  - 6:45:24 AM] (2455) Assuming Python version 3.10.10.final.0
2024-09-27 06:45:25.210 [info] [Info  - 6:45:25 AM] (2455) Found 5 source files
2024-09-27 06:45:25.650 [info] [Info  - 6:45:25 AM] (2455) Background analysis(1) root directory: file:///teamspace/studios/this_studio/.vscode-server/extensions/ms-python.vscode-pylance-2024.9.2/dist
2024-09-27 06:45:25.650 [info] [Info  - 6:45:25 AM] (2455) Background analysis(1) started
2024-09-27 06:45:25.790 [info] [Info  - 6:45:25 AM] (2455) Indexer background runner(2) root directory: file:///teamspace/studios/this_studio/.vscode-server/extensions/ms-python.vscode-pylance-2024.9.2/dist (index)
2024-09-27 06:45:25.791 [info] [Info  - 6:45:25 AM] (2455) Indexing(2) started
2024-09-27 06:45:27.380 [info] [Info  - 6:45:27 AM] (2455) scanned(2) 377 files over 1 exec env
2024-09-27 06:45:27.934 [info] [Info  - 6:45:27 AM] (2455) indexed(2) 309 files over 1 exec env
2024-09-27 06:45:28.184 [info] [Info  - 6:45:28 AM] (2455) Indexing finished(2).
2024-09-27 06:45:28.502 [info] [Info  - 6:45:28 AM] (2455) [BG(1)] Long operation: checking: file:///teamspace/studios/this_studio/app.py (2430ms)
2024-09-27 06:45:28.507 [info] [Info  - 6:45:28 AM] (2455) [BG(1)] Long operation: analyzing: file:///teamspace/studios/this_studio/app.py (2853ms)
2024-09-27 06:45:34.989 [info] (Client) The existing extension didn't exit within 10 seconds. New instance will start, but you might encounter issues.
2024-09-27 06:45:34.989 [info] (Client) Pylance async client (2024.9.2) started with python extension (2024.14.1)
2024-09-27 06:48:47.562 [info] [Info  - 6:48:47 AM] (2455) Setting environmentName for service "this_studio": "3.10.10 (cloudspace conda)"
2024-09-27 06:48:47.563 [info] [Info  - 6:48:47 AM] (2455) Setting pythonPath for service "this_studio": "/home/zeus/miniconda3/envs/cloudspace/bin/python"
2024-09-27 06:48:47.564 [info] [Info  - 6:48:47 AM] (2455) No include entries specified; assuming /teamspace/studios/this_studio
2024-09-27 06:48:47.564 [info] [Info  - 6:48:47 AM] (2455) Auto-excluding **/node_modules
2024-09-27 06:48:47.564 [info] [Info  - 6:48:47 AM] (2455) Auto-excluding **/__pycache__
2024-09-27 06:48:47.564 [info] [Info  - 6:48:47 AM] (2455) Auto-excluding **/.*
2024-09-27 06:48:47.582 [info] [Info  - 6:48:47 AM] (2455) Assuming Python version 3.10.10.final.0
2024-09-27 06:48:47.772 [info] [Info  - 6:48:47 AM] (2455) Found 5 source files
2024-09-27 06:48:48.330 [info] [Info  - 6:48:48 AM] (2455) Indexer background runner(3) root directory: file:///teamspace/studios/this_studio/.vscode-server/extensions/ms-python.vscode-pylance-2024.9.2/dist (index)
2024-09-27 06:48:48.331 [info] [Info  - 6:48:48 AM] (2455) Indexing(3) started
2024-09-27 06:48:50.003 [info] [Info  - 6:48:50 AM] (2455) scanned(3) 377 files over 1 exec env
2024-09-27 06:48:50.768 [info] [Info  - 6:48:50 AM] (2455) indexed(3) 309 files over 1 exec env
2024-09-27 06:48:51.064 [info] [Info  - 6:48:51 AM] (2455) [BG(1)] Long operation: checking: file:///teamspace/studios/this_studio/app.py (2559ms)
2024-09-27 06:48:51.064 [info] [Info  - 6:48:51 AM] (2455) [BG(1)] Long operation: analyzing: file:///teamspace/studios/this_studio/app.py (3062ms)
2024-09-27 06:48:51.065 [info] [Info  - 6:48:51 AM] (2455) Indexing finished(3).
